2025-10-25 11:12:28.117 [main] INFO  com.rs.mv.mvvs.Startup - [LSP:100101]ROCKET MV BASIC EXTENSION to start
2025-10-25 11:12:28.176 [main] INFO  com.rs.mv.mvvs.lsp.server.BasicLanguageServerLauncher - [LSP:100102]start pip server
2025-10-25 11:12:28.478 [main] INFO  com.rs.mv.mvvs.lsp.server.BasicLanguageServerLauncher - [LSP:100103]ROCKET MV BASIC EXTENSION start successful
2025-10-25 11:12:28.674 [pool-3-thread-1] INFO  com.rs.mv.mvvs.instance.workspace.WorkspaceManager - [workspace:200101]load all workspace folders start
2025-10-25 11:12:28.677 [pool-3-thread-1] INFO  com.rs.mv.mvvs.instance.workspace.WorkspaceManager - [workspace:20010201]root uri: file:///c%3A/Users/Usuario/OneDrive/Ana%20Ruth%20Zam/Ruth%20Zambrano
2025-10-25 11:12:28.677 [pool-3-thread-1] INFO  com.rs.mv.mvvs.instance.workspace.handler.FolderHandler - [workspace:200103]workspace contains workspace folder: file:///c%3A/Users/Usuario/OneDrive/Ana%20Ruth%20Zam/Ruth%20Zambrano
2025-10-25 11:12:28.722 [pool-3-thread-1] INFO  com.rs.mv.mvvs.instance.workspace.handler.FolderHandler - [workspace:200104]workspace folder will be cached: file:///c%3A/Users/Usuario/OneDrive/Ana%20Ruth%20Zam/Ruth%20Zambrano
2025-10-25 11:12:28.727 [pool-3-thread-1] INFO  com.rs.mv.mvvs.rmv.config.Config - [framework:30010101]config load start
2025-10-25 11:12:28.727 [pool-3-thread-1] INFO  com.rs.mv.mvvs.rmv.config.Config - [framework:30010102]project config path is : C:/Users/Usuario/OneDrive/Ana Ruth Zam/Ruth Zambrano/.rmv/config
2025-10-25 11:12:28.727 [pool-3-thread-1] INFO  com.rs.mv.mvvs.rmv.config.Config - [framework:30010103]resource config path is : /
2025-10-25 11:12:28.727 [pool-3-thread-1] INFO  com.rs.mv.mvvs.rmv.config.Config - [framework:30010104]user config path is : C:/Users/Usuario
2025-10-25 11:12:28.765 [pool-3-thread-1] INFO  com.rs.mv.mvvs.rmv.config.Config - [framework:30010105]config load end
2025-10-25 11:12:28.765 [pool-3-thread-1] INFO  com.rs.mv.mvvs.rmv.documentation.BasicDocumentation - [framework:30020101]documentation load start
2025-10-25 11:12:28.776 [pool-3-thread-1] INFO  com.rs.mv.mvvs.rmv.documentation.reader.SystemDocReader - [framework:30020102]system documentation path: /documentation/UNIVERSE/
2025-10-25 11:12:28.782 [pool-3-thread-1] INFO  com.rs.mv.mvvs.rmv.documentation.reader.ProjectDocReader - [framework:30020103]project documentation brief file: C:\Users\Usuario\OneDrive\Ana Ruth Zam\Ruth Zambrano\.rmv\documentation\UNIVERSE\custom.json
2025-10-25 11:12:28.792 [pool-3-thread-1] INFO  com.rs.mv.mvvs.rmv.documentation.reader.UserDocReader - [framework:30020104]user documentation brief file: C:\Users\Usuario\documentation\UNIVERSE\custom.json
2025-10-25 11:12:28.959 [pool-3-thread-1] INFO  com.rs.mv.mvvs.rmv.documentation.BasicDocumentation - [framework:30020105]documentation load end
2025-10-25 11:12:28.968 [pool-3-thread-1] INFO  com.rs.mv.mvvs.common.convertor.ConvertorManager - [framework:30030101]convertors for folder(C:/Users/Usuario/OneDrive/Ana Ruth Zam/Ruth Zambrano) load start
2025-10-25 11:12:28.984 [pool-3-thread-1] INFO  com.rs.mv.mvvs.common.convertor.ConvertorManager - [framework:30030102]comment convertor load finish
2025-10-25 11:12:29.253 [pool-3-thread-1] INFO  com.rs.mv.mvvs.common.convertor.ConvertorManager - [framework:30030103]keyword convertor load finish
2025-10-25 11:12:29.263 [pool-3-thread-1] INFO  com.rs.mv.mvvs.common.convertor.ConvertorManager - [framework:30030104]operator convertor load finish
2025-10-25 11:12:29.263 [pool-3-thread-1] INFO  com.rs.mv.mvvs.common.convertor.ConvertorManager - [framework:30030105]function name convertor load finish
2025-10-25 11:12:29.263 [pool-3-thread-1] INFO  com.rs.mv.mvvs.common.convertor.ConvertorManager - [framework:30030106]atVariable convertor load finish
2025-10-25 11:12:29.269 [pool-3-thread-1] INFO  com.rs.mv.mvvs.common.convertor.ConvertorManager - [framework:30030107]convertors for folder(C:/Users/Usuario/OneDrive/Ana Ruth Zam/Ruth Zambrano) load end
2025-10-25 11:12:29.272 [pool-3-thread-1] INFO  com.rs.mv.mvvs.rmv.config.CapabilityConfig - [framework:30010301]capabilities file(C:/Users/Usuario/OneDrive/Ana Ruth Zam/Ruth Zambrano/config/capability) doesn't exist or read error, default config will take effect
2025-10-25 11:12:29.276 [pool-3-thread-1] INFO  com.rs.mv.mvvs.instance.workspace.WorkspaceManager - [workspace:200105]load all workspace folders successful
2025-10-25 11:12:29.276 [pool-3-thread-1] INFO  com.rs.mv.mvvs.client.account.AccountManager - [client:40010101]load account manager start
2025-10-25 11:12:29.309 [pool-3-thread-1] INFO  com.rs.mv.mvvs.client.account.handler.CacheAccountHandler - [client:40010102]load cache account: 
2025-10-25 11:12:29.315 [pool-3-thread-1] INFO  com.rs.mv.mvvs.client.account.handler.ExternalAccountHandler - [client:40010103]load external account: 
2025-10-25 11:12:29.499 [pool-3-thread-1] INFO  com.rs.mv.mvvs.client.catalog.manager.U2CatalogManager - [client:400203]cache file auto update thread launch in Ruth Zambrano account
2025-10-25 11:12:29.533 [pool-3-thread-1] INFO  com.rs.mv.mvvs.client.catalog.from.config.DirsConfigReader - [client:400206]parse dir config information
2025-10-25 11:12:29.549 [pool-3-thread-1] INFO  com.rs.mv.mvvs.client.catalog.from.config.MappingConfigReader - [client:400207]parse mapping config information
2025-10-25 11:12:29.549 [pool-3-thread-1] INFO  com.rs.mv.mvvs.client.catalog.manager.U2CatalogManager - [client:400202]start a schedule task to get global/local catalog for Ruth Zambrano, its period 5s 
2025-10-25 11:12:29.560 [pool-3-thread-1] INFO  com.rs.mv.mvvs.client.catalog.manager.U2CatalogManager - [client:400203]cache file auto update thread launch in .git account
2025-10-25 11:12:29.560 [pool-3-thread-1] INFO  com.rs.mv.mvvs.client.catalog.from.config.DirsConfigReader - [client:400206]parse dir config information
2025-10-25 11:12:29.560 [pool-3-thread-1] INFO  com.rs.mv.mvvs.client.catalog.from.config.MappingConfigReader - [client:400207]parse mapping config information
2025-10-25 11:12:29.560 [pool-3-thread-1] INFO  com.rs.mv.mvvs.client.catalog.manager.U2CatalogManager - [client:400202]start a schedule task to get global/local catalog for .git, its period 5s 
2025-10-25 11:12:29.568 [pool-3-thread-1] INFO  com.rs.mv.mvvs.client.catalog.manager.U2CatalogManager - [client:400203]cache file auto update thread launch in logs account
2025-10-25 11:12:29.568 [pool-3-thread-1] INFO  com.rs.mv.mvvs.client.catalog.from.config.DirsConfigReader - [client:400206]parse dir config information
2025-10-25 11:12:29.571 [pool-3-thread-1] INFO  com.rs.mv.mvvs.client.catalog.from.config.MappingConfigReader - [client:400207]parse mapping config information
2025-10-25 11:12:29.574 [pool-3-thread-1] INFO  com.rs.mv.mvvs.client.catalog.manager.U2CatalogManager - [client:400202]start a schedule task to get global/local catalog for logs, its period 5s 
2025-10-25 11:12:29.577 [pool-3-thread-1] INFO  com.rs.mv.mvvs.client.catalog.manager.U2CatalogManager - [client:400203]cache file auto update thread launch in refs account
2025-10-25 11:12:29.580 [pool-3-thread-1] INFO  com.rs.mv.mvvs.client.catalog.from.config.DirsConfigReader - [client:400206]parse dir config information
2025-10-25 11:12:29.580 [pool-3-thread-1] INFO  com.rs.mv.mvvs.client.catalog.from.config.MappingConfigReader - [client:400207]parse mapping config information
2025-10-25 11:12:29.580 [pool-3-thread-1] INFO  com.rs.mv.mvvs.client.catalog.manager.U2CatalogManager - [client:400202]start a schedule task to get global/local catalog for refs, its period 5s 
2025-10-25 11:12:29.586 [pool-3-thread-1] INFO  com.rs.mv.mvvs.client.catalog.manager.U2CatalogManager - [client:400203]cache file auto update thread launch in remotes account
2025-10-25 11:12:29.588 [pool-3-thread-1] INFO  com.rs.mv.mvvs.client.catalog.from.config.DirsConfigReader - [client:400206]parse dir config information
2025-10-25 11:12:29.588 [pool-3-thread-1] INFO  com.rs.mv.mvvs.client.catalog.from.config.MappingConfigReader - [client:400207]parse mapping config information
2025-10-25 11:12:29.594 [pool-3-thread-1] INFO  com.rs.mv.mvvs.client.catalog.manager.U2CatalogManager - [client:400202]start a schedule task to get global/local catalog for remotes, its period 5s 
2025-10-25 11:12:29.597 [pool-3-thread-1] INFO  com.rs.mv.mvvs.client.catalog.manager.U2CatalogManager - [client:400203]cache file auto update thread launch in objects account
2025-10-25 11:12:29.600 [pool-3-thread-1] INFO  com.rs.mv.mvvs.client.catalog.from.config.DirsConfigReader - [client:400206]parse dir config information
2025-10-25 11:12:29.600 [pool-3-thread-1] INFO  com.rs.mv.mvvs.client.catalog.from.config.MappingConfigReader - [client:400207]parse mapping config information
2025-10-25 11:12:29.601 [pool-3-thread-1] INFO  com.rs.mv.mvvs.client.catalog.manager.U2CatalogManager - [client:400202]start a schedule task to get global/local catalog for objects, its period 5s 
2025-10-25 11:12:29.603 [pool-3-thread-1] INFO  com.rs.mv.mvvs.client.catalog.manager.U2CatalogManager - [client:400203]cache file auto update thread launch in refs account
2025-10-25 11:12:29.603 [pool-3-thread-1] INFO  com.rs.mv.mvvs.client.catalog.from.config.DirsConfigReader - [client:400206]parse dir config information
2025-10-25 11:12:29.605 [pool-3-thread-1] INFO  com.rs.mv.mvvs.client.catalog.from.config.MappingConfigReader - [client:400207]parse mapping config information
2025-10-25 11:12:29.606 [pool-3-thread-1] INFO  com.rs.mv.mvvs.client.catalog.manager.U2CatalogManager - [client:400202]start a schedule task to get global/local catalog for refs, its period 5s 
2025-10-25 11:12:29.612 [pool-3-thread-1] INFO  com.rs.mv.mvvs.client.catalog.manager.U2CatalogManager - [client:400203]cache file auto update thread launch in remotes account
2025-10-25 11:12:29.614 [pool-3-thread-1] INFO  com.rs.mv.mvvs.client.catalog.from.config.DirsConfigReader - [client:400206]parse dir config information
2025-10-25 11:12:29.614 [pool-3-thread-1] INFO  com.rs.mv.mvvs.client.catalog.from.config.MappingConfigReader - [client:400207]parse mapping config information
2025-10-25 11:12:29.616 [pool-3-thread-1] INFO  com.rs.mv.mvvs.client.catalog.manager.U2CatalogManager - [client:400202]start a schedule task to get global/local catalog for remotes, its period 5s 
2025-10-25 11:12:29.630 [pool-3-thread-1] INFO  com.rs.mv.mvvs.client.account.handler.ServerAccountHandler - [client:40010104]load server account: Account{name=Ruth Zambrano, path=C:/Users/Usuario/OneDrive/Ana Ruth Zam/Ruth Zambrano, type=PREDICT}
Account{name=remotes, path=C:/Users/Usuario/OneDrive/Ana Ruth Zam/Ruth Zambrano/.git/logs/refs/remotes, type=PREDICT}
Account{name=refs, path=C:/Users/Usuario/OneDrive/Ana Ruth Zam/Ruth Zambrano/.git/refs, type=PREDICT}
Account{name=.git, path=C:/Users/Usuario/OneDrive/Ana Ruth Zam/Ruth Zambrano/.git, type=PREDICT}
Account{name=remotes, path=C:/Users/Usuario/OneDrive/Ana Ruth Zam/Ruth Zambrano/.git/refs/remotes, type=PREDICT}
Account{name=logs, path=C:/Users/Usuario/OneDrive/Ana Ruth Zam/Ruth Zambrano/.git/logs, type=PREDICT}
Account{name=refs, path=C:/Users/Usuario/OneDrive/Ana Ruth Zam/Ruth Zambrano/.git/logs/refs, type=PREDICT}
Account{name=objects, path=C:/Users/Usuario/OneDrive/Ana Ruth Zam/Ruth Zambrano/.git/objects, type=PREDICT}
2025-10-25 11:12:29.631 [pool-3-thread-1] INFO  com.rs.mv.mvvs.client.account.AccountManager - [client:40010105]load account manager finish
2025-10-25 11:12:29.633 [pool-3-thread-1] INFO  com.rs.mv.mvvs.instance.userspace.UserspaceManager - [framework:30010402]config file(C:\Users\Usuario/.rmv/config) watcher launch successful
2025-10-25 11:12:33.542 [pool-3-thread-1] INFO  com.rs.mv.mvvs.client.catalog.from.scan.CurrentPathScanner - [client:400205]scan file in current open file directory(C:/Users/Usuario/OneDrive/Ana Ruth Zam/Ruth Zambrano/pagina web.html)
2025-10-25 11:12:39.976 [pool-3-thread-1] INFO  com.rs.mv.mvvs.client.catalog.from.scan.CurrentPathScanner - [client:400205]scan file in current open file directory(C:/Users/Usuario/OneDrive/Ana Ruth Zam/Ruth Zambrano/pagina web.html)
2025-10-25 11:12:44.463 [pool-3-thread-1] INFO  com.rs.mv.mvvs.client.catalog.from.scan.CurrentPathScanner - [client:400205]scan file in current open file directory(C:/Users/Usuario/OneDrive/Ana Ruth Zam/Ruth Zambrano/pagina web.html)
2025-10-25 11:15:44.038 [pool-3-thread-1] INFO  com.rs.mv.mvvs.client.catalog.from.scan.CurrentPathScanner - [client:400205]scan file in current open file directory(C:/Users/Usuario/OneDrive/Ana Ruth Zam/Ruth Zambrano/tabla.html)
2025-10-25 11:18:38.704 [pool-3-thread-1] INFO  com.rs.mv.mvvs.client.catalog.from.scan.CurrentPathScanner - [client:400205]scan file in current open file directory(C:/Users/Usuario/OneDrive/Ana Ruth Zam/Ruth Zambrano/# estilos.css)
2025-10-25 11:33:38.253 [pool-3-thread-1] INFO  com.rs.mv.mvvs.client.catalog.from.scan.CurrentPathScanner - [client:400205]scan file in current open file directory(C:/Users/Usuario/OneDrive/Ana Ruth Zam/Ruth Zambrano/pagina web.html)
2025-10-25 11:36:53.648 [pool-3-thread-1] INFO  com.rs.mv.mvvs.client.catalog.from.scan.CurrentPathScanner - [client:400205]scan file in current open file directory(C:/Users/Usuario/OneDrive/Ana Ruth Zam/Ruth Zambrano/pagina web.html)
2025-10-25 11:37:59.581 [pool-3-thread-1] INFO  com.rs.mv.mvvs.client.catalog.from.scan.CurrentPathScanner - [client:400205]scan file in current open file directory(C:/Users/Usuario/OneDrive/Ana Ruth Zam/Ruth Zambrano/pagina web.html)
2025-10-25 11:39:01.109 [pool-3-thread-1] INFO  com.rs.mv.mvvs.client.catalog.from.scan.CurrentPathScanner - [client:400205]scan file in current open file directory(C:/Users/Usuario/OneDrive/Ana Ruth Zam/Ruth Zambrano/# estilos.css)
2025-10-25 11:39:02.463 [pool-3-thread-1] INFO  com.rs.mv.mvvs.client.catalog.from.scan.CurrentPathScanner - [client:400205]scan file in current open file directory(C:/Users/Usuario/OneDrive/Ana Ruth Zam/Ruth Zambrano/# estilos.css)
2025-10-25 11:39:05.424 [pool-3-thread-1] INFO  com.rs.mv.mvvs.client.catalog.from.scan.CurrentPathScanner - [client:400205]scan file in current open file directory(C:/Users/Usuario/OneDrive/Ana Ruth Zam/Ruth Zambrano/pagina web.html)
2025-10-25 11:39:07.283 [pool-3-thread-1] INFO  com.rs.mv.mvvs.client.catalog.from.scan.CurrentPathScanner - [client:400205]scan file in current open file directory(C:/Users/Usuario/OneDrive/Ana Ruth Zam/Ruth Zambrano/pagina web.html)
2025-10-25 11:46:43.062 [pool-3-thread-1] INFO  com.rs.mv.mvvs.client.catalog.from.scan.CurrentPathScanner - [client:400205]scan file in current open file directory(C:/Users/Usuario/OneDrive/Ana Ruth Zam/Ruth Zambrano/pagina web.html)
2025-10-25 11:49:37.566 [main] WARN  com.rs.mv.mvvs.Startup - [LSP:100104]ROCKET MV BASIC EXTENSION exited
