2025-11-07 13:09:05.801 [main] INFO  com.rs.mv.mvvs.Startup - [LSP:100101]ROCKET MV BASIC EXTENSION to start
2025-11-07 13:09:05.884 [main] INFO  com.rs.mv.mvvs.lsp.server.BasicLanguageServerLauncher - [LSP:100102]start pip server
2025-11-07 13:09:06.130 [main] INFO  com.rs.mv.mvvs.lsp.server.BasicLanguageServerLauncher - [LSP:100103]ROCKET MV BASIC EXTENSION start successful
2025-11-07 13:09:06.378 [pool-3-thread-1] INFO  com.rs.mv.mvvs.instance.workspace.WorkspaceManager - [workspace:200101]load all workspace folders start
2025-11-07 13:09:06.381 [pool-3-thread-1] INFO  com.rs.mv.mvvs.instance.workspace.WorkspaceManager - [workspace:20010201]root uri: file:///c%3A/Users/Usuario/OneDrive/Ana%20Ruth%20Zam/Ruth%20Zambrano
2025-11-07 13:09:06.383 [pool-3-thread-1] INFO  com.rs.mv.mvvs.instance.workspace.handler.FolderHandler - [workspace:200103]workspace contains workspace folder: file:///c%3A/Users/Usuario/OneDrive/Ana%20Ruth%20Zam/Ruth%20Zambrano
2025-11-07 13:09:06.432 [pool-3-thread-1] INFO  com.rs.mv.mvvs.instance.workspace.handler.FolderHandler - [workspace:200104]workspace folder will be cached: file:///c%3A/Users/Usuario/OneDrive/Ana%20Ruth%20Zam/Ruth%20Zambrano
2025-11-07 13:09:06.435 [pool-3-thread-1] INFO  com.rs.mv.mvvs.rmv.config.Config - [framework:30010101]config load start
2025-11-07 13:09:06.435 [pool-3-thread-1] INFO  com.rs.mv.mvvs.rmv.config.Config - [framework:30010102]project config path is : C:/Users/Usuario/OneDrive/Ana Ruth Zam/Ruth Zambrano/.rmv/config
2025-11-07 13:09:06.435 [pool-3-thread-1] INFO  com.rs.mv.mvvs.rmv.config.Config - [framework:30010103]resource config path is : /
2025-11-07 13:09:06.442 [pool-3-thread-1] INFO  com.rs.mv.mvvs.rmv.config.Config - [framework:30010104]user config path is : C:/Users/Usuario
2025-11-07 13:09:06.484 [pool-3-thread-1] INFO  com.rs.mv.mvvs.rmv.config.Config - [framework:30010105]config load end
2025-11-07 13:09:06.489 [pool-3-thread-1] INFO  com.rs.mv.mvvs.rmv.documentation.BasicDocumentation - [framework:30020101]documentation load start
2025-11-07 13:09:06.491 [pool-3-thread-1] INFO  com.rs.mv.mvvs.rmv.documentation.reader.SystemDocReader - [framework:30020102]system documentation path: /documentation/UNIVERSE/
2025-11-07 13:09:06.498 [pool-3-thread-1] INFO  com.rs.mv.mvvs.rmv.documentation.reader.ProjectDocReader - [framework:30020103]project documentation brief file: C:\Users\Usuario\OneDrive\Ana Ruth Zam\Ruth Zambrano\.rmv\documentation\UNIVERSE\custom.json
2025-11-07 13:09:06.500 [pool-3-thread-1] INFO  com.rs.mv.mvvs.rmv.documentation.reader.UserDocReader - [framework:30020104]user documentation brief file: C:\Users\Usuario\documentation\UNIVERSE\custom.json
2025-11-07 13:09:06.663 [pool-3-thread-1] INFO  com.rs.mv.mvvs.rmv.documentation.BasicDocumentation - [framework:30020105]documentation load end
2025-11-07 13:09:06.690 [pool-3-thread-1] INFO  com.rs.mv.mvvs.common.convertor.ConvertorManager - [framework:30030101]convertors for folder(C:/Users/Usuario/OneDrive/Ana Ruth Zam/Ruth Zambrano) load start
2025-11-07 13:09:06.714 [pool-3-thread-1] INFO  com.rs.mv.mvvs.common.convertor.ConvertorManager - [framework:30030102]comment convertor load finish
2025-11-07 13:09:07.022 [pool-3-thread-1] INFO  com.rs.mv.mvvs.common.convertor.ConvertorManager - [framework:30030103]keyword convertor load finish
2025-11-07 13:09:07.029 [pool-3-thread-1] INFO  com.rs.mv.mvvs.common.convertor.ConvertorManager - [framework:30030104]operator convertor load finish
2025-11-07 13:09:07.030 [pool-3-thread-1] INFO  com.rs.mv.mvvs.common.convertor.ConvertorManager - [framework:30030105]function name convertor load finish
2025-11-07 13:09:07.030 [pool-3-thread-1] INFO  com.rs.mv.mvvs.common.convertor.ConvertorManager - [framework:30030106]atVariable convertor load finish
2025-11-07 13:09:07.030 [pool-3-thread-1] INFO  com.rs.mv.mvvs.common.convertor.ConvertorManager - [framework:30030107]convertors for folder(C:/Users/Usuario/OneDrive/Ana Ruth Zam/Ruth Zambrano) load end
2025-11-07 13:09:07.033 [pool-3-thread-1] INFO  com.rs.mv.mvvs.rmv.config.CapabilityConfig - [framework:30010301]capabilities file(C:/Users/Usuario/OneDrive/Ana Ruth Zam/Ruth Zambrano/config/capability) doesn't exist or read error, default config will take effect
2025-11-07 13:09:07.033 [pool-3-thread-1] INFO  com.rs.mv.mvvs.instance.workspace.WorkspaceManager - [workspace:200105]load all workspace folders successful
2025-11-07 13:09:07.035 [pool-3-thread-1] INFO  com.rs.mv.mvvs.client.account.AccountManager - [client:40010101]load account manager start
2025-11-07 13:09:07.049 [pool-3-thread-1] INFO  com.rs.mv.mvvs.client.account.handler.CacheAccountHandler - [client:40010102]load cache account: 
2025-11-07 13:09:07.062 [pool-3-thread-1] INFO  com.rs.mv.mvvs.client.account.handler.ExternalAccountHandler - [client:40010103]load external account: 
2025-11-07 13:09:07.274 [pool-3-thread-1] INFO  com.rs.mv.mvvs.client.catalog.manager.U2CatalogManager - [client:400203]cache file auto update thread launch in Ruth Zambrano account
2025-11-07 13:09:07.288 [pool-3-thread-1] INFO  com.rs.mv.mvvs.client.catalog.from.config.DirsConfigReader - [client:400206]parse dir config information
2025-11-07 13:09:07.299 [pool-3-thread-1] INFO  com.rs.mv.mvvs.client.catalog.from.config.MappingConfigReader - [client:400207]parse mapping config information
2025-11-07 13:09:07.301 [pool-3-thread-1] INFO  com.rs.mv.mvvs.client.catalog.manager.U2CatalogManager - [client:400202]start a schedule task to get global/local catalog for Ruth Zambrano, its period 5s 
2025-11-07 13:09:07.301 [pool-3-thread-1] INFO  com.rs.mv.mvvs.client.catalog.manager.U2CatalogManager - [client:400203]cache file auto update thread launch in .git account
2025-11-07 13:09:07.304 [pool-3-thread-1] INFO  com.rs.mv.mvvs.client.catalog.from.config.DirsConfigReader - [client:400206]parse dir config information
2025-11-07 13:09:07.304 [pool-3-thread-1] INFO  com.rs.mv.mvvs.client.catalog.from.config.MappingConfigReader - [client:400207]parse mapping config information
2025-11-07 13:09:07.304 [pool-3-thread-1] INFO  com.rs.mv.mvvs.client.catalog.manager.U2CatalogManager - [client:400202]start a schedule task to get global/local catalog for .git, its period 5s 
2025-11-07 13:09:07.304 [pool-3-thread-1] INFO  com.rs.mv.mvvs.client.catalog.manager.U2CatalogManager - [client:400203]cache file auto update thread launch in logs account
2025-11-07 13:09:07.304 [pool-3-thread-1] INFO  com.rs.mv.mvvs.client.catalog.from.config.DirsConfigReader - [client:400206]parse dir config information
2025-11-07 13:09:07.310 [pool-3-thread-1] INFO  com.rs.mv.mvvs.client.catalog.from.config.MappingConfigReader - [client:400207]parse mapping config information
2025-11-07 13:09:07.311 [pool-3-thread-1] INFO  com.rs.mv.mvvs.client.catalog.manager.U2CatalogManager - [client:400202]start a schedule task to get global/local catalog for logs, its period 5s 
2025-11-07 13:09:07.313 [pool-3-thread-1] INFO  com.rs.mv.mvvs.client.catalog.manager.U2CatalogManager - [client:400203]cache file auto update thread launch in refs account
2025-11-07 13:09:07.313 [pool-3-thread-1] INFO  com.rs.mv.mvvs.client.catalog.from.config.DirsConfigReader - [client:400206]parse dir config information
2025-11-07 13:09:07.313 [pool-3-thread-1] INFO  com.rs.mv.mvvs.client.catalog.from.config.MappingConfigReader - [client:400207]parse mapping config information
2025-11-07 13:09:07.314 [pool-3-thread-1] INFO  com.rs.mv.mvvs.client.catalog.manager.U2CatalogManager - [client:400202]start a schedule task to get global/local catalog for refs, its period 5s 
2025-11-07 13:09:07.315 [pool-3-thread-1] INFO  com.rs.mv.mvvs.client.catalog.manager.U2CatalogManager - [client:400203]cache file auto update thread launch in remotes account
2025-11-07 13:09:07.316 [pool-3-thread-1] INFO  com.rs.mv.mvvs.client.catalog.from.config.DirsConfigReader - [client:400206]parse dir config information
2025-11-07 13:09:07.316 [pool-3-thread-1] INFO  com.rs.mv.mvvs.client.catalog.from.config.MappingConfigReader - [client:400207]parse mapping config information
2025-11-07 13:09:07.318 [pool-3-thread-1] INFO  com.rs.mv.mvvs.client.catalog.manager.U2CatalogManager - [client:400202]start a schedule task to get global/local catalog for remotes, its period 5s 
2025-11-07 13:09:07.319 [pool-3-thread-1] INFO  com.rs.mv.mvvs.client.catalog.manager.U2CatalogManager - [client:400203]cache file auto update thread launch in objects account
2025-11-07 13:09:07.323 [pool-3-thread-1] INFO  com.rs.mv.mvvs.client.catalog.from.config.DirsConfigReader - [client:400206]parse dir config information
2025-11-07 13:09:07.324 [pool-3-thread-1] INFO  com.rs.mv.mvvs.client.catalog.from.config.MappingConfigReader - [client:400207]parse mapping config information
2025-11-07 13:09:07.326 [pool-3-thread-1] INFO  com.rs.mv.mvvs.client.catalog.manager.U2CatalogManager - [client:400202]start a schedule task to get global/local catalog for objects, its period 5s 
2025-11-07 13:09:07.330 [pool-3-thread-1] INFO  com.rs.mv.mvvs.client.catalog.manager.U2CatalogManager - [client:400203]cache file auto update thread launch in refs account
2025-11-07 13:09:07.330 [pool-3-thread-1] INFO  com.rs.mv.mvvs.client.catalog.from.config.DirsConfigReader - [client:400206]parse dir config information
2025-11-07 13:09:07.333 [pool-3-thread-1] INFO  com.rs.mv.mvvs.client.catalog.from.config.MappingConfigReader - [client:400207]parse mapping config information
2025-11-07 13:09:07.335 [pool-3-thread-1] INFO  com.rs.mv.mvvs.client.catalog.manager.U2CatalogManager - [client:400202]start a schedule task to get global/local catalog for refs, its period 5s 
2025-11-07 13:09:07.335 [pool-3-thread-1] INFO  com.rs.mv.mvvs.client.catalog.manager.U2CatalogManager - [client:400203]cache file auto update thread launch in remotes account
2025-11-07 13:09:07.337 [pool-3-thread-1] INFO  com.rs.mv.mvvs.client.catalog.from.config.DirsConfigReader - [client:400206]parse dir config information
2025-11-07 13:09:07.337 [pool-3-thread-1] INFO  com.rs.mv.mvvs.client.catalog.from.config.MappingConfigReader - [client:400207]parse mapping config information
2025-11-07 13:09:07.337 [pool-3-thread-1] INFO  com.rs.mv.mvvs.client.catalog.manager.U2CatalogManager - [client:400202]start a schedule task to get global/local catalog for remotes, its period 5s 
2025-11-07 13:09:07.342 [pool-3-thread-1] INFO  com.rs.mv.mvvs.client.catalog.manager.U2CatalogManager - [client:400203]cache file auto update thread launch in Trabajo_en_clase account
2025-11-07 13:09:07.342 [pool-3-thread-1] INFO  com.rs.mv.mvvs.client.catalog.from.config.DirsConfigReader - [client:400206]parse dir config information
2025-11-07 13:09:07.346 [pool-3-thread-1] INFO  com.rs.mv.mvvs.client.catalog.from.config.MappingConfigReader - [client:400207]parse mapping config information
2025-11-07 13:09:07.348 [pool-3-thread-1] INFO  com.rs.mv.mvvs.client.catalog.manager.U2CatalogManager - [client:400202]start a schedule task to get global/local catalog for Trabajo_en_clase, its period 5s 
2025-11-07 13:09:07.358 [pool-3-thread-1] INFO  com.rs.mv.mvvs.client.account.handler.ServerAccountHandler - [client:40010104]load server account: Account{name=Ruth Zambrano, path=C:/Users/Usuario/OneDrive/Ana Ruth Zam/Ruth Zambrano, type=PREDICT}
Account{name=Trabajo_en_clase, path=C:/Users/Usuario/OneDrive/Ana Ruth Zam/Ruth Zambrano/Trabajo_en_clase, type=PREDICT}
Account{name=remotes, path=C:/Users/Usuario/OneDrive/Ana Ruth Zam/Ruth Zambrano/.git/logs/refs/remotes, type=PREDICT}
Account{name=refs, path=C:/Users/Usuario/OneDrive/Ana Ruth Zam/Ruth Zambrano/.git/refs, type=PREDICT}
Account{name=.git, path=C:/Users/Usuario/OneDrive/Ana Ruth Zam/Ruth Zambrano/.git, type=PREDICT}
Account{name=remotes, path=C:/Users/Usuario/OneDrive/Ana Ruth Zam/Ruth Zambrano/.git/refs/remotes, type=PREDICT}
Account{name=logs, path=C:/Users/Usuario/OneDrive/Ana Ruth Zam/Ruth Zambrano/.git/logs, type=PREDICT}
Account{name=refs, path=C:/Users/Usuario/OneDrive/Ana Ruth Zam/Ruth Zambrano/.git/logs/refs, type=PREDICT}
Account{name=objects, path=C:/Users/Usuario/OneDrive/Ana Ruth Zam/Ruth Zambrano/.git/objects, type=PREDICT}
2025-11-07 13:09:07.358 [pool-3-thread-1] INFO  com.rs.mv.mvvs.client.account.AccountManager - [client:40010105]load account manager finish
2025-11-07 13:09:07.362 [pool-3-thread-1] INFO  com.rs.mv.mvvs.instance.userspace.UserspaceManager - [framework:30010402]config file(C:\Users\Usuario/.rmv/config) watcher launch successful
2025-11-07 13:09:07.460 [pool-3-thread-1] INFO  com.rs.mv.mvvs.client.catalog.from.scan.CurrentPathScanner - [client:400205]scan file in current open file directory(C:/Users/Usuario/OneDrive/Ana Ruth Zam/Ruth Zambrano/Trabajo_en_clase/Formulario_estilizado.html)
2025-11-07 13:09:20.518 [pool-3-thread-1] INFO  com.rs.mv.mvvs.client.catalog.from.scan.CurrentPathScanner - [client:400205]scan file in current open file directory(C:/Users/Usuario/OneDrive/Ana Ruth Zam/Ruth Zambrano/Trabajo_en_clase/Formulario_estilizado.html)
2025-11-07 13:10:37.626 [pool-3-thread-1] INFO  com.rs.mv.mvvs.client.catalog.from.scan.CurrentPathScanner - [client:400205]scan file in current open file directory(C:/Users/Usuario/OneDrive/Ana Ruth Zam/Ruth Zambrano/Trabajo_en_clase/Formulario_estilizado.html)
2025-11-07 13:12:14.029 [pool-3-thread-1] INFO  com.rs.mv.mvvs.client.catalog.from.scan.CurrentPathScanner - [client:400205]scan file in current open file directory(C:/Users/Usuario/OneDrive/Ana Ruth Zam/Ruth Zambrano/Trabajo_en_clase/Formulario_estilizado.html)
2025-11-07 13:17:23.510 [pool-3-thread-1] INFO  com.rs.mv.mvvs.client.catalog.from.scan.CurrentPathScanner - [client:400205]scan file in current open file directory(C:/Users/Usuario/OneDrive/Ana Ruth Zam/Ruth Zambrano/Trabajo_en_clase/Formulario_estilizado.html)
2025-11-07 13:17:25.800 [pool-3-thread-1] INFO  com.rs.mv.mvvs.client.catalog.from.scan.CurrentPathScanner - [client:400205]scan file in current open file directory(C:/Users/Usuario/OneDrive/Ana Ruth Zam/Ruth Zambrano/Trabajo_en_clase/Formulario_estilizado.html)
2025-11-07 13:17:28.216 [pool-3-thread-1] INFO  com.rs.mv.mvvs.client.catalog.from.scan.CurrentPathScanner - [client:400205]scan file in current open file directory(C:/Users/Usuario/OneDrive/Ana Ruth Zam/Ruth Zambrano/Trabajo_en_clase/Formulario_estilizado.html)
2025-11-07 13:17:29.327 [pool-3-thread-1] INFO  com.rs.mv.mvvs.client.catalog.from.scan.CurrentPathScanner - [client:400205]scan file in current open file directory(C:/Users/Usuario/OneDrive/Ana Ruth Zam/Ruth Zambrano/Trabajo_en_clase/Formulario_estilizado.html)
2025-11-07 13:17:44.533 [pool-3-thread-1] INFO  com.rs.mv.mvvs.client.catalog.from.scan.CurrentPathScanner - [client:400205]scan file in current open file directory(C:/Users/Usuario/OneDrive/Ana Ruth Zam/Ruth Zambrano/Trabajo_en_clase/Formulario_estilizado.html)
2025-11-07 13:17:45.467 [pool-3-thread-1] INFO  com.rs.mv.mvvs.client.catalog.from.scan.CurrentPathScanner - [client:400205]scan file in current open file directory(C:/Users/Usuario/OneDrive/Ana Ruth Zam/Ruth Zambrano/Trabajo_en_clase/Formulario_estilizado.html)
2025-11-07 13:40:29.975 [pool-3-thread-1] INFO  com.rs.mv.mvvs.client.catalog.from.scan.CurrentPathScanner - [client:400205]scan file in current open file directory(C:/Users/Usuario/OneDrive/Ana Ruth Zam/Ruth Zambrano/Trabajo_en_clase)
2025-11-07 13:41:20.268 [pool-3-thread-1] INFO  com.rs.mv.mvvs.client.catalog.from.scan.CurrentPathScanner - [client:400205]scan file in current open file directory(C:/Users/Usuario/OneDrive/Ana Ruth Zam/Ruth Zambrano/Trabajo_en_clase/javascript)
2025-11-07 13:45:13.968 [pool-3-thread-1] INFO  com.rs.mv.mvvs.client.catalog.from.scan.CurrentPathScanner - [client:400205]scan file in current open file directory(C:/Users/Usuario/OneDrive/Ana Ruth Zam/Ruth Zambrano/Trabajo_en_clase/javascript)
2025-11-07 13:45:36.222 [pool-3-thread-1] INFO  com.rs.mv.mvvs.client.catalog.from.scan.CurrentPathScanner - [client:400205]scan file in current open file directory(C:/Users/Usuario/OneDrive/Ana Ruth Zam/Ruth Zambrano/Trabajo_en_clase/javascript)
2025-11-07 13:45:44.538 [pool-3-thread-1] INFO  com.rs.mv.mvvs.client.catalog.from.scan.CurrentPathScanner - [client:400205]scan file in current open file directory(C:/Users/Usuario/OneDrive/Ana Ruth Zam/Ruth Zambrano/Trabajo_en_clase/javascript)
2025-11-07 13:45:45.367 [pool-3-thread-1] INFO  com.rs.mv.mvvs.client.catalog.from.scan.CurrentPathScanner - [client:400205]scan file in current open file directory(C:/Users/Usuario/OneDrive/Ana Ruth Zam/Ruth Zambrano/Trabajo_en_clase/javascript)
2025-11-07 13:45:59.042 [pool-3-thread-1] INFO  com.rs.mv.mvvs.client.catalog.from.scan.CurrentPathScanner - [client:400205]scan file in current open file directory(C:/Users/Usuario/OneDrive/Ana Ruth Zam/Ruth Zambrano/Trabajo_en_clase/javascript)
2025-11-07 13:46:29.517 [pool-3-thread-1] INFO  com.rs.mv.mvvs.client.catalog.from.scan.CurrentPathScanner - [client:400205]scan file in current open file directory(C:/Users/Usuario/OneDrive/Ana Ruth Zam/Ruth Zambrano/Trabajo_en_clase)
2025-11-07 13:46:37.512 [pool-3-thread-1] INFO  com.rs.mv.mvvs.client.catalog.from.scan.CurrentPathScanner - [client:400205]scan file in current open file directory(C:/Users/Usuario/OneDrive/Ana Ruth Zam/Ruth Zambrano/Trabajo_en_clase/javascript)
2025-11-07 13:46:43.392 [pool-3-thread-1] INFO  com.rs.mv.mvvs.client.catalog.from.scan.CurrentPathScanner - [client:400205]scan file in current open file directory(C:/Users/Usuario/OneDrive/Ana Ruth Zam/Ruth Zambrano/Trabajo_en_clase)
2025-11-07 13:46:46.526 [pool-3-thread-1] INFO  com.rs.mv.mvvs.client.catalog.from.scan.CurrentPathScanner - [client:400205]scan file in current open file directory(C:/Users/Usuario/OneDrive/Ana Ruth Zam/Ruth Zambrano/Trabajo_en_clase/javascript)
2025-11-07 13:47:04.619 [pool-3-thread-1] INFO  com.rs.mv.mvvs.client.catalog.from.scan.CurrentPathScanner - [client:400205]scan file in current open file directory(C:/Users/Usuario/OneDrive/Ana Ruth Zam/Ruth Zambrano/Trabajo_en_clase/javascript)
2025-11-07 13:47:11.802 [pool-3-thread-1] INFO  com.rs.mv.mvvs.client.catalog.from.scan.CurrentPathScanner - [client:400205]scan file in current open file directory(C:/Users/Usuario/OneDrive/Ana Ruth Zam/Ruth Zambrano/Trabajo_en_clase/javascript)
2025-11-07 13:47:29.374 [pool-3-thread-1] INFO  com.rs.mv.mvvs.client.catalog.from.scan.CurrentPathScanner - [client:400205]scan file in current open file directory(C:/Users/Usuario/OneDrive/Ana Ruth Zam/Ruth Zambrano/Trabajo_en_clase/javascript)
2025-11-07 13:49:08.285 [pool-3-thread-1] INFO  com.rs.mv.mvvs.client.catalog.from.scan.CurrentPathScanner - [client:400205]scan file in current open file directory(C:/Users/Usuario/OneDrive/Ana Ruth Zam/Ruth Zambrano/Trabajo_en_clase/javascript)
2025-11-07 13:58:33.717 [pool-3-thread-1] INFO  com.rs.mv.mvvs.client.catalog.from.scan.CurrentPathScanner - [client:400205]scan file in current open file directory(C:/Users/Usuario/OneDrive/Ana Ruth Zam/Ruth Zambrano/Trabajo_en_clase/javasclase.html)
2025-11-07 14:01:08.505 [pool-3-thread-1] INFO  com.rs.mv.mvvs.client.catalog.from.scan.CurrentPathScanner - [client:400205]scan file in current open file directory(C:/Users/Usuario/OneDrive/Ana Ruth Zam/Ruth Zambrano/Trabajo_en_clase/javascript)
2025-11-07 14:03:19.003 [pool-3-thread-1] INFO  com.rs.mv.mvvs.client.catalog.from.scan.CurrentPathScanner - [client:400205]scan file in current open file directory(C:/Users/Usuario/OneDrive/Ana Ruth Zam/Ruth Zambrano/Trabajo_en_clase/javasclase.html)
2025-11-07 14:19:50.372 [pool-3-thread-1] INFO  com.rs.mv.mvvs.client.catalog.from.scan.CurrentPathScanner - [client:400205]scan file in current open file directory(C:/Users/Usuario/OneDrive/Ana Ruth Zam/Ruth Zambrano/Trabajo_en_clase/javasclase.html)
2025-11-07 14:19:53.425 [pool-3-thread-1] INFO  com.rs.mv.mvvs.client.catalog.from.scan.CurrentPathScanner - [client:400205]scan file in current open file directory(C:/Users/Usuario/OneDrive/Ana Ruth Zam/Ruth Zambrano/Trabajo_en_clase/javasclase.html)
2025-11-07 14:20:03.955 [pool-3-thread-1] INFO  com.rs.mv.mvvs.client.catalog.from.scan.CurrentPathScanner - [client:400205]scan file in current open file directory(C:/Users/Usuario/OneDrive/Ana Ruth Zam/Ruth Zambrano/Trabajo_en_clase/javasclase.html)
2025-11-07 14:21:11.075 [pool-3-thread-1] INFO  com.rs.mv.mvvs.client.catalog.from.scan.CurrentPathScanner - [client:400205]scan file in current open file directory(C:/Users/Usuario/OneDrive/Ana Ruth Zam/Ruth Zambrano/Trabajo_en_clase/javasclase.html)
2025-11-07 14:21:13.706 [pool-3-thread-1] INFO  com.rs.mv.mvvs.client.catalog.from.scan.CurrentPathScanner - [client:400205]scan file in current open file directory(C:/Users/Usuario/OneDrive/Ana Ruth Zam/Ruth Zambrano/Trabajo_en_clase/javasclase.html)
2025-11-07 14:21:56.448 [pool-3-thread-1] INFO  com.rs.mv.mvvs.client.catalog.from.scan.CurrentPathScanner - [client:400205]scan file in current open file directory(C:/Users/Usuario/OneDrive/Ana Ruth Zam/Ruth Zambrano/Trabajo_en_clase/javasclase.html)
2025-11-07 14:22:03.979 [pool-3-thread-1] INFO  com.rs.mv.mvvs.client.catalog.from.scan.CurrentPathScanner - [client:400205]scan file in current open file directory(C:/Users/Usuario/OneDrive/Ana Ruth Zam/Ruth Zambrano/Trabajo_en_clase/javasclase.html)
2025-11-07 14:23:59.629 [pool-3-thread-1] INFO  com.rs.mv.mvvs.client.catalog.from.scan.CurrentPathScanner - [client:400205]scan file in current open file directory(C:/Users/Usuario/OneDrive/Ana Ruth Zam/Ruth Zambrano/Trabajo_en_clase/javasclase.html)
2025-11-07 14:24:16.159 [pool-3-thread-1] INFO  com.rs.mv.mvvs.client.catalog.from.scan.CurrentPathScanner - [client:400205]scan file in current open file directory(C:/Users/Usuario/OneDrive/Ana Ruth Zam/Ruth Zambrano/Trabajo_en_clase/javasclase.html)
2025-11-07 14:24:17.770 [pool-3-thread-1] INFO  com.rs.mv.mvvs.client.catalog.from.scan.CurrentPathScanner - [client:400205]scan file in current open file directory(C:/Users/Usuario/OneDrive/Ana Ruth Zam/Ruth Zambrano/Trabajo_en_clase/javasclase.html)
2025-11-07 14:24:22.794 [pool-3-thread-1] INFO  com.rs.mv.mvvs.client.catalog.from.scan.CurrentPathScanner - [client:400205]scan file in current open file directory(C:/Users/Usuario/OneDrive/Ana Ruth Zam/Ruth Zambrano/Trabajo_en_clase/javasclase.html)
2025-11-07 14:24:34.800 [pool-3-thread-1] INFO  com.rs.mv.mvvs.client.catalog.from.scan.CurrentPathScanner - [client:400205]scan file in current open file directory(C:/Users/Usuario/OneDrive/Ana Ruth Zam/Ruth Zambrano/Trabajo_en_clase/javasclase.html)
2025-11-07 14:24:41.102 [pool-3-thread-1] INFO  com.rs.mv.mvvs.client.catalog.from.scan.CurrentPathScanner - [client:400205]scan file in current open file directory(C:/Users/Usuario/OneDrive/Ana Ruth Zam/Ruth Zambrano/Trabajo_en_clase/javasclase.html)
2025-11-07 14:24:42.332 [pool-3-thread-1] INFO  com.rs.mv.mvvs.client.catalog.from.scan.CurrentPathScanner - [client:400205]scan file in current open file directory(C:/Users/Usuario/OneDrive/Ana Ruth Zam/Ruth Zambrano/Trabajo_en_clase/javasclase.html)
2025-11-07 14:24:47.565 [pool-3-thread-1] INFO  com.rs.mv.mvvs.client.catalog.from.scan.CurrentPathScanner - [client:400205]scan file in current open file directory(C:/Users/Usuario/OneDrive/Ana Ruth Zam/Ruth Zambrano/Trabajo_en_clase/javasclase.html)
2025-11-07 14:25:02.864 [pool-3-thread-1] INFO  com.rs.mv.mvvs.client.catalog.from.scan.CurrentPathScanner - [client:400205]scan file in current open file directory(C:/Users/Usuario/OneDrive/Ana Ruth Zam/Ruth Zambrano/Trabajo_en_clase/javasclase.html)
2025-11-07 14:25:08.421 [pool-3-thread-1] INFO  com.rs.mv.mvvs.client.catalog.from.scan.CurrentPathScanner - [client:400205]scan file in current open file directory(C:/Users/Usuario/OneDrive/Ana Ruth Zam/Ruth Zambrano/Trabajo_en_clase/javasclase.html)
2025-11-07 14:25:25.332 [pool-3-thread-1] INFO  com.rs.mv.mvvs.client.catalog.from.scan.CurrentPathScanner - [client:400205]scan file in current open file directory(C:/Users/Usuario/OneDrive/Ana Ruth Zam/Ruth Zambrano/Trabajo_en_clase/javasclase.html)
2025-11-07 14:25:35.232 [pool-3-thread-1] INFO  com.rs.mv.mvvs.client.catalog.from.scan.CurrentPathScanner - [client:400205]scan file in current open file directory(C:/Users/Usuario/OneDrive/Ana Ruth Zam/Ruth Zambrano/Trabajo_en_clase/javasclase.html)
2025-11-07 14:27:29.957 [pool-3-thread-1] INFO  com.rs.mv.mvvs.client.catalog.from.scan.CurrentPathScanner - [client:400205]scan file in current open file directory(C:/Users/Usuario/OneDrive/Ana Ruth Zam/Ruth Zambrano)
2025-11-07 14:28:35.381 [pool-3-thread-1] INFO  com.rs.mv.mvvs.client.catalog.from.scan.CurrentPathScanner - [client:400205]scan file in current open file directory(C:/Users/Usuario/OneDrive/Ana Ruth Zam/Ruth Zambrano/Trabajo_en_clase/JavaSc.httml)
2025-11-07 14:50:03.209 [pool-3-thread-1] INFO  com.rs.mv.mvvs.client.catalog.from.scan.CurrentPathScanner - [client:400205]scan file in current open file directory(C:/Users/Usuario/OneDrive/Ana Ruth Zam/Ruth Zambrano/Trabajo_en_clase/Calculadoratrabajo)
2025-11-07 14:57:24.357 [pool-3-thread-1] INFO  com.rs.mv.mvvs.client.catalog.from.scan.CurrentPathScanner - [client:400205]scan file in current open file directory(C:/Users/Usuario/OneDrive/Ana Ruth Zam/Ruth Zambrano)
2025-11-07 14:57:28.884 [pool-3-thread-1] INFO  com.rs.mv.mvvs.client.catalog.from.scan.CurrentPathScanner - [client:400205]scan file in current open file directory(C:/Users/Usuario/OneDrive/Ana Ruth Zam/Ruth Zambrano/Trabajo_en_clase/javasclase.html)
2025-11-07 14:57:31.997 [pool-3-thread-1] INFO  com.rs.mv.mvvs.client.catalog.from.scan.CurrentPathScanner - [client:400205]scan file in current open file directory(C:/Users/Usuario/OneDrive/Ana Ruth Zam/Ruth Zambrano/Trabajo_en_clase/JavaSc.httml)
2025-11-07 14:57:33.563 [pool-3-thread-1] INFO  com.rs.mv.mvvs.client.catalog.from.scan.CurrentPathScanner - [client:400205]scan file in current open file directory(C:/Users/Usuario/OneDrive/Ana Ruth Zam/Ruth Zambrano/Trabajo_en_clase/Calculadoratrabajo)
2025-11-07 17:08:48.712 [main] WARN  com.rs.mv.mvvs.Startup - [LSP:100104]ROCKET MV BASIC EXTENSION exited
