2025-10-29 13:25:49.550 [main] INFO  com.rs.mv.mvvs.Startup - [LSP:100101]ROCKET MV BASIC EXTENSION to start
2025-10-29 13:25:49.612 [main] INFO  com.rs.mv.mvvs.lsp.server.BasicLanguageServerLauncher - [LSP:100102]start pip server
2025-10-29 13:25:49.895 [main] INFO  com.rs.mv.mvvs.lsp.server.BasicLanguageServerLauncher - [LSP:100103]ROCKET MV BASIC EXTENSION start successful
2025-10-29 13:25:50.088 [pool-3-thread-1] INFO  com.rs.mv.mvvs.instance.workspace.WorkspaceManager - [workspace:200101]load all workspace folders start
2025-10-29 13:25:50.088 [pool-3-thread-1] INFO  com.rs.mv.mvvs.instance.workspace.WorkspaceManager - [workspace:20010201]root uri: file:///c%3A/Users/Usuario/OneDrive/Ana%20Ruth%20Zam/Ruth%20Zambrano
2025-10-29 13:25:50.088 [pool-3-thread-1] INFO  com.rs.mv.mvvs.instance.workspace.handler.FolderHandler - [workspace:200103]workspace contains workspace folder: file:///c%3A/Users/Usuario/OneDrive/Ana%20Ruth%20Zam/Ruth%20Zambrano
2025-10-29 13:25:50.121 [pool-3-thread-1] INFO  com.rs.mv.mvvs.instance.workspace.handler.FolderHandler - [workspace:200104]workspace folder will be cached: file:///c%3A/Users/Usuario/OneDrive/Ana%20Ruth%20Zam/Ruth%20Zambrano
2025-10-29 13:25:50.121 [pool-3-thread-1] INFO  com.rs.mv.mvvs.rmv.config.Config - [framework:30010101]config load start
2025-10-29 13:25:50.133 [pool-3-thread-1] INFO  com.rs.mv.mvvs.rmv.config.Config - [framework:30010102]project config path is : C:/Users/Usuario/OneDrive/Ana Ruth Zam/Ruth Zambrano/.rmv/config
2025-10-29 13:25:50.133 [pool-3-thread-1] INFO  com.rs.mv.mvvs.rmv.config.Config - [framework:30010103]resource config path is : /
2025-10-29 13:25:50.133 [pool-3-thread-1] INFO  com.rs.mv.mvvs.rmv.config.Config - [framework:30010104]user config path is : C:/Users/Usuario
2025-10-29 13:25:50.155 [pool-3-thread-1] INFO  com.rs.mv.mvvs.rmv.config.Config - [framework:30010105]config load end
2025-10-29 13:25:50.155 [pool-3-thread-1] INFO  com.rs.mv.mvvs.rmv.documentation.BasicDocumentation - [framework:30020101]documentation load start
2025-10-29 13:25:50.155 [pool-3-thread-1] INFO  com.rs.mv.mvvs.rmv.documentation.reader.SystemDocReader - [framework:30020102]system documentation path: /documentation/UNIVERSE/
2025-10-29 13:25:50.171 [pool-3-thread-1] INFO  com.rs.mv.mvvs.rmv.documentation.reader.ProjectDocReader - [framework:30020103]project documentation brief file: C:\Users\Usuario\OneDrive\Ana Ruth Zam\Ruth Zambrano\.rmv\documentation\UNIVERSE\custom.json
2025-10-29 13:25:50.180 [pool-3-thread-1] INFO  com.rs.mv.mvvs.rmv.documentation.reader.UserDocReader - [framework:30020104]user documentation brief file: C:\Users\Usuario\documentation\UNIVERSE\custom.json
2025-10-29 13:25:50.363 [pool-3-thread-1] INFO  com.rs.mv.mvvs.rmv.documentation.BasicDocumentation - [framework:30020105]documentation load end
2025-10-29 13:25:50.375 [pool-3-thread-1] INFO  com.rs.mv.mvvs.common.convertor.ConvertorManager - [framework:30030101]convertors for folder(C:/Users/Usuario/OneDrive/Ana Ruth Zam/Ruth Zambrano) load start
2025-10-29 13:25:50.404 [pool-3-thread-1] INFO  com.rs.mv.mvvs.common.convertor.ConvertorManager - [framework:30030102]comment convertor load finish
2025-10-29 13:25:50.723 [pool-3-thread-1] INFO  com.rs.mv.mvvs.common.convertor.ConvertorManager - [framework:30030103]keyword convertor load finish
2025-10-29 13:25:50.723 [pool-3-thread-1] INFO  com.rs.mv.mvvs.common.convertor.ConvertorManager - [framework:30030104]operator convertor load finish
2025-10-29 13:25:50.723 [pool-3-thread-1] INFO  com.rs.mv.mvvs.common.convertor.ConvertorManager - [framework:30030105]function name convertor load finish
2025-10-29 13:25:50.723 [pool-3-thread-1] INFO  com.rs.mv.mvvs.common.convertor.ConvertorManager - [framework:30030106]atVariable convertor load finish
2025-10-29 13:25:50.723 [pool-3-thread-1] INFO  com.rs.mv.mvvs.common.convertor.ConvertorManager - [framework:30030107]convertors for folder(C:/Users/Usuario/OneDrive/Ana Ruth Zam/Ruth Zambrano) load end
2025-10-29 13:25:50.723 [pool-3-thread-1] INFO  com.rs.mv.mvvs.rmv.config.CapabilityConfig - [framework:30010301]capabilities file(C:/Users/Usuario/OneDrive/Ana Ruth Zam/Ruth Zambrano/config/capability) doesn't exist or read error, default config will take effect
2025-10-29 13:25:50.723 [pool-3-thread-1] INFO  com.rs.mv.mvvs.instance.workspace.WorkspaceManager - [workspace:200105]load all workspace folders successful
2025-10-29 13:25:50.734 [pool-3-thread-1] INFO  com.rs.mv.mvvs.client.account.AccountManager - [client:40010101]load account manager start
2025-10-29 13:25:50.750 [pool-3-thread-1] INFO  com.rs.mv.mvvs.client.account.handler.CacheAccountHandler - [client:40010102]load cache account: 
2025-10-29 13:25:50.750 [pool-3-thread-1] INFO  com.rs.mv.mvvs.client.account.handler.ExternalAccountHandler - [client:40010103]load external account: 
2025-10-29 13:25:50.837 [pool-3-thread-1] INFO  com.rs.mv.mvvs.client.catalog.manager.U2CatalogManager - [client:400203]cache file auto update thread launch in Ruth Zambrano account
2025-10-29 13:25:50.837 [pool-3-thread-1] INFO  com.rs.mv.mvvs.client.catalog.from.config.DirsConfigReader - [client:400206]parse dir config information
2025-10-29 13:25:50.837 [pool-3-thread-1] INFO  com.rs.mv.mvvs.client.catalog.from.config.MappingConfigReader - [client:400207]parse mapping config information
2025-10-29 13:25:50.851 [pool-3-thread-1] INFO  com.rs.mv.mvvs.client.catalog.manager.U2CatalogManager - [client:400202]start a schedule task to get global/local catalog for Ruth Zambrano, its period 5s 
2025-10-29 13:25:50.851 [pool-3-thread-1] INFO  com.rs.mv.mvvs.client.catalog.manager.U2CatalogManager - [client:400203]cache file auto update thread launch in .git account
2025-10-29 13:25:50.851 [pool-3-thread-1] INFO  com.rs.mv.mvvs.client.catalog.from.config.DirsConfigReader - [client:400206]parse dir config information
2025-10-29 13:25:50.851 [pool-3-thread-1] INFO  com.rs.mv.mvvs.client.catalog.from.config.MappingConfigReader - [client:400207]parse mapping config information
2025-10-29 13:25:50.851 [pool-3-thread-1] INFO  com.rs.mv.mvvs.client.catalog.manager.U2CatalogManager - [client:400202]start a schedule task to get global/local catalog for .git, its period 5s 
2025-10-29 13:25:50.851 [pool-3-thread-1] INFO  com.rs.mv.mvvs.client.catalog.manager.U2CatalogManager - [client:400203]cache file auto update thread launch in logs account
2025-10-29 13:25:50.851 [pool-3-thread-1] INFO  com.rs.mv.mvvs.client.catalog.from.config.DirsConfigReader - [client:400206]parse dir config information
2025-10-29 13:25:50.851 [pool-3-thread-1] INFO  com.rs.mv.mvvs.client.catalog.from.config.MappingConfigReader - [client:400207]parse mapping config information
2025-10-29 13:25:50.851 [pool-3-thread-1] INFO  com.rs.mv.mvvs.client.catalog.manager.U2CatalogManager - [client:400202]start a schedule task to get global/local catalog for logs, its period 5s 
2025-10-29 13:25:50.851 [pool-3-thread-1] INFO  com.rs.mv.mvvs.client.catalog.manager.U2CatalogManager - [client:400203]cache file auto update thread launch in refs account
2025-10-29 13:25:50.851 [pool-3-thread-1] INFO  com.rs.mv.mvvs.client.catalog.from.config.DirsConfigReader - [client:400206]parse dir config information
2025-10-29 13:25:50.851 [pool-3-thread-1] INFO  com.rs.mv.mvvs.client.catalog.from.config.MappingConfigReader - [client:400207]parse mapping config information
2025-10-29 13:25:50.851 [pool-3-thread-1] INFO  com.rs.mv.mvvs.client.catalog.manager.U2CatalogManager - [client:400202]start a schedule task to get global/local catalog for refs, its period 5s 
2025-10-29 13:25:50.851 [pool-3-thread-1] INFO  com.rs.mv.mvvs.client.catalog.manager.U2CatalogManager - [client:400203]cache file auto update thread launch in remotes account
2025-10-29 13:25:50.851 [pool-3-thread-1] INFO  com.rs.mv.mvvs.client.catalog.from.config.DirsConfigReader - [client:400206]parse dir config information
2025-10-29 13:25:50.851 [pool-3-thread-1] INFO  com.rs.mv.mvvs.client.catalog.from.config.MappingConfigReader - [client:400207]parse mapping config information
2025-10-29 13:25:50.851 [pool-3-thread-1] INFO  com.rs.mv.mvvs.client.catalog.manager.U2CatalogManager - [client:400202]start a schedule task to get global/local catalog for remotes, its period 5s 
2025-10-29 13:25:50.851 [pool-3-thread-1] INFO  com.rs.mv.mvvs.client.catalog.manager.U2CatalogManager - [client:400203]cache file auto update thread launch in objects account
2025-10-29 13:25:50.866 [pool-3-thread-1] INFO  com.rs.mv.mvvs.client.catalog.from.config.DirsConfigReader - [client:400206]parse dir config information
2025-10-29 13:25:50.866 [pool-3-thread-1] INFO  com.rs.mv.mvvs.client.catalog.from.config.MappingConfigReader - [client:400207]parse mapping config information
2025-10-29 13:25:50.866 [pool-3-thread-1] INFO  com.rs.mv.mvvs.client.catalog.manager.U2CatalogManager - [client:400202]start a schedule task to get global/local catalog for objects, its period 5s 
2025-10-29 13:25:50.866 [pool-3-thread-1] INFO  com.rs.mv.mvvs.client.catalog.manager.U2CatalogManager - [client:400203]cache file auto update thread launch in refs account
2025-10-29 13:25:50.866 [pool-3-thread-1] INFO  com.rs.mv.mvvs.client.catalog.from.config.DirsConfigReader - [client:400206]parse dir config information
2025-10-29 13:25:50.866 [pool-3-thread-1] INFO  com.rs.mv.mvvs.client.catalog.from.config.MappingConfigReader - [client:400207]parse mapping config information
2025-10-29 13:25:50.866 [pool-3-thread-1] INFO  com.rs.mv.mvvs.client.catalog.manager.U2CatalogManager - [client:400202]start a schedule task to get global/local catalog for refs, its period 5s 
2025-10-29 13:25:50.866 [pool-3-thread-1] INFO  com.rs.mv.mvvs.client.catalog.manager.U2CatalogManager - [client:400203]cache file auto update thread launch in remotes account
2025-10-29 13:25:50.866 [pool-3-thread-1] INFO  com.rs.mv.mvvs.client.catalog.from.config.DirsConfigReader - [client:400206]parse dir config information
2025-10-29 13:25:50.866 [pool-3-thread-1] INFO  com.rs.mv.mvvs.client.catalog.from.config.MappingConfigReader - [client:400207]parse mapping config information
2025-10-29 13:25:50.866 [pool-3-thread-1] INFO  com.rs.mv.mvvs.client.catalog.manager.U2CatalogManager - [client:400202]start a schedule task to get global/local catalog for remotes, its period 5s 
2025-10-29 13:25:50.866 [pool-3-thread-1] INFO  com.rs.mv.mvvs.client.account.handler.ServerAccountHandler - [client:40010104]load server account: Account{name=Ruth Zambrano, path=C:/Users/Usuario/OneDrive/Ana Ruth Zam/Ruth Zambrano, type=PREDICT}
Account{name=remotes, path=C:/Users/Usuario/OneDrive/Ana Ruth Zam/Ruth Zambrano/.git/logs/refs/remotes, type=PREDICT}
Account{name=refs, path=C:/Users/Usuario/OneDrive/Ana Ruth Zam/Ruth Zambrano/.git/refs, type=PREDICT}
Account{name=.git, path=C:/Users/Usuario/OneDrive/Ana Ruth Zam/Ruth Zambrano/.git, type=PREDICT}
Account{name=remotes, path=C:/Users/Usuario/OneDrive/Ana Ruth Zam/Ruth Zambrano/.git/refs/remotes, type=PREDICT}
Account{name=logs, path=C:/Users/Usuario/OneDrive/Ana Ruth Zam/Ruth Zambrano/.git/logs, type=PREDICT}
Account{name=refs, path=C:/Users/Usuario/OneDrive/Ana Ruth Zam/Ruth Zambrano/.git/logs/refs, type=PREDICT}
Account{name=objects, path=C:/Users/Usuario/OneDrive/Ana Ruth Zam/Ruth Zambrano/.git/objects, type=PREDICT}
2025-10-29 13:25:50.866 [pool-3-thread-1] INFO  com.rs.mv.mvvs.client.account.AccountManager - [client:40010105]load account manager finish
2025-10-29 13:25:50.883 [pool-3-thread-1] INFO  com.rs.mv.mvvs.instance.userspace.UserspaceManager - [framework:30010402]config file(C:\Users\Usuario/.rmv/config) watcher launch successful
2025-10-29 13:27:36.219 [pool-3-thread-1] INFO  com.rs.mv.mvvs.client.catalog.from.scan.CurrentPathScanner - [client:400205]scan file in current open file directory(C:/Users/Usuario/OneDrive/Ana Ruth Zam/Ruth Zambrano/pagina web.html)
2025-10-29 13:34:44.265 [pool-3-thread-1] INFO  com.rs.mv.mvvs.client.catalog.from.scan.CurrentPathScanner - [client:400205]scan file in current open file directory(C:/Users/Usuario/OneDrive/Ana Ruth Zam/Ruth Zambrano/pagina web.html)
2025-10-29 13:43:27.847 [pool-3-thread-1] INFO  com.rs.mv.mvvs.client.catalog.from.scan.CurrentPathScanner - [client:400205]scan file in current open file directory(C:/Users/Usuario/OneDrive/Ana Ruth Zam/Ruth Zambrano/pagina web.html)
2025-10-29 13:44:24.084 [pool-3-thread-1] INFO  com.rs.mv.mvvs.client.catalog.from.scan.CurrentPathScanner - [client:400205]scan file in current open file directory(C:/Users/Usuario/OneDrive/Ana Ruth Zam/Ruth Zambrano/pagina web.html)
2025-10-29 13:44:36.251 [pool-3-thread-1] INFO  com.rs.mv.mvvs.client.catalog.from.scan.CurrentPathScanner - [client:400205]scan file in current open file directory(C:/Users/Usuario/OneDrive/Ana Ruth Zam/Ruth Zambrano/pagina web.html)
2025-10-29 13:44:37.272 [pool-3-thread-1] INFO  com.rs.mv.mvvs.client.catalog.from.scan.CurrentPathScanner - [client:400205]scan file in current open file directory(C:/Users/Usuario/OneDrive/Ana Ruth Zam/Ruth Zambrano/pagina web.html)
2025-10-29 13:44:51.802 [pool-3-thread-1] INFO  com.rs.mv.mvvs.client.catalog.from.scan.CurrentPathScanner - [client:400205]scan file in current open file directory(C:/Users/Usuario/OneDrive/Ana Ruth Zam/Ruth Zambrano/.git)
2025-10-29 13:45:35.369 [pool-3-thread-1] INFO  com.rs.mv.mvvs.client.catalog.from.scan.CurrentPathScanner - [client:400205]scan file in current open file directory(C:/Users/Usuario/OneDrive/Ana Ruth Zam/Ruth Zambrano/pagina web.html)
2025-10-29 13:45:40.790 [pool-3-thread-1] INFO  com.rs.mv.mvvs.client.catalog.from.scan.CurrentPathScanner - [client:400205]scan file in current open file directory(C:/Users/Usuario/OneDrive/Ana Ruth Zam/Ruth Zambrano/pagina web.html)
2025-10-29 13:45:51.450 [pool-3-thread-1] INFO  com.rs.mv.mvvs.client.catalog.from.scan.CurrentPathScanner - [client:400205]scan file in current open file directory(C:/Users/Usuario/OneDrive/Ana Ruth Zam/Ruth Zambrano/.git)
2025-10-29 13:46:08.784 [pool-3-thread-1] INFO  com.rs.mv.mvvs.client.catalog.from.scan.CurrentPathScanner - [client:400205]scan file in current open file directory(C:/Users/Usuario/OneDrive/Ana Ruth Zam/Ruth Zambrano/pagina web.html)
2025-10-29 13:46:20.650 [pool-3-thread-1] INFO  com.rs.mv.mvvs.client.catalog.from.scan.CurrentPathScanner - [client:400205]scan file in current open file directory(C:/Users/Usuario/OneDrive/Ana Ruth Zam/Ruth Zambrano/.git)
2025-10-29 13:48:37.225 [pool-3-thread-1] INFO  com.rs.mv.mvvs.client.catalog.from.scan.CurrentPathScanner - [client:400205]scan file in current open file directory(C:/Users/Usuario/OneDrive/Ana Ruth Zam/Ruth Zambrano/# estilos.css)
2025-10-29 13:50:01.333 [pool-3-thread-1] INFO  com.rs.mv.mvvs.client.catalog.from.scan.CurrentPathScanner - [client:400205]scan file in current open file directory(C:/Users/Usuario/OneDrive/Ana Ruth Zam/Ruth Zambrano/.git)
2025-10-29 13:50:23.286 [pool-3-thread-1] INFO  com.rs.mv.mvvs.client.catalog.from.scan.CurrentPathScanner - [client:400205]scan file in current open file directory(C:/Users/Usuario/OneDrive/Ana Ruth Zam/Ruth Zambrano/pagina web.html)
2025-10-29 13:50:26.628 [pool-3-thread-1] INFO  com.rs.mv.mvvs.client.catalog.from.scan.CurrentPathScanner - [client:400205]scan file in current open file directory(C:/Users/Usuario/OneDrive/Ana Ruth Zam/Ruth Zambrano/pagina web.html)
2025-10-29 13:50:29.744 [pool-3-thread-1] INFO  com.rs.mv.mvvs.client.catalog.from.scan.CurrentPathScanner - [client:400205]scan file in current open file directory(C:/Users/Usuario/OneDrive/Ana Ruth Zam/Ruth Zambrano/pagina web.html)
2025-10-29 13:52:17.031 [pool-3-thread-1] INFO  com.rs.mv.mvvs.client.catalog.from.scan.CurrentPathScanner - [client:400205]scan file in current open file directory(C:/Users/Usuario/OneDrive/Ana Ruth Zam/Ruth Zambrano)
2025-10-29 13:52:18.744 [pool-3-thread-1] INFO  com.rs.mv.mvvs.client.catalog.from.scan.CurrentPathScanner - [client:400205]scan file in current open file directory(C:/Users/Usuario/OneDrive/Ana Ruth Zam/Ruth Zambrano/pagina web.html)
2025-10-29 13:53:29.248 [pool-3-thread-1] INFO  com.rs.mv.mvvs.client.catalog.from.scan.CurrentPathScanner - [client:400205]scan file in current open file directory(C:/Users/Usuario/OneDrive/Ana Ruth Zam/Ruth Zambrano/pagina web.html)
2025-10-29 13:53:30.420 [pool-3-thread-1] INFO  com.rs.mv.mvvs.client.catalog.from.scan.CurrentPathScanner - [client:400205]scan file in current open file directory(C:/Users/Usuario/OneDrive/Ana Ruth Zam/Ruth Zambrano/pagina web.html)
2025-10-29 13:54:02.162 [pool-3-thread-1] INFO  com.rs.mv.mvvs.client.catalog.from.scan.CurrentPathScanner - [client:400205]scan file in current open file directory(C:/Users/Usuario/OneDrive/Ana Ruth Zam/Ruth Zambrano)
2025-10-29 13:54:03.783 [pool-3-thread-1] INFO  com.rs.mv.mvvs.client.catalog.from.scan.CurrentPathScanner - [client:400205]scan file in current open file directory(C:/Users/Usuario/OneDrive/Ana Ruth Zam/Ruth Zambrano/pagina web.html)
2025-10-29 13:54:05.414 [pool-3-thread-1] INFO  com.rs.mv.mvvs.client.catalog.from.scan.CurrentPathScanner - [client:400205]scan file in current open file directory(C:/Users/Usuario/OneDrive/Ana Ruth Zam/Ruth Zambrano/pagina web.html)
2025-10-29 13:54:08.416 [pool-3-thread-1] INFO  com.rs.mv.mvvs.client.catalog.from.scan.CurrentPathScanner - [client:400205]scan file in current open file directory(C:/Users/Usuario/OneDrive/Ana Ruth Zam/Ruth Zambrano/pagina web.html)
2025-10-29 13:54:13.059 [pool-3-thread-1] INFO  com.rs.mv.mvvs.client.catalog.from.scan.CurrentPathScanner - [client:400205]scan file in current open file directory(C:/Users/Usuario/OneDrive/Ana Ruth Zam/Ruth Zambrano/pagina web.html)
2025-10-29 13:54:29.761 [pool-3-thread-1] INFO  com.rs.mv.mvvs.client.catalog.from.scan.CurrentPathScanner - [client:400205]scan file in current open file directory(C:/Users/Usuario/OneDrive/Ana Ruth Zam/Ruth Zambrano/pagina web.html)
2025-10-29 13:54:40.531 [pool-3-thread-1] INFO  com.rs.mv.mvvs.client.catalog.from.scan.CurrentPathScanner - [client:400205]scan file in current open file directory(C:/Users/Usuario/OneDrive/Ana Ruth Zam/Ruth Zambrano/pagina web.html)
2025-10-29 13:54:50.608 [pool-3-thread-1] INFO  com.rs.mv.mvvs.client.catalog.from.scan.CurrentPathScanner - [client:400205]scan file in current open file directory(C:/Users/Usuario/OneDrive/Ana Ruth Zam/Ruth Zambrano/pagina web.html)
2025-10-29 13:54:56.947 [pool-3-thread-1] INFO  com.rs.mv.mvvs.client.catalog.from.scan.CurrentPathScanner - [client:400205]scan file in current open file directory(C:/Users/Usuario/OneDrive/Ana Ruth Zam/Ruth Zambrano/pagina web.html)
2025-10-29 13:54:58.490 [pool-3-thread-1] INFO  com.rs.mv.mvvs.client.catalog.from.scan.CurrentPathScanner - [client:400205]scan file in current open file directory(C:/Users/Usuario/OneDrive/Ana Ruth Zam/Ruth Zambrano/pagina web.html)
2025-10-29 13:55:02.828 [pool-3-thread-1] INFO  com.rs.mv.mvvs.client.catalog.from.scan.CurrentPathScanner - [client:400205]scan file in current open file directory(C:/Users/Usuario/OneDrive/Ana Ruth Zam/Ruth Zambrano/pagina web.html)
2025-10-29 13:55:04.896 [pool-3-thread-1] INFO  com.rs.mv.mvvs.client.catalog.from.scan.CurrentPathScanner - [client:400205]scan file in current open file directory(C:/Users/Usuario/OneDrive/Ana Ruth Zam/Ruth Zambrano/pagina web.html)
2025-10-29 13:55:06.630 [pool-3-thread-1] INFO  com.rs.mv.mvvs.client.catalog.from.scan.CurrentPathScanner - [client:400205]scan file in current open file directory(C:/Users/Usuario/OneDrive/Ana Ruth Zam/Ruth Zambrano/pagina web.html)
2025-10-29 13:55:09.608 [pool-3-thread-1] INFO  com.rs.mv.mvvs.client.catalog.from.scan.CurrentPathScanner - [client:400205]scan file in current open file directory(C:/Users/Usuario/OneDrive/Ana Ruth Zam/Ruth Zambrano/pagina web.html)
2025-10-29 13:55:12.330 [pool-3-thread-1] INFO  com.rs.mv.mvvs.client.catalog.from.scan.CurrentPathScanner - [client:400205]scan file in current open file directory(C:/Users/Usuario/OneDrive/Ana Ruth Zam/Ruth Zambrano/pagina web.html)
2025-10-29 13:55:31.774 [pool-3-thread-1] INFO  com.rs.mv.mvvs.client.catalog.from.scan.CurrentPathScanner - [client:400205]scan file in current open file directory(C:/Users/Usuario/OneDrive/Ana Ruth Zam/Ruth Zambrano/pagina web.html)
2025-10-29 13:55:35.322 [pool-3-thread-1] INFO  com.rs.mv.mvvs.client.catalog.from.scan.CurrentPathScanner - [client:400205]scan file in current open file directory(C:/Users/Usuario/OneDrive/Ana Ruth Zam/Ruth Zambrano/pagina web.html)
2025-10-29 13:55:37.697 [pool-3-thread-1] INFO  com.rs.mv.mvvs.client.catalog.from.scan.CurrentPathScanner - [client:400205]scan file in current open file directory(C:/Users/Usuario/OneDrive/Ana Ruth Zam/Ruth Zambrano/pagina web.html)
2025-10-29 13:55:43.540 [pool-3-thread-1] INFO  com.rs.mv.mvvs.client.catalog.from.scan.CurrentPathScanner - [client:400205]scan file in current open file directory(C:/Users/Usuario/OneDrive/Ana Ruth Zam/Ruth Zambrano/pagina web.html)
2025-10-29 13:58:36.243 [pool-3-thread-1] INFO  com.rs.mv.mvvs.client.catalog.from.scan.CurrentPathScanner - [client:400205]scan file in current open file directory(C:/Users/Usuario/OneDrive/Ana Ruth Zam/Ruth Zambrano/pagina web.html)
2025-10-29 13:58:37.870 [pool-3-thread-1] INFO  com.rs.mv.mvvs.client.catalog.from.scan.CurrentPathScanner - [client:400205]scan file in current open file directory(C:/Users/Usuario/OneDrive/Ana Ruth Zam/Ruth Zambrano/pagina web.html)
2025-10-29 13:58:39.027 [pool-3-thread-1] INFO  com.rs.mv.mvvs.client.catalog.from.scan.CurrentPathScanner - [client:400205]scan file in current open file directory(C:/Users/Usuario/OneDrive/Ana Ruth Zam/Ruth Zambrano/pagina web.html)
2025-10-29 14:01:45.515 [pool-3-thread-1] INFO  com.rs.mv.mvvs.client.catalog.from.scan.CurrentPathScanner - [client:400205]scan file in current open file directory(C:/Users/Usuario/OneDrive/Ana Ruth Zam/Ruth Zambrano)
2025-10-29 14:01:49.657 [pool-3-thread-1] INFO  com.rs.mv.mvvs.client.catalog.from.scan.CurrentPathScanner - [client:400205]scan file in current open file directory(C:/Users/Usuario/OneDrive/Ana Ruth Zam/Ruth Zambrano/pagina web.html)
2025-10-29 14:01:54.080 [pool-3-thread-1] INFO  com.rs.mv.mvvs.client.catalog.from.scan.CurrentPathScanner - [client:400205]scan file in current open file directory(C:/Users/Usuario/OneDrive/Ana Ruth Zam/Ruth Zambrano/tabla.html)
2025-10-29 14:01:55.574 [pool-3-thread-1] INFO  com.rs.mv.mvvs.client.catalog.from.scan.CurrentPathScanner - [client:400205]scan file in current open file directory(C:/Users/Usuario/OneDrive/Ana Ruth Zam/Ruth Zambrano/pagina web.html)
2025-10-29 14:02:02.215 [pool-3-thread-1] INFO  com.rs.mv.mvvs.client.catalog.from.scan.CurrentPathScanner - [client:400205]scan file in current open file directory(C:/Users/Usuario/OneDrive/Ana Ruth Zam/Ruth Zambrano/# estilos.css)
2025-10-29 14:02:05.945 [pool-3-thread-1] INFO  com.rs.mv.mvvs.client.catalog.from.scan.CurrentPathScanner - [client:400205]scan file in current open file directory(C:/Users/Usuario/OneDrive/Ana Ruth Zam/Ruth Zambrano/pagina web.html)
2025-10-29 14:02:08.468 [pool-3-thread-1] INFO  com.rs.mv.mvvs.client.catalog.from.scan.CurrentPathScanner - [client:400205]scan file in current open file directory(C:/Users/Usuario/OneDrive/Ana Ruth Zam/Ruth Zambrano/pagina web.html)
2025-10-29 14:02:25.447 [main] WARN  com.rs.mv.mvvs.Startup - [LSP:100104]ROCKET MV BASIC EXTENSION exited
2025-10-29 14:02:43.341 [main] INFO  com.rs.mv.mvvs.Startup - [LSP:100101]ROCKET MV BASIC EXTENSION to start
2025-10-29 14:02:43.389 [main] INFO  com.rs.mv.mvvs.lsp.server.BasicLanguageServerLauncher - [LSP:100102]start pip server
2025-10-29 14:02:43.608 [main] INFO  com.rs.mv.mvvs.lsp.server.BasicLanguageServerLauncher - [LSP:100103]ROCKET MV BASIC EXTENSION start successful
2025-10-29 14:02:43.823 [pool-3-thread-1] INFO  com.rs.mv.mvvs.instance.workspace.WorkspaceManager - [workspace:200101]load all workspace folders start
2025-10-29 14:02:43.823 [pool-3-thread-1] INFO  com.rs.mv.mvvs.instance.workspace.WorkspaceManager - [workspace:20010201]root uri: file:///c%3A/Users/Usuario/OneDrive/Ana%20Ruth%20Zam/Ruth%20Zambrano
2025-10-29 14:02:43.826 [pool-3-thread-1] INFO  com.rs.mv.mvvs.instance.workspace.handler.FolderHandler - [workspace:200103]workspace contains workspace folder: file:///c%3A/Users/Usuario/OneDrive/Ana%20Ruth%20Zam/Ruth%20Zambrano
2025-10-29 14:02:43.872 [pool-3-thread-1] INFO  com.rs.mv.mvvs.instance.workspace.handler.FolderHandler - [workspace:200104]workspace folder will be cached: file:///c%3A/Users/Usuario/OneDrive/Ana%20Ruth%20Zam/Ruth%20Zambrano
2025-10-29 14:02:43.892 [pool-3-thread-1] INFO  com.rs.mv.mvvs.rmv.config.Config - [framework:30010101]config load start
2025-10-29 14:02:43.893 [pool-3-thread-1] INFO  com.rs.mv.mvvs.rmv.config.Config - [framework:30010102]project config path is : C:/Users/Usuario/OneDrive/Ana Ruth Zam/Ruth Zambrano/.rmv/config
2025-10-29 14:02:43.893 [pool-3-thread-1] INFO  com.rs.mv.mvvs.rmv.config.Config - [framework:30010103]resource config path is : /
2025-10-29 14:02:43.894 [pool-3-thread-1] INFO  com.rs.mv.mvvs.rmv.config.Config - [framework:30010104]user config path is : C:/Users/Usuario
2025-10-29 14:02:43.931 [pool-3-thread-1] INFO  com.rs.mv.mvvs.rmv.config.Config - [framework:30010105]config load end
2025-10-29 14:02:43.940 [pool-3-thread-1] INFO  com.rs.mv.mvvs.rmv.documentation.BasicDocumentation - [framework:30020101]documentation load start
2025-10-29 14:02:43.949 [pool-3-thread-1] INFO  com.rs.mv.mvvs.rmv.documentation.reader.SystemDocReader - [framework:30020102]system documentation path: /documentation/UNIVERSE/
2025-10-29 14:02:43.959 [pool-3-thread-1] INFO  com.rs.mv.mvvs.rmv.documentation.reader.ProjectDocReader - [framework:30020103]project documentation brief file: C:\Users\Usuario\OneDrive\Ana Ruth Zam\Ruth Zambrano\.rmv\documentation\UNIVERSE\custom.json
2025-10-29 14:02:43.960 [pool-3-thread-1] INFO  com.rs.mv.mvvs.rmv.documentation.reader.UserDocReader - [framework:30020104]user documentation brief file: C:\Users\Usuario\documentation\UNIVERSE\custom.json
2025-10-29 14:02:44.172 [pool-3-thread-1] INFO  com.rs.mv.mvvs.rmv.documentation.BasicDocumentation - [framework:30020105]documentation load end
2025-10-29 14:02:44.189 [pool-3-thread-1] INFO  com.rs.mv.mvvs.common.convertor.ConvertorManager - [framework:30030101]convertors for folder(C:/Users/Usuario/OneDrive/Ana Ruth Zam/Ruth Zambrano) load start
2025-10-29 14:02:44.196 [pool-3-thread-1] INFO  com.rs.mv.mvvs.common.convertor.ConvertorManager - [framework:30030102]comment convertor load finish
2025-10-29 14:02:44.465 [pool-3-thread-1] INFO  com.rs.mv.mvvs.common.convertor.ConvertorManager - [framework:30030103]keyword convertor load finish
2025-10-29 14:02:44.469 [pool-3-thread-1] INFO  com.rs.mv.mvvs.common.convertor.ConvertorManager - [framework:30030104]operator convertor load finish
2025-10-29 14:02:44.469 [pool-3-thread-1] INFO  com.rs.mv.mvvs.common.convertor.ConvertorManager - [framework:30030105]function name convertor load finish
2025-10-29 14:02:44.469 [pool-3-thread-1] INFO  com.rs.mv.mvvs.common.convertor.ConvertorManager - [framework:30030106]atVariable convertor load finish
2025-10-29 14:02:44.477 [pool-3-thread-1] INFO  com.rs.mv.mvvs.common.convertor.ConvertorManager - [framework:30030107]convertors for folder(C:/Users/Usuario/OneDrive/Ana Ruth Zam/Ruth Zambrano) load end
2025-10-29 14:02:44.478 [pool-3-thread-1] INFO  com.rs.mv.mvvs.rmv.config.CapabilityConfig - [framework:30010301]capabilities file(C:/Users/Usuario/OneDrive/Ana Ruth Zam/Ruth Zambrano/config/capability) doesn't exist or read error, default config will take effect
2025-10-29 14:02:44.480 [pool-3-thread-1] INFO  com.rs.mv.mvvs.instance.workspace.WorkspaceManager - [workspace:200105]load all workspace folders successful
2025-10-29 14:02:44.483 [pool-3-thread-1] INFO  com.rs.mv.mvvs.client.account.AccountManager - [client:40010101]load account manager start
2025-10-29 14:02:44.563 [pool-3-thread-1] INFO  com.rs.mv.mvvs.client.account.handler.CacheAccountHandler - [client:40010102]load cache account: 
2025-10-29 14:02:44.594 [pool-3-thread-1] INFO  com.rs.mv.mvvs.client.account.handler.ExternalAccountHandler - [client:40010103]load external account: 
2025-10-29 14:02:44.869 [pool-3-thread-1] INFO  com.rs.mv.mvvs.client.catalog.manager.U2CatalogManager - [client:400203]cache file auto update thread launch in Ruth Zambrano account
2025-10-29 14:02:44.884 [pool-3-thread-1] INFO  com.rs.mv.mvvs.client.catalog.from.config.DirsConfigReader - [client:400206]parse dir config information
2025-10-29 14:02:44.896 [pool-3-thread-1] INFO  com.rs.mv.mvvs.client.catalog.from.config.MappingConfigReader - [client:400207]parse mapping config information
2025-10-29 14:02:44.900 [pool-3-thread-1] INFO  com.rs.mv.mvvs.client.catalog.manager.U2CatalogManager - [client:400202]start a schedule task to get global/local catalog for Ruth Zambrano, its period 5s 
2025-10-29 14:02:44.900 [pool-3-thread-1] INFO  com.rs.mv.mvvs.client.catalog.manager.U2CatalogManager - [client:400203]cache file auto update thread launch in .git account
2025-10-29 14:02:44.900 [pool-3-thread-1] INFO  com.rs.mv.mvvs.client.catalog.from.config.DirsConfigReader - [client:400206]parse dir config information
2025-10-29 14:02:44.900 [pool-3-thread-1] INFO  com.rs.mv.mvvs.client.catalog.from.config.MappingConfigReader - [client:400207]parse mapping config information
2025-10-29 14:02:44.900 [pool-3-thread-1] INFO  com.rs.mv.mvvs.client.catalog.manager.U2CatalogManager - [client:400202]start a schedule task to get global/local catalog for .git, its period 5s 
2025-10-29 14:02:44.900 [pool-3-thread-1] INFO  com.rs.mv.mvvs.client.catalog.manager.U2CatalogManager - [client:400203]cache file auto update thread launch in logs account
2025-10-29 14:02:44.900 [pool-3-thread-1] INFO  com.rs.mv.mvvs.client.catalog.from.config.DirsConfigReader - [client:400206]parse dir config information
2025-10-29 14:02:44.900 [pool-3-thread-1] INFO  com.rs.mv.mvvs.client.catalog.from.config.MappingConfigReader - [client:400207]parse mapping config information
2025-10-29 14:02:44.900 [pool-3-thread-1] INFO  com.rs.mv.mvvs.client.catalog.manager.U2CatalogManager - [client:400202]start a schedule task to get global/local catalog for logs, its period 5s 
2025-10-29 14:02:44.900 [pool-3-thread-1] INFO  com.rs.mv.mvvs.client.catalog.manager.U2CatalogManager - [client:400203]cache file auto update thread launch in refs account
2025-10-29 14:02:44.900 [pool-3-thread-1] INFO  com.rs.mv.mvvs.client.catalog.from.config.DirsConfigReader - [client:400206]parse dir config information
2025-10-29 14:02:44.900 [pool-3-thread-1] INFO  com.rs.mv.mvvs.client.catalog.from.config.MappingConfigReader - [client:400207]parse mapping config information
2025-10-29 14:02:44.912 [pool-3-thread-1] INFO  com.rs.mv.mvvs.client.catalog.manager.U2CatalogManager - [client:400202]start a schedule task to get global/local catalog for refs, its period 5s 
2025-10-29 14:02:44.912 [pool-3-thread-1] INFO  com.rs.mv.mvvs.client.catalog.manager.U2CatalogManager - [client:400203]cache file auto update thread launch in remotes account
2025-10-29 14:02:44.916 [pool-3-thread-1] INFO  com.rs.mv.mvvs.client.catalog.from.config.DirsConfigReader - [client:400206]parse dir config information
2025-10-29 14:02:44.918 [pool-3-thread-1] INFO  com.rs.mv.mvvs.client.catalog.from.config.MappingConfigReader - [client:400207]parse mapping config information
2025-10-29 14:02:44.918 [pool-3-thread-1] INFO  com.rs.mv.mvvs.client.catalog.manager.U2CatalogManager - [client:400202]start a schedule task to get global/local catalog for remotes, its period 5s 
2025-10-29 14:02:44.918 [pool-3-thread-1] INFO  com.rs.mv.mvvs.client.catalog.manager.U2CatalogManager - [client:400203]cache file auto update thread launch in objects account
2025-10-29 14:02:44.918 [pool-3-thread-1] INFO  com.rs.mv.mvvs.client.catalog.from.config.DirsConfigReader - [client:400206]parse dir config information
2025-10-29 14:02:44.918 [pool-3-thread-1] INFO  com.rs.mv.mvvs.client.catalog.from.config.MappingConfigReader - [client:400207]parse mapping config information
2025-10-29 14:02:44.926 [pool-3-thread-1] INFO  com.rs.mv.mvvs.client.catalog.manager.U2CatalogManager - [client:400202]start a schedule task to get global/local catalog for objects, its period 5s 
2025-10-29 14:02:44.929 [pool-3-thread-1] INFO  com.rs.mv.mvvs.client.catalog.manager.U2CatalogManager - [client:400203]cache file auto update thread launch in refs account
2025-10-29 14:02:44.930 [pool-3-thread-1] INFO  com.rs.mv.mvvs.client.catalog.from.config.DirsConfigReader - [client:400206]parse dir config information
2025-10-29 14:02:44.934 [pool-3-thread-1] INFO  com.rs.mv.mvvs.client.catalog.from.config.MappingConfigReader - [client:400207]parse mapping config information
2025-10-29 14:02:44.935 [pool-3-thread-1] INFO  com.rs.mv.mvvs.client.catalog.manager.U2CatalogManager - [client:400202]start a schedule task to get global/local catalog for refs, its period 5s 
2025-10-29 14:02:44.935 [pool-3-thread-1] INFO  com.rs.mv.mvvs.client.catalog.manager.U2CatalogManager - [client:400203]cache file auto update thread launch in remotes account
2025-10-29 14:02:44.935 [pool-3-thread-1] INFO  com.rs.mv.mvvs.client.catalog.from.config.DirsConfigReader - [client:400206]parse dir config information
2025-10-29 14:02:44.935 [pool-3-thread-1] INFO  com.rs.mv.mvvs.client.catalog.from.config.MappingConfigReader - [client:400207]parse mapping config information
2025-10-29 14:02:44.935 [pool-3-thread-1] INFO  com.rs.mv.mvvs.client.catalog.manager.U2CatalogManager - [client:400202]start a schedule task to get global/local catalog for remotes, its period 5s 
2025-10-29 14:02:44.956 [pool-3-thread-1] INFO  com.rs.mv.mvvs.client.account.handler.ServerAccountHandler - [client:40010104]load server account: Account{name=Ruth Zambrano, path=C:/Users/Usuario/OneDrive/Ana Ruth Zam/Ruth Zambrano, type=PREDICT}
Account{name=remotes, path=C:/Users/Usuario/OneDrive/Ana Ruth Zam/Ruth Zambrano/.git/logs/refs/remotes, type=PREDICT}
Account{name=refs, path=C:/Users/Usuario/OneDrive/Ana Ruth Zam/Ruth Zambrano/.git/refs, type=PREDICT}
Account{name=.git, path=C:/Users/Usuario/OneDrive/Ana Ruth Zam/Ruth Zambrano/.git, type=PREDICT}
Account{name=remotes, path=C:/Users/Usuario/OneDrive/Ana Ruth Zam/Ruth Zambrano/.git/refs/remotes, type=PREDICT}
Account{name=logs, path=C:/Users/Usuario/OneDrive/Ana Ruth Zam/Ruth Zambrano/.git/logs, type=PREDICT}
Account{name=refs, path=C:/Users/Usuario/OneDrive/Ana Ruth Zam/Ruth Zambrano/.git/logs/refs, type=PREDICT}
Account{name=objects, path=C:/Users/Usuario/OneDrive/Ana Ruth Zam/Ruth Zambrano/.git/objects, type=PREDICT}
2025-10-29 14:02:44.957 [pool-3-thread-1] INFO  com.rs.mv.mvvs.client.account.AccountManager - [client:40010105]load account manager finish
2025-10-29 14:02:44.959 [pool-3-thread-1] INFO  com.rs.mv.mvvs.instance.userspace.UserspaceManager - [framework:30010402]config file(C:\Users\Usuario/.rmv/config) watcher launch successful
2025-10-29 14:02:45.085 [pool-3-thread-1] INFO  com.rs.mv.mvvs.client.catalog.from.scan.CurrentPathScanner - [client:400205]scan file in current open file directory(C:/Users/Usuario/OneDrive/Ana Ruth Zam/Ruth Zambrano/pagina web.html)
2025-10-29 14:03:00.372 [pool-3-thread-1] INFO  com.rs.mv.mvvs.client.catalog.from.scan.CurrentPathScanner - [client:400205]scan file in current open file directory(C:/Users/Usuario/OneDrive/Ana Ruth Zam/Ruth Zambrano/pagina web.html)
2025-10-29 14:03:03.599 [pool-3-thread-1] INFO  com.rs.mv.mvvs.client.catalog.from.scan.CurrentPathScanner - [client:400205]scan file in current open file directory(C:/Users/Usuario/OneDrive/Ana Ruth Zam/Ruth Zambrano/pagina web.html)
2025-10-29 14:03:05.547 [pool-3-thread-1] INFO  com.rs.mv.mvvs.client.catalog.from.scan.CurrentPathScanner - [client:400205]scan file in current open file directory(C:/Users/Usuario/OneDrive/Ana Ruth Zam/Ruth Zambrano/pagina web.html)
2025-10-29 14:03:12.165 [pool-3-thread-1] INFO  com.rs.mv.mvvs.client.catalog.from.scan.CurrentPathScanner - [client:400205]scan file in current open file directory(C:/Users/Usuario/OneDrive/Ana Ruth Zam/Ruth Zambrano/.git)
2025-10-29 14:03:50.704 [pool-3-thread-1] INFO  com.rs.mv.mvvs.client.catalog.from.scan.CurrentPathScanner - [client:400205]scan file in current open file directory(C:/Users/Usuario/OneDrive/Ana Ruth Zam/Ruth Zambrano/pagina web.html)
2025-10-29 14:04:03.860 [pool-3-thread-1] INFO  com.rs.mv.mvvs.client.catalog.from.scan.CurrentPathScanner - [client:400205]scan file in current open file directory(C:/Users/Usuario/OneDrive/Ana Ruth Zam/Ruth Zambrano/.git)
2025-10-29 14:04:22.155 [pool-3-thread-1] INFO  com.rs.mv.mvvs.client.catalog.from.scan.CurrentPathScanner - [client:400205]scan file in current open file directory(C:/Users/Usuario/OneDrive/Ana Ruth Zam/Ruth Zambrano/pagina web.html)
2025-10-29 14:06:36.578 [pool-3-thread-1] INFO  com.rs.mv.mvvs.client.catalog.from.scan.CurrentPathScanner - [client:400205]scan file in current open file directory(C:/Users/Usuario/OneDrive/Ana Ruth Zam/Ruth Zambrano/Pagina2.html)
2025-10-29 14:06:49.536 [pool-3-thread-1] INFO  com.rs.mv.mvvs.client.catalog.from.scan.CurrentPathScanner - [client:400205]scan file in current open file directory(C:/Users/Usuario/OneDrive/Ana Ruth Zam/Ruth Zambrano/Pagina2.html)
2025-10-29 14:06:55.600 [pool-3-thread-1] INFO  com.rs.mv.mvvs.client.catalog.from.scan.CurrentPathScanner - [client:400205]scan file in current open file directory(C:/Users/Usuario/OneDrive/Ana Ruth Zam/Ruth Zambrano/Pagina2.html)
2025-10-29 14:08:46.898 [pool-3-thread-1] INFO  com.rs.mv.mvvs.client.catalog.from.scan.CurrentPathScanner - [client:400205]scan file in current open file directory(C:/Users/Usuario/OneDrive/Ana Ruth Zam/Ruth Zambrano/pagina web.html)
2025-10-29 14:12:23.241 [pool-3-thread-1] INFO  com.rs.mv.mvvs.client.catalog.from.scan.CurrentPathScanner - [client:400205]scan file in current open file directory(C:/Users/Usuario/OneDrive/Ana Ruth Zam/Ruth Zambrano/pagina web.html)
2025-10-29 14:12:24.694 [pool-3-thread-1] INFO  com.rs.mv.mvvs.client.catalog.from.scan.CurrentPathScanner - [client:400205]scan file in current open file directory(C:/Users/Usuario/OneDrive/Ana Ruth Zam/Ruth Zambrano/pagina web.html)
2025-10-29 14:26:57.721 [main] WARN  com.rs.mv.mvvs.Startup - [LSP:100104]ROCKET MV BASIC EXTENSION exited
