2025-11-12 13:24:58.274 [main] INFO  com.rs.mv.mvvs.Startup - [LSP:100101]ROCKET MV BASIC EXTENSION to start
2025-11-12 13:24:58.373 [main] INFO  com.rs.mv.mvvs.lsp.server.BasicLanguageServerLauncher - [LSP:100102]start pip server
2025-11-12 13:24:58.587 [main] INFO  com.rs.mv.mvvs.lsp.server.BasicLanguageServerLauncher - [LSP:100103]ROCKET MV BASIC EXTENSION start successful
2025-11-12 13:24:58.709 [pool-3-thread-1] INFO  com.rs.mv.mvvs.instance.workspace.WorkspaceManager - [workspace:200101]load all workspace folders start
2025-11-12 13:24:58.709 [pool-3-thread-1] INFO  com.rs.mv.mvvs.instance.workspace.WorkspaceManager - [workspace:20010201]root uri: file:///c%3A/Users/Usuario/OneDrive/Ana%20Ruth%20Zam/Ruth%20Zambrano
2025-11-12 13:24:58.724 [pool-3-thread-1] INFO  com.rs.mv.mvvs.instance.workspace.handler.FolderHandler - [workspace:200103]workspace contains workspace folder: file:///c%3A/Users/Usuario/OneDrive/Ana%20Ruth%20Zam/Ruth%20Zambrano
2025-11-12 13:24:58.740 [pool-3-thread-1] INFO  com.rs.mv.mvvs.instance.workspace.handler.FolderHandler - [workspace:200104]workspace folder will be cached: file:///c%3A/Users/Usuario/OneDrive/Ana%20Ruth%20Zam/Ruth%20Zambrano
2025-11-12 13:24:58.740 [pool-3-thread-1] INFO  com.rs.mv.mvvs.rmv.config.Config - [framework:30010101]config load start
2025-11-12 13:24:58.740 [pool-3-thread-1] INFO  com.rs.mv.mvvs.rmv.config.Config - [framework:30010102]project config path is : C:/Users/Usuario/OneDrive/Ana Ruth Zam/Ruth Zambrano/.rmv/config
2025-11-12 13:24:58.740 [pool-3-thread-1] INFO  com.rs.mv.mvvs.rmv.config.Config - [framework:30010103]resource config path is : /
2025-11-12 13:24:58.740 [pool-3-thread-1] INFO  com.rs.mv.mvvs.rmv.config.Config - [framework:30010104]user config path is : C:/Users/Usuario
2025-11-12 13:24:58.776 [pool-3-thread-1] INFO  com.rs.mv.mvvs.rmv.config.Config - [framework:30010105]config load end
2025-11-12 13:24:58.776 [pool-3-thread-1] INFO  com.rs.mv.mvvs.rmv.documentation.BasicDocumentation - [framework:30020101]documentation load start
2025-11-12 13:24:58.776 [pool-3-thread-1] INFO  com.rs.mv.mvvs.rmv.documentation.reader.SystemDocReader - [framework:30020102]system documentation path: /documentation/UNIVERSE/
2025-11-12 13:24:58.789 [pool-3-thread-1] INFO  com.rs.mv.mvvs.rmv.documentation.reader.ProjectDocReader - [framework:30020103]project documentation brief file: C:\Users\Usuario\OneDrive\Ana Ruth Zam\Ruth Zambrano\.rmv\documentation\UNIVERSE\custom.json
2025-11-12 13:24:58.789 [pool-3-thread-1] INFO  com.rs.mv.mvvs.rmv.documentation.reader.UserDocReader - [framework:30020104]user documentation brief file: C:\Users\Usuario\documentation\UNIVERSE\custom.json
2025-11-12 13:24:58.996 [pool-3-thread-1] INFO  com.rs.mv.mvvs.rmv.documentation.BasicDocumentation - [framework:30020105]documentation load end
2025-11-12 13:24:58.996 [pool-3-thread-1] INFO  com.rs.mv.mvvs.common.convertor.ConvertorManager - [framework:30030101]convertors for folder(C:/Users/Usuario/OneDrive/Ana Ruth Zam/Ruth Zambrano) load start
2025-11-12 13:24:59.010 [pool-3-thread-1] INFO  com.rs.mv.mvvs.common.convertor.ConvertorManager - [framework:30030102]comment convertor load finish
2025-11-12 13:24:59.229 [pool-3-thread-1] INFO  com.rs.mv.mvvs.common.convertor.ConvertorManager - [framework:30030103]keyword convertor load finish
2025-11-12 13:24:59.234 [pool-3-thread-1] INFO  com.rs.mv.mvvs.common.convertor.ConvertorManager - [framework:30030104]operator convertor load finish
2025-11-12 13:24:59.240 [pool-3-thread-1] INFO  com.rs.mv.mvvs.common.convertor.ConvertorManager - [framework:30030105]function name convertor load finish
2025-11-12 13:24:59.242 [pool-3-thread-1] INFO  com.rs.mv.mvvs.common.convertor.ConvertorManager - [framework:30030106]atVariable convertor load finish
2025-11-12 13:24:59.243 [pool-3-thread-1] INFO  com.rs.mv.mvvs.common.convertor.ConvertorManager - [framework:30030107]convertors for folder(C:/Users/Usuario/OneDrive/Ana Ruth Zam/Ruth Zambrano) load end
2025-11-12 13:24:59.247 [pool-3-thread-1] INFO  com.rs.mv.mvvs.rmv.config.CapabilityConfig - [framework:30010301]capabilities file(C:/Users/Usuario/OneDrive/Ana Ruth Zam/Ruth Zambrano/config/capability) doesn't exist or read error, default config will take effect
2025-11-12 13:24:59.248 [pool-3-thread-1] INFO  com.rs.mv.mvvs.instance.workspace.WorkspaceManager - [workspace:200105]load all workspace folders successful
2025-11-12 13:24:59.265 [pool-3-thread-1] INFO  com.rs.mv.mvvs.client.account.AccountManager - [client:40010101]load account manager start
2025-11-12 13:24:59.293 [pool-3-thread-1] INFO  com.rs.mv.mvvs.client.account.handler.CacheAccountHandler - [client:40010102]load cache account: 
2025-11-12 13:24:59.309 [pool-3-thread-1] INFO  com.rs.mv.mvvs.client.account.handler.ExternalAccountHandler - [client:40010103]load external account: 
2025-11-12 13:24:59.738 [pool-3-thread-1] INFO  com.rs.mv.mvvs.client.catalog.manager.U2CatalogManager - [client:400203]cache file auto update thread launch in Ruth Zambrano account
2025-11-12 13:24:59.757 [pool-3-thread-1] INFO  com.rs.mv.mvvs.client.catalog.from.config.DirsConfigReader - [client:400206]parse dir config information
2025-11-12 13:24:59.766 [pool-3-thread-1] INFO  com.rs.mv.mvvs.client.catalog.from.config.MappingConfigReader - [client:400207]parse mapping config information
2025-11-12 13:24:59.771 [pool-3-thread-1] INFO  com.rs.mv.mvvs.client.catalog.manager.U2CatalogManager - [client:400202]start a schedule task to get global/local catalog for Ruth Zambrano, its period 5s 
2025-11-12 13:24:59.775 [pool-3-thread-1] INFO  com.rs.mv.mvvs.client.catalog.manager.U2CatalogManager - [client:400203]cache file auto update thread launch in .git account
2025-11-12 13:24:59.776 [pool-3-thread-1] INFO  com.rs.mv.mvvs.client.catalog.from.config.DirsConfigReader - [client:400206]parse dir config information
2025-11-12 13:24:59.778 [pool-3-thread-1] INFO  com.rs.mv.mvvs.client.catalog.from.config.MappingConfigReader - [client:400207]parse mapping config information
2025-11-12 13:24:59.781 [pool-3-thread-1] INFO  com.rs.mv.mvvs.client.catalog.manager.U2CatalogManager - [client:400202]start a schedule task to get global/local catalog for .git, its period 5s 
2025-11-12 13:24:59.782 [pool-3-thread-1] INFO  com.rs.mv.mvvs.client.catalog.manager.U2CatalogManager - [client:400203]cache file auto update thread launch in logs account
2025-11-12 13:24:59.784 [pool-3-thread-1] INFO  com.rs.mv.mvvs.client.catalog.from.config.DirsConfigReader - [client:400206]parse dir config information
2025-11-12 13:24:59.787 [pool-3-thread-1] INFO  com.rs.mv.mvvs.client.catalog.from.config.MappingConfigReader - [client:400207]parse mapping config information
2025-11-12 13:24:59.788 [pool-3-thread-1] INFO  com.rs.mv.mvvs.client.catalog.manager.U2CatalogManager - [client:400202]start a schedule task to get global/local catalog for logs, its period 5s 
2025-11-12 13:24:59.788 [pool-3-thread-1] INFO  com.rs.mv.mvvs.client.catalog.manager.U2CatalogManager - [client:400203]cache file auto update thread launch in refs account
2025-11-12 13:24:59.792 [pool-3-thread-1] INFO  com.rs.mv.mvvs.client.catalog.from.config.DirsConfigReader - [client:400206]parse dir config information
2025-11-12 13:24:59.792 [pool-3-thread-1] INFO  com.rs.mv.mvvs.client.catalog.from.config.MappingConfigReader - [client:400207]parse mapping config information
2025-11-12 13:24:59.794 [pool-3-thread-1] INFO  com.rs.mv.mvvs.client.catalog.manager.U2CatalogManager - [client:400202]start a schedule task to get global/local catalog for refs, its period 5s 
2025-11-12 13:24:59.797 [pool-3-thread-1] INFO  com.rs.mv.mvvs.client.catalog.manager.U2CatalogManager - [client:400203]cache file auto update thread launch in remotes account
2025-11-12 13:24:59.798 [pool-3-thread-1] INFO  com.rs.mv.mvvs.client.catalog.from.config.DirsConfigReader - [client:400206]parse dir config information
2025-11-12 13:24:59.799 [pool-3-thread-1] INFO  com.rs.mv.mvvs.client.catalog.from.config.MappingConfigReader - [client:400207]parse mapping config information
2025-11-12 13:24:59.801 [pool-3-thread-1] INFO  com.rs.mv.mvvs.client.catalog.manager.U2CatalogManager - [client:400202]start a schedule task to get global/local catalog for remotes, its period 5s 
2025-11-12 13:24:59.801 [pool-3-thread-1] INFO  com.rs.mv.mvvs.client.catalog.manager.U2CatalogManager - [client:400203]cache file auto update thread launch in objects account
2025-11-12 13:24:59.801 [pool-3-thread-1] INFO  com.rs.mv.mvvs.client.catalog.from.config.DirsConfigReader - [client:400206]parse dir config information
2025-11-12 13:24:59.801 [pool-3-thread-1] INFO  com.rs.mv.mvvs.client.catalog.from.config.MappingConfigReader - [client:400207]parse mapping config information
2025-11-12 13:24:59.807 [pool-3-thread-1] INFO  com.rs.mv.mvvs.client.catalog.manager.U2CatalogManager - [client:400202]start a schedule task to get global/local catalog for objects, its period 5s 
2025-11-12 13:24:59.809 [pool-3-thread-1] INFO  com.rs.mv.mvvs.client.catalog.manager.U2CatalogManager - [client:400203]cache file auto update thread launch in refs account
2025-11-12 13:24:59.809 [pool-3-thread-1] INFO  com.rs.mv.mvvs.client.catalog.from.config.DirsConfigReader - [client:400206]parse dir config information
2025-11-12 13:24:59.811 [pool-3-thread-1] INFO  com.rs.mv.mvvs.client.catalog.from.config.MappingConfigReader - [client:400207]parse mapping config information
2025-11-12 13:24:59.813 [pool-3-thread-1] INFO  com.rs.mv.mvvs.client.catalog.manager.U2CatalogManager - [client:400202]start a schedule task to get global/local catalog for refs, its period 5s 
2025-11-12 13:24:59.814 [pool-3-thread-1] INFO  com.rs.mv.mvvs.client.catalog.manager.U2CatalogManager - [client:400203]cache file auto update thread launch in remotes account
2025-11-12 13:24:59.814 [pool-3-thread-1] INFO  com.rs.mv.mvvs.client.catalog.from.config.DirsConfigReader - [client:400206]parse dir config information
2025-11-12 13:24:59.817 [pool-3-thread-1] INFO  com.rs.mv.mvvs.client.catalog.from.config.MappingConfigReader - [client:400207]parse mapping config information
2025-11-12 13:24:59.817 [pool-3-thread-1] INFO  com.rs.mv.mvvs.client.catalog.manager.U2CatalogManager - [client:400202]start a schedule task to get global/local catalog for remotes, its period 5s 
2025-11-12 13:24:59.823 [pool-3-thread-1] INFO  com.rs.mv.mvvs.client.catalog.manager.U2CatalogManager - [client:400203]cache file auto update thread launch in Trabajo_en_clase account
2025-11-12 13:24:59.825 [pool-3-thread-1] INFO  com.rs.mv.mvvs.client.catalog.from.config.DirsConfigReader - [client:400206]parse dir config information
2025-11-12 13:24:59.826 [pool-3-thread-1] INFO  com.rs.mv.mvvs.client.catalog.from.config.MappingConfigReader - [client:400207]parse mapping config information
2025-11-12 13:24:59.826 [pool-3-thread-1] INFO  com.rs.mv.mvvs.client.catalog.manager.U2CatalogManager - [client:400202]start a schedule task to get global/local catalog for Trabajo_en_clase, its period 5s 
2025-11-12 13:24:59.841 [pool-3-thread-1] INFO  com.rs.mv.mvvs.client.account.handler.ServerAccountHandler - [client:40010104]load server account: Account{name=Ruth Zambrano, path=C:/Users/Usuario/OneDrive/Ana Ruth Zam/Ruth Zambrano, type=PREDICT}
Account{name=Trabajo_en_clase, path=C:/Users/Usuario/OneDrive/Ana Ruth Zam/Ruth Zambrano/Trabajo_en_clase, type=PREDICT}
Account{name=remotes, path=C:/Users/Usuario/OneDrive/Ana Ruth Zam/Ruth Zambrano/.git/logs/refs/remotes, type=PREDICT}
Account{name=refs, path=C:/Users/Usuario/OneDrive/Ana Ruth Zam/Ruth Zambrano/.git/refs, type=PREDICT}
Account{name=.git, path=C:/Users/Usuario/OneDrive/Ana Ruth Zam/Ruth Zambrano/.git, type=PREDICT}
Account{name=remotes, path=C:/Users/Usuario/OneDrive/Ana Ruth Zam/Ruth Zambrano/.git/refs/remotes, type=PREDICT}
Account{name=logs, path=C:/Users/Usuario/OneDrive/Ana Ruth Zam/Ruth Zambrano/.git/logs, type=PREDICT}
Account{name=refs, path=C:/Users/Usuario/OneDrive/Ana Ruth Zam/Ruth Zambrano/.git/logs/refs, type=PREDICT}
Account{name=objects, path=C:/Users/Usuario/OneDrive/Ana Ruth Zam/Ruth Zambrano/.git/objects, type=PREDICT}
2025-11-12 13:24:59.841 [pool-3-thread-1] INFO  com.rs.mv.mvvs.client.account.AccountManager - [client:40010105]load account manager finish
2025-11-12 13:24:59.845 [pool-3-thread-1] INFO  com.rs.mv.mvvs.instance.userspace.UserspaceManager - [framework:30010402]config file(C:\Users\Usuario/.rmv/config) watcher launch successful
2025-11-12 13:26:18.992 [pool-3-thread-1] INFO  com.rs.mv.mvvs.client.catalog.from.scan.CurrentPathScanner - [client:400205]scan file in current open file directory(C:/Users/Usuario/OneDrive/Ana Ruth Zam/Ruth Zambrano/Trabajo_en_clase/Calculadoratrabajo)
2025-11-12 13:26:24.341 [pool-3-thread-1] INFO  com.rs.mv.mvvs.client.catalog.from.scan.CurrentPathScanner - [client:400205]scan file in current open file directory(C:/Users/Usuario/OneDrive/Ana Ruth Zam/Ruth Zambrano/Trabajo_en_clase/Calculadoratrabajo)
2025-11-12 13:31:54.448 [pool-3-thread-1] INFO  com.rs.mv.mvvs.client.catalog.from.scan.CurrentPathScanner - [client:400205]scan file in current open file directory(C:/Users/Usuario/OneDrive/Ana Ruth Zam/Ruth Zambrano/Trabajo_en_clase/javasclase.html)
2025-11-12 13:31:55.669 [pool-3-thread-1] INFO  com.rs.mv.mvvs.client.catalog.from.scan.CurrentPathScanner - [client:400205]scan file in current open file directory(C:/Users/Usuario/OneDrive/Ana Ruth Zam/Ruth Zambrano/Trabajo_en_clase/javasclase.html)
2025-11-12 13:31:57.863 [pool-3-thread-1] INFO  com.rs.mv.mvvs.client.catalog.from.scan.CurrentPathScanner - [client:400205]scan file in current open file directory(C:/Users/Usuario/OneDrive/Ana Ruth Zam/Ruth Zambrano/Trabajo_en_clase/javasclase.html)
2025-11-12 13:32:31.107 [pool-3-thread-1] INFO  com.rs.mv.mvvs.client.catalog.from.scan.CurrentPathScanner - [client:400205]scan file in current open file directory(C:/Users/Usuario/OneDrive/Ana Ruth Zam/Ruth Zambrano/Trabajo_en_clase/javasclase.html)
2025-11-12 13:32:32.157 [pool-3-thread-1] INFO  com.rs.mv.mvvs.client.catalog.from.scan.CurrentPathScanner - [client:400205]scan file in current open file directory(C:/Users/Usuario/OneDrive/Ana Ruth Zam/Ruth Zambrano/Trabajo_en_clase/javasclase.html)
2025-11-12 13:32:34.407 [pool-3-thread-1] INFO  com.rs.mv.mvvs.client.catalog.from.scan.CurrentPathScanner - [client:400205]scan file in current open file directory(C:/Users/Usuario/OneDrive/Ana Ruth Zam/Ruth Zambrano/Trabajo_en_clase/Calculadoratrabajo)
2025-11-12 13:34:32.503 [pool-3-thread-1] INFO  com.rs.mv.mvvs.client.catalog.from.scan.CurrentPathScanner - [client:400205]scan file in current open file directory(C:/Users/Usuario/OneDrive/Ana Ruth Zam/Ruth Zambrano/Trabajo_en_clase/Calculadoratrabajo)
2025-11-12 13:35:55.865 [pool-3-thread-1] INFO  com.rs.mv.mvvs.client.catalog.from.scan.CurrentPathScanner - [client:400205]scan file in current open file directory(C:/Users/Usuario/OneDrive/Ana Ruth Zam/Ruth Zambrano/Trabajo_en_clase/Calculadoratrabajo)
2025-11-12 13:36:31.542 [pool-3-thread-1] INFO  com.rs.mv.mvvs.client.catalog.from.scan.CurrentPathScanner - [client:400205]scan file in current open file directory(C:/Users/Usuario/OneDrive/Ana Ruth Zam/Ruth Zambrano/Trabajo_en_clase/Calculadoratrabajo)
2025-11-12 13:36:43.043 [pool-3-thread-1] INFO  com.rs.mv.mvvs.client.catalog.from.scan.CurrentPathScanner - [client:400205]scan file in current open file directory(C:/Users/Usuario/OneDrive/Ana Ruth Zam/Ruth Zambrano/Trabajo_en_clase/Calculadoratrabajo)
2025-11-12 13:36:58.081 [pool-3-thread-1] INFO  com.rs.mv.mvvs.client.catalog.from.scan.CurrentPathScanner - [client:400205]scan file in current open file directory(C:/Users/Usuario/OneDrive/Ana Ruth Zam/Ruth Zambrano/Trabajo_en_clase/Calculadoratrabajo)
2025-11-12 13:37:00.033 [pool-3-thread-1] INFO  com.rs.mv.mvvs.client.catalog.from.scan.CurrentPathScanner - [client:400205]scan file in current open file directory(C:/Users/Usuario/OneDrive/Ana Ruth Zam/Ruth Zambrano/Trabajo_en_clase/Calculadoratrabajo)
2025-11-12 13:38:16.152 [pool-3-thread-1] INFO  com.rs.mv.mvvs.client.catalog.from.scan.CurrentPathScanner - [client:400205]scan file in current open file directory(C:/Users/Usuario/OneDrive/Ana Ruth Zam/Ruth Zambrano/Trabajo_en_clase/Calculadoratrabajo)
2025-11-12 13:38:33.407 [pool-3-thread-1] INFO  com.rs.mv.mvvs.client.catalog.from.scan.CurrentPathScanner - [client:400205]scan file in current open file directory(C:/Users/Usuario/OneDrive/Ana Ruth Zam/Ruth Zambrano/Trabajo_en_clase/Calculadoratrabajo)
2025-11-12 13:39:05.294 [pool-3-thread-1] INFO  com.rs.mv.mvvs.client.catalog.from.scan.CurrentPathScanner - [client:400205]scan file in current open file directory(C:/Users/Usuario/OneDrive/Ana Ruth Zam/Ruth Zambrano/Trabajo_en_clase/Calculadoratrabajo)
2025-11-12 13:39:31.279 [pool-3-thread-1] INFO  com.rs.mv.mvvs.client.catalog.from.scan.CurrentPathScanner - [client:400205]scan file in current open file directory(C:/Users/Usuario/OneDrive/Ana Ruth Zam/Ruth Zambrano/Trabajo_en_clase/Calculadoratrabajo)
2025-11-12 13:39:34.097 [pool-3-thread-1] INFO  com.rs.mv.mvvs.client.catalog.from.scan.CurrentPathScanner - [client:400205]scan file in current open file directory(C:/Users/Usuario/OneDrive/Ana Ruth Zam/Ruth Zambrano/Trabajo_en_clase/Calculadoratrabajo)
2025-11-12 13:39:50.193 [pool-3-thread-1] INFO  com.rs.mv.mvvs.client.catalog.from.scan.CurrentPathScanner - [client:400205]scan file in current open file directory(C:/Users/Usuario/OneDrive/Ana Ruth Zam/Ruth Zambrano/Trabajo_en_clase/Calculadoratrabajo)
2025-11-12 13:39:59.162 [pool-3-thread-1] INFO  com.rs.mv.mvvs.client.catalog.from.scan.CurrentPathScanner - [client:400205]scan file in current open file directory(C:/Users/Usuario/OneDrive/Ana Ruth Zam/Ruth Zambrano/Trabajo_en_clase/Calculadoratrabajo)
2025-11-12 13:40:06.950 [pool-3-thread-1] INFO  com.rs.mv.mvvs.client.catalog.from.scan.CurrentPathScanner - [client:400205]scan file in current open file directory(C:/Users/Usuario/OneDrive/Ana Ruth Zam/Ruth Zambrano/Trabajo_en_clase/Calculadoratrabajo)
2025-11-12 13:40:34.731 [pool-3-thread-1] INFO  com.rs.mv.mvvs.client.catalog.from.scan.CurrentPathScanner - [client:400205]scan file in current open file directory(C:/Users/Usuario/OneDrive/Ana Ruth Zam/Ruth Zambrano/Trabajo_en_clase/Calculadoratrabajo)
2025-11-12 13:40:36.270 [pool-3-thread-1] INFO  com.rs.mv.mvvs.client.catalog.from.scan.CurrentPathScanner - [client:400205]scan file in current open file directory(C:/Users/Usuario/OneDrive/Ana Ruth Zam/Ruth Zambrano/Trabajo_en_clase/Calculadoratrabajo)
2025-11-12 13:40:37.389 [pool-3-thread-1] INFO  com.rs.mv.mvvs.client.catalog.from.scan.CurrentPathScanner - [client:400205]scan file in current open file directory(C:/Users/Usuario/OneDrive/Ana Ruth Zam/Ruth Zambrano/Trabajo_en_clase/Calculadoratrabajo)
2025-11-12 13:40:40.142 [pool-3-thread-1] INFO  com.rs.mv.mvvs.client.catalog.from.scan.CurrentPathScanner - [client:400205]scan file in current open file directory(C:/Users/Usuario/OneDrive/Ana Ruth Zam/Ruth Zambrano/Trabajo_en_clase/Calculadoratrabajo)
2025-11-12 13:41:11.218 [pool-3-thread-1] INFO  com.rs.mv.mvvs.client.catalog.from.scan.CurrentPathScanner - [client:400205]scan file in current open file directory(C:/Users/Usuario/OneDrive/Ana Ruth Zam/Ruth Zambrano/Trabajo_en_clase/Calculadoratrabajo)
2025-11-12 13:41:14.982 [pool-3-thread-1] INFO  com.rs.mv.mvvs.client.catalog.from.scan.CurrentPathScanner - [client:400205]scan file in current open file directory(C:/Users/Usuario/OneDrive/Ana Ruth Zam/Ruth Zambrano/Trabajo_en_clase/Calculadoratrabajo)
2025-11-12 13:41:37.828 [pool-3-thread-1] INFO  com.rs.mv.mvvs.client.catalog.from.scan.CurrentPathScanner - [client:400205]scan file in current open file directory(C:/Users/Usuario/OneDrive/Ana Ruth Zam/Ruth Zambrano/Trabajo_en_clase/Calculadoratrabajo)
2025-11-12 13:41:49.389 [pool-3-thread-1] INFO  com.rs.mv.mvvs.client.catalog.from.scan.CurrentPathScanner - [client:400205]scan file in current open file directory(C:/Users/Usuario/OneDrive/Ana Ruth Zam/Ruth Zambrano/Trabajo_en_clase/Calculadoratrabajo)
2025-11-12 13:42:07.225 [pool-3-thread-1] INFO  com.rs.mv.mvvs.client.catalog.from.scan.CurrentPathScanner - [client:400205]scan file in current open file directory(C:/Users/Usuario/OneDrive/Ana Ruth Zam/Ruth Zambrano/Trabajo_en_clase/Calculadoratrabajo)
2025-11-12 13:42:10.276 [pool-3-thread-1] INFO  com.rs.mv.mvvs.client.catalog.from.scan.CurrentPathScanner - [client:400205]scan file in current open file directory(C:/Users/Usuario/OneDrive/Ana Ruth Zam/Ruth Zambrano/Trabajo_en_clase/Calculadoratrabajo)
2025-11-12 13:43:31.900 [pool-3-thread-1] INFO  com.rs.mv.mvvs.client.catalog.from.scan.CurrentPathScanner - [client:400205]scan file in current open file directory(C:/Users/Usuario/OneDrive/Ana Ruth Zam/Ruth Zambrano/Trabajo_en_clase/Calculadoratrabajo)
2025-11-12 13:43:33.637 [pool-3-thread-1] INFO  com.rs.mv.mvvs.client.catalog.from.scan.CurrentPathScanner - [client:400205]scan file in current open file directory(C:/Users/Usuario/OneDrive/Ana Ruth Zam/Ruth Zambrano/Trabajo_en_clase/Calculadoratrabajo)
2025-11-12 13:46:28.102 [pool-3-thread-1] INFO  com.rs.mv.mvvs.client.catalog.from.scan.CurrentPathScanner - [client:400205]scan file in current open file directory(C:/Users/Usuario/OneDrive/Ana Ruth Zam/Ruth Zambrano/Trabajo_en_clase/Calculadoratrabajo)
2025-11-12 13:46:32.661 [pool-3-thread-1] INFO  com.rs.mv.mvvs.client.catalog.from.scan.CurrentPathScanner - [client:400205]scan file in current open file directory(C:/Users/Usuario/OneDrive/Ana Ruth Zam/Ruth Zambrano/Trabajo_en_clase/Calculadoratrabajo)
2025-11-12 13:46:35.581 [pool-3-thread-1] INFO  com.rs.mv.mvvs.client.catalog.from.scan.CurrentPathScanner - [client:400205]scan file in current open file directory(C:/Users/Usuario/OneDrive/Ana Ruth Zam/Ruth Zambrano/Trabajo_en_clase/Calculadoratrabajo)
2025-11-12 13:46:38.011 [pool-3-thread-1] INFO  com.rs.mv.mvvs.client.catalog.from.scan.CurrentPathScanner - [client:400205]scan file in current open file directory(C:/Users/Usuario/OneDrive/Ana Ruth Zam/Ruth Zambrano/Trabajo_en_clase/Calculadoratrabajo)
2025-11-12 13:46:39.290 [pool-3-thread-1] INFO  com.rs.mv.mvvs.client.catalog.from.scan.CurrentPathScanner - [client:400205]scan file in current open file directory(C:/Users/Usuario/OneDrive/Ana Ruth Zam/Ruth Zambrano/Trabajo_en_clase/Calculadoratrabajo)
2025-11-12 13:47:01.057 [pool-3-thread-1] INFO  com.rs.mv.mvvs.client.catalog.from.scan.CurrentPathScanner - [client:400205]scan file in current open file directory(C:/Users/Usuario/OneDrive/Ana Ruth Zam/Ruth Zambrano/Trabajo_en_clase/Calculadoratrabajo)
2025-11-12 13:47:07.871 [pool-3-thread-1] INFO  com.rs.mv.mvvs.client.catalog.from.scan.CurrentPathScanner - [client:400205]scan file in current open file directory(C:/Users/Usuario/OneDrive/Ana Ruth Zam/Ruth Zambrano/Trabajo_en_clase/Calculadoratrabajo)
2025-11-12 13:47:08.876 [pool-3-thread-1] INFO  com.rs.mv.mvvs.client.catalog.from.scan.CurrentPathScanner - [client:400205]scan file in current open file directory(C:/Users/Usuario/OneDrive/Ana Ruth Zam/Ruth Zambrano/Trabajo_en_clase/Calculadoratrabajo)
2025-11-12 13:47:54.001 [pool-3-thread-1] INFO  com.rs.mv.mvvs.client.catalog.from.scan.CurrentPathScanner - [client:400205]scan file in current open file directory(C:/Users/Usuario/OneDrive/Ana Ruth Zam/Ruth Zambrano/Trabajo_en_clase/Calculadoratrabajo)
2025-11-12 13:47:55.768 [pool-3-thread-1] INFO  com.rs.mv.mvvs.client.catalog.from.scan.CurrentPathScanner - [client:400205]scan file in current open file directory(C:/Users/Usuario/OneDrive/Ana Ruth Zam/Ruth Zambrano/Trabajo_en_clase/Calculadoratrabajo)
2025-11-12 13:48:52.807 [pool-3-thread-1] INFO  com.rs.mv.mvvs.client.catalog.from.scan.CurrentPathScanner - [client:400205]scan file in current open file directory(C:/Users/Usuario/OneDrive/Ana Ruth Zam/Ruth Zambrano/Trabajo_en_clase/Calculadoratrabajo)
2025-11-12 13:49:11.202 [pool-3-thread-1] INFO  com.rs.mv.mvvs.client.catalog.from.scan.CurrentPathScanner - [client:400205]scan file in current open file directory(C:/Users/Usuario/OneDrive/Ana Ruth Zam/Ruth Zambrano/Trabajo_en_clase/Calculadoratrabajo)
2025-11-12 13:50:22.822 [pool-3-thread-1] INFO  com.rs.mv.mvvs.client.catalog.from.scan.CurrentPathScanner - [client:400205]scan file in current open file directory(C:/Users/Usuario/OneDrive/Ana Ruth Zam/Ruth Zambrano/Trabajo_en_clase/Calculadoratrabajo)
2025-11-12 13:51:41.647 [pool-3-thread-1] INFO  com.rs.mv.mvvs.client.catalog.from.scan.CurrentPathScanner - [client:400205]scan file in current open file directory(C:/Users/Usuario/OneDrive/Ana Ruth Zam/Ruth Zambrano/Trabajo_en_clase/Calculadoratrabajo)
2025-11-12 13:51:57.048 [pool-3-thread-1] INFO  com.rs.mv.mvvs.client.catalog.from.scan.CurrentPathScanner - [client:400205]scan file in current open file directory(C:/Users/Usuario/OneDrive/Ana Ruth Zam/Ruth Zambrano/Trabajo_en_clase/Calculadoratrabajo)
2025-11-12 13:52:20.828 [pool-3-thread-1] INFO  com.rs.mv.mvvs.client.catalog.from.scan.CurrentPathScanner - [client:400205]scan file in current open file directory(C:/Users/Usuario/OneDrive/Ana Ruth Zam/Ruth Zambrano/Trabajo_en_clase/Calculadoratrabajo)
2025-11-12 13:52:26.436 [pool-3-thread-1] INFO  com.rs.mv.mvvs.client.catalog.from.scan.CurrentPathScanner - [client:400205]scan file in current open file directory(C:/Users/Usuario/OneDrive/Ana Ruth Zam/Ruth Zambrano/Trabajo_en_clase/Calculadoratrabajo)
2025-11-12 13:52:54.834 [pool-3-thread-1] INFO  com.rs.mv.mvvs.client.catalog.from.scan.CurrentPathScanner - [client:400205]scan file in current open file directory(C:/Users/Usuario/OneDrive/Ana Ruth Zam/Ruth Zambrano/Trabajo_en_clase/Calculadoratrabajo)
2025-11-12 13:52:59.212 [pool-3-thread-1] INFO  com.rs.mv.mvvs.client.catalog.from.scan.CurrentPathScanner - [client:400205]scan file in current open file directory(C:/Users/Usuario/OneDrive/Ana Ruth Zam/Ruth Zambrano/Trabajo_en_clase/Calculadoratrabajo)
2025-11-12 13:53:00.677 [pool-3-thread-1] INFO  com.rs.mv.mvvs.client.catalog.from.scan.CurrentPathScanner - [client:400205]scan file in current open file directory(C:/Users/Usuario/OneDrive/Ana Ruth Zam/Ruth Zambrano/Trabajo_en_clase/Calculadoratrabajo)
2025-11-12 13:55:30.635 [pool-3-thread-1] INFO  com.rs.mv.mvvs.client.catalog.from.scan.CurrentPathScanner - [client:400205]scan file in current open file directory(C:/Users/Usuario/OneDrive/Ana Ruth Zam/Ruth Zambrano/Trabajo_en_clase/Calculadoratrabajo)
2025-11-12 13:55:36.774 [pool-3-thread-1] INFO  com.rs.mv.mvvs.client.catalog.from.scan.CurrentPathScanner - [client:400205]scan file in current open file directory(C:/Users/Usuario/OneDrive/Ana Ruth Zam/Ruth Zambrano/Trabajo_en_clase/Calculadoratrabajo)
2025-11-12 13:55:57.403 [pool-3-thread-1] INFO  com.rs.mv.mvvs.client.catalog.from.scan.CurrentPathScanner - [client:400205]scan file in current open file directory(C:/Users/Usuario/OneDrive/Ana Ruth Zam/Ruth Zambrano/Trabajo_en_clase/Calculadoratrabajo)
2025-11-12 13:57:33.032 [pool-3-thread-1] INFO  com.rs.mv.mvvs.client.catalog.from.scan.CurrentPathScanner - [client:400205]scan file in current open file directory(C:/Users/Usuario/OneDrive/Ana Ruth Zam/Ruth Zambrano/Trabajo_en_clase/Calculadoratrabajo)
2025-11-12 13:59:17.741 [pool-3-thread-1] INFO  com.rs.mv.mvvs.client.catalog.from.scan.CurrentPathScanner - [client:400205]scan file in current open file directory(C:/Users/Usuario/OneDrive/Ana Ruth Zam/Ruth Zambrano/Trabajo_en_clase/Calculadoratrabajo)
2025-11-12 14:03:48.072 [pool-3-thread-1] INFO  com.rs.mv.mvvs.client.catalog.from.scan.CurrentPathScanner - [client:400205]scan file in current open file directory(C:/Users/Usuario/OneDrive/Ana Ruth Zam/Ruth Zambrano/Trabajo_en_clase/Calculadoratrabajo)
2025-11-12 14:06:00.329 [pool-3-thread-1] INFO  com.rs.mv.mvvs.client.catalog.from.scan.CurrentPathScanner - [client:400205]scan file in current open file directory(C:/Users/Usuario/OneDrive/Ana Ruth Zam/Ruth Zambrano/Trabajo_en_clase/Calculadoratrabajo)
2025-11-12 14:07:19.407 [pool-3-thread-1] INFO  com.rs.mv.mvvs.client.catalog.from.scan.CurrentPathScanner - [client:400205]scan file in current open file directory(C:/Users/Usuario/OneDrive/Ana Ruth Zam/Ruth Zambrano/Trabajo_en_clase/Calculadoratrabajo)
2025-11-12 14:09:02.405 [pool-3-thread-1] INFO  com.rs.mv.mvvs.client.catalog.from.scan.CurrentPathScanner - [client:400205]scan file in current open file directory(C:/Users/Usuario/OneDrive/Ana Ruth Zam/Ruth Zambrano/Trabajo_en_clase/Calculadoratrabajo)
2025-11-12 14:09:16.857 [pool-3-thread-1] INFO  com.rs.mv.mvvs.client.catalog.from.scan.CurrentPathScanner - [client:400205]scan file in current open file directory(C:/Users/Usuario/OneDrive/Ana Ruth Zam/Ruth Zambrano/Trabajo_en_clase/Calculadoratrabajo)
2025-11-12 14:09:33.397 [pool-3-thread-1] INFO  com.rs.mv.mvvs.client.catalog.from.scan.CurrentPathScanner - [client:400205]scan file in current open file directory(C:/Users/Usuario/OneDrive/Ana Ruth Zam/Ruth Zambrano/Trabajo_en_clase/Calculadoratrabajo)
2025-11-12 14:09:51.451 [pool-3-thread-1] INFO  com.rs.mv.mvvs.client.catalog.from.scan.CurrentPathScanner - [client:400205]scan file in current open file directory(C:/Users/Usuario/OneDrive/Ana Ruth Zam/Ruth Zambrano/Trabajo_en_clase/Calculadoratrabajo)
2025-11-12 14:10:45.127 [pool-3-thread-1] INFO  com.rs.mv.mvvs.client.catalog.from.scan.CurrentPathScanner - [client:400205]scan file in current open file directory(C:/Users/Usuario/OneDrive/Ana Ruth Zam/Ruth Zambrano/Trabajo_en_clase/Calculadoratrabajo)
2025-11-12 14:12:37.392 [pool-3-thread-1] INFO  com.rs.mv.mvvs.client.catalog.from.scan.CurrentPathScanner - [client:400205]scan file in current open file directory(C:/Users/Usuario/OneDrive/Ana Ruth Zam/Ruth Zambrano/Trabajo_en_clase/Calculadoratrabajo)
2025-11-12 14:12:43.202 [pool-3-thread-1] INFO  com.rs.mv.mvvs.client.catalog.from.scan.CurrentPathScanner - [client:400205]scan file in current open file directory(C:/Users/Usuario/OneDrive/Ana Ruth Zam/Ruth Zambrano/Trabajo_en_clase/Calculadoratrabajo)
2025-11-12 14:14:57.845 [pool-3-thread-1] INFO  com.rs.mv.mvvs.client.catalog.from.scan.CurrentPathScanner - [client:400205]scan file in current open file directory(C:/Users/Usuario/OneDrive/Ana Ruth Zam/Ruth Zambrano/Trabajo_en_clase/Calculadoratrabajo)
2025-11-12 14:17:14.025 [pool-3-thread-1] INFO  com.rs.mv.mvvs.client.catalog.from.scan.CurrentPathScanner - [client:400205]scan file in current open file directory(C:/Users/Usuario/OneDrive/Ana Ruth Zam/Ruth Zambrano/Trabajo_en_clase/Calculadoratrabajo)
2025-11-12 14:17:45.720 [pool-3-thread-1] INFO  com.rs.mv.mvvs.client.catalog.from.scan.CurrentPathScanner - [client:400205]scan file in current open file directory(C:/Users/Usuario/OneDrive/Ana Ruth Zam/Ruth Zambrano/Trabajo_en_clase/Calculadoratrabajo)
2025-11-12 14:20:27.416 [pool-3-thread-1] INFO  com.rs.mv.mvvs.client.catalog.from.scan.CurrentPathScanner - [client:400205]scan file in current open file directory(C:/Users/Usuario/OneDrive/Ana Ruth Zam/Ruth Zambrano/Trabajo_en_clase/Calculadoratrabajo)
2025-11-12 14:20:39.804 [pool-3-thread-1] INFO  com.rs.mv.mvvs.client.catalog.from.scan.CurrentPathScanner - [client:400205]scan file in current open file directory(C:/Users/Usuario/OneDrive/Ana Ruth Zam/Ruth Zambrano/Trabajo_en_clase/Calculadoratrabajo)
2025-11-12 14:22:37.486 [pool-3-thread-1] INFO  com.rs.mv.mvvs.client.catalog.from.scan.CurrentPathScanner - [client:400205]scan file in current open file directory(C:/Users/Usuario/OneDrive/Ana Ruth Zam/Ruth Zambrano/Trabajo_en_clase/Calculadoratrabajo)
2025-11-12 14:22:40.614 [pool-3-thread-1] INFO  com.rs.mv.mvvs.client.catalog.from.scan.CurrentPathScanner - [client:400205]scan file in current open file directory(C:/Users/Usuario/OneDrive/Ana Ruth Zam/Ruth Zambrano/Trabajo_en_clase/Calculadoratrabajo)
2025-11-12 14:23:48.399 [pool-3-thread-1] INFO  com.rs.mv.mvvs.client.catalog.from.scan.CurrentPathScanner - [client:400205]scan file in current open file directory(C:/Users/Usuario/OneDrive/Ana Ruth Zam/Ruth Zambrano/Trabajo_en_clase/Calculadoratrabajo)
2025-11-12 14:24:08.962 [pool-3-thread-1] INFO  com.rs.mv.mvvs.client.catalog.from.scan.CurrentPathScanner - [client:400205]scan file in current open file directory(C:/Users/Usuario/OneDrive/Ana Ruth Zam/Ruth Zambrano/Trabajo_en_clase/Calculadoratrabajo)
2025-11-12 14:24:15.236 [pool-3-thread-1] INFO  com.rs.mv.mvvs.client.catalog.from.scan.CurrentPathScanner - [client:400205]scan file in current open file directory(C:/Users/Usuario/OneDrive/Ana Ruth Zam/Ruth Zambrano/Trabajo_en_clase/Calculadoratrabajo)
2025-11-12 14:26:08.594 [pool-3-thread-1] INFO  com.rs.mv.mvvs.client.catalog.from.scan.CurrentPathScanner - [client:400205]scan file in current open file directory(C:/Users/Usuario/OneDrive/Ana Ruth Zam/Ruth Zambrano/Trabajo_en_clase/Calculadoratrabajo)
2025-11-12 14:28:48.577 [pool-3-thread-1] INFO  com.rs.mv.mvvs.client.catalog.from.scan.CurrentPathScanner - [client:400205]scan file in current open file directory(C:/Users/Usuario/OneDrive/Ana Ruth Zam/Ruth Zambrano/Trabajo_en_clase/Calculadoratrabajo)
2025-11-12 14:30:25.735 [pool-3-thread-1] INFO  com.rs.mv.mvvs.client.catalog.from.scan.CurrentPathScanner - [client:400205]scan file in current open file directory(C:/Users/Usuario/OneDrive/Ana Ruth Zam/Ruth Zambrano/Trabajo_en_clase/Calculadoratrabajo)
2025-11-12 14:36:50.257 [pool-3-thread-1] INFO  com.rs.mv.mvvs.client.catalog.from.scan.CurrentPathScanner - [client:400205]scan file in current open file directory(C:/Users/Usuario/OneDrive/Ana Ruth Zam/Ruth Zambrano/Trabajo_en_clase/Calculadoratrabajo)
2025-11-12 14:37:41.606 [pool-3-thread-1] INFO  com.rs.mv.mvvs.client.catalog.from.scan.CurrentPathScanner - [client:400205]scan file in current open file directory(C:/Users/Usuario/OneDrive/Ana Ruth Zam/Ruth Zambrano/Trabajo_en_clase/Calculadoratrabajo)
2025-11-12 14:39:21.715 [pool-3-thread-1] INFO  com.rs.mv.mvvs.client.catalog.from.scan.CurrentPathScanner - [client:400205]scan file in current open file directory(C:/Users/Usuario/OneDrive/Ana Ruth Zam/Ruth Zambrano/Trabajo_en_clase/Calculadoratrabajo)
2025-11-12 14:44:04.677 [pool-3-thread-1] INFO  com.rs.mv.mvvs.client.catalog.from.scan.CurrentPathScanner - [client:400205]scan file in current open file directory(C:/Users/Usuario/OneDrive/Ana Ruth Zam/Ruth Zambrano/Trabajo_en_clase/Calculadoratrabajo)
2025-11-12 14:44:07.219 [pool-3-thread-1] INFO  com.rs.mv.mvvs.client.catalog.from.scan.CurrentPathScanner - [client:400205]scan file in current open file directory(C:/Users/Usuario/OneDrive/Ana Ruth Zam/Ruth Zambrano/Trabajo_en_clase/Calculadoratrabajo)
2025-11-12 14:44:16.841 [pool-3-thread-1] INFO  com.rs.mv.mvvs.client.catalog.from.scan.CurrentPathScanner - [client:400205]scan file in current open file directory(C:/Users/Usuario/OneDrive/Ana Ruth Zam/Ruth Zambrano/Trabajo_en_clase/Calculadoratrabajo)
2025-11-12 14:49:28.607 [pool-3-thread-1] INFO  com.rs.mv.mvvs.client.catalog.from.scan.CurrentPathScanner - [client:400205]scan file in current open file directory(C:/Users/Usuario/OneDrive/Ana Ruth Zam/Ruth Zambrano/Trabajo_en_clase/Calculadoratrabajo)
2025-11-12 14:57:07.378 [pool-3-thread-1] INFO  com.rs.mv.mvvs.client.catalog.from.scan.CurrentPathScanner - [client:400205]scan file in current open file directory(C:/Users/Usuario/OneDrive/Ana Ruth Zam/Ruth Zambrano/Trabajo_en_clase/Calculadoratrabajo)
2025-11-12 14:57:46.896 [pool-3-thread-1] INFO  com.rs.mv.mvvs.client.catalog.from.scan.CurrentPathScanner - [client:400205]scan file in current open file directory(C:/Users/Usuario/OneDrive/Ana Ruth Zam/Ruth Zambrano/Trabajo_en_clase/Calculadoratrabajo)
2025-11-12 14:59:04.581 [pool-3-thread-1] INFO  com.rs.mv.mvvs.client.catalog.from.scan.CurrentPathScanner - [client:400205]scan file in current open file directory(C:/Users/Usuario/OneDrive/Ana Ruth Zam/Ruth Zambrano/Trabajo_en_clase/Calculadoratrabajo)
2025-11-12 14:59:07.561 [pool-3-thread-1] INFO  com.rs.mv.mvvs.client.catalog.from.scan.CurrentPathScanner - [client:400205]scan file in current open file directory(C:/Users/Usuario/OneDrive/Ana Ruth Zam/Ruth Zambrano/Trabajo_en_clase/Calculadoratrabajo)
2025-11-12 14:59:17.606 [pool-3-thread-1] INFO  com.rs.mv.mvvs.client.catalog.from.scan.CurrentPathScanner - [client:400205]scan file in current open file directory(C:/Users/Usuario/OneDrive/Ana Ruth Zam/Ruth Zambrano/Trabajo_en_clase/Calculadoratrabajo)
2025-11-12 14:59:21.196 [pool-3-thread-1] INFO  com.rs.mv.mvvs.client.catalog.from.scan.CurrentPathScanner - [client:400205]scan file in current open file directory(C:/Users/Usuario/OneDrive/Ana Ruth Zam/Ruth Zambrano/Trabajo_en_clase/Calculadoratrabajo)
2025-11-12 14:59:24.724 [pool-3-thread-1] INFO  com.rs.mv.mvvs.client.catalog.from.scan.CurrentPathScanner - [client:400205]scan file in current open file directory(C:/Users/Usuario/OneDrive/Ana Ruth Zam/Ruth Zambrano/Trabajo_en_clase/Calculadoratrabajo)
2025-11-12 14:59:45.017 [pool-3-thread-1] INFO  com.rs.mv.mvvs.client.catalog.from.scan.CurrentPathScanner - [client:400205]scan file in current open file directory(C:/Users/Usuario/OneDrive/Ana Ruth Zam/Ruth Zambrano/Trabajo_en_clase/Calculadoratrabajo)
2025-11-12 14:59:54.078 [pool-3-thread-1] INFO  com.rs.mv.mvvs.client.catalog.from.scan.CurrentPathScanner - [client:400205]scan file in current open file directory(C:/Users/Usuario/OneDrive/Ana Ruth Zam/Ruth Zambrano/Trabajo_en_clase/Calculadoratrabajo)
2025-11-12 15:03:12.401 [pool-3-thread-1] INFO  com.rs.mv.mvvs.client.catalog.from.scan.CurrentPathScanner - [client:400205]scan file in current open file directory(C:/Users/Usuario/OneDrive/Ana Ruth Zam/Ruth Zambrano/Trabajo_en_clase/Calculadoratrabajo)
2025-11-12 15:04:38.701 [pool-3-thread-1] INFO  com.rs.mv.mvvs.client.catalog.from.scan.CurrentPathScanner - [client:400205]scan file in current open file directory(C:/Users/Usuario/OneDrive/Ana Ruth Zam/Ruth Zambrano/Trabajo_en_clase/Calculadoratrabajo)
2025-11-12 15:09:19.387 [pool-3-thread-1] INFO  com.rs.mv.mvvs.client.catalog.from.scan.CurrentPathScanner - [client:400205]scan file in current open file directory(C:/Users/Usuario/OneDrive/Ana Ruth Zam/Ruth Zambrano/Trabajo_en_clase/Calculadoratrabajo)
2025-11-12 15:12:22.175 [pool-3-thread-1] INFO  com.rs.mv.mvvs.client.catalog.from.scan.CurrentPathScanner - [client:400205]scan file in current open file directory(C:/Users/Usuario/OneDrive/Ana Ruth Zam/Ruth Zambrano/Trabajo_en_clase/Calculadoratrabajo)
2025-11-12 15:17:59.486 [pool-3-thread-1] INFO  com.rs.mv.mvvs.client.catalog.from.scan.CurrentPathScanner - [client:400205]scan file in current open file directory(C:/Users/Usuario/OneDrive/Ana Ruth Zam/Ruth Zambrano/Trabajo_en_clase/Calculadoratrabajo)
2025-11-12 15:35:49.087 [pool-3-thread-1] INFO  com.rs.mv.mvvs.client.catalog.from.scan.CurrentPathScanner - [client:400205]scan file in current open file directory(C:/Users/Usuario/OneDrive/Ana Ruth Zam/Ruth Zambrano/Trabajo_en_clase/Calculadoratrabajo)
2025-11-12 15:43:22.038 [pool-3-thread-1] INFO  com.rs.mv.mvvs.client.catalog.from.scan.CurrentPathScanner - [client:400205]scan file in current open file directory(C:/Users/Usuario/OneDrive/Ana Ruth Zam/Ruth Zambrano/Trabajo_en_clase/Calculadoratrabajo)
2025-11-12 15:43:58.177 [pool-3-thread-1] INFO  com.rs.mv.mvvs.client.catalog.from.scan.CurrentPathScanner - [client:400205]scan file in current open file directory(C:/Users/Usuario/OneDrive/Ana Ruth Zam/Ruth Zambrano/Trabajo_en_clase/Calculadoratrabajo)
2025-11-12 15:44:02.200 [pool-3-thread-1] INFO  com.rs.mv.mvvs.client.catalog.from.scan.CurrentPathScanner - [client:400205]scan file in current open file directory(C:/Users/Usuario/OneDrive/Ana Ruth Zam/Ruth Zambrano/Trabajo_en_clase/Calculadoratrabajo)
2025-11-12 15:44:05.086 [pool-3-thread-1] INFO  com.rs.mv.mvvs.client.catalog.from.scan.CurrentPathScanner - [client:400205]scan file in current open file directory(C:/Users/Usuario/OneDrive/Ana Ruth Zam/Ruth Zambrano/Trabajo_en_clase/Calculadoratrabajo)
2025-11-12 15:44:26.055 [pool-3-thread-1] INFO  com.rs.mv.mvvs.client.catalog.from.scan.CurrentPathScanner - [client:400205]scan file in current open file directory(C:/Users/Usuario/OneDrive/Ana Ruth Zam/Ruth Zambrano/Trabajo_en_clase/Calculadoratrabajo)
2025-11-12 15:44:34.225 [pool-3-thread-1] INFO  com.rs.mv.mvvs.client.catalog.from.scan.CurrentPathScanner - [client:400205]scan file in current open file directory(C:/Users/Usuario/OneDrive/Ana Ruth Zam/Ruth Zambrano/Trabajo_en_clase/Calculadoratrabajo)
2025-11-12 15:44:41.169 [pool-3-thread-1] INFO  com.rs.mv.mvvs.client.catalog.from.scan.CurrentPathScanner - [client:400205]scan file in current open file directory(C:/Users/Usuario/OneDrive/Ana Ruth Zam/Ruth Zambrano/Trabajo_en_clase/Calculadoratrabajo)
2025-11-12 15:51:21.680 [pool-3-thread-1] INFO  com.rs.mv.mvvs.client.catalog.from.scan.CurrentPathScanner - [client:400205]scan file in current open file directory(C:/Users/Usuario/OneDrive/Ana Ruth Zam/Ruth Zambrano/Trabajo_en_clase/Calculadoratrabajo)
2025-11-12 15:52:06.468 [pool-3-thread-1] INFO  com.rs.mv.mvvs.client.catalog.from.scan.CurrentPathScanner - [client:400205]scan file in current open file directory(C:/Users/Usuario/OneDrive/Ana Ruth Zam/Ruth Zambrano/Trabajo_en_clase/Calculadoratrabajo)
2025-11-12 15:52:07.734 [pool-3-thread-1] INFO  com.rs.mv.mvvs.client.catalog.from.scan.CurrentPathScanner - [client:400205]scan file in current open file directory(C:/Users/Usuario/OneDrive/Ana Ruth Zam/Ruth Zambrano/Trabajo_en_clase/Calculadoratrabajo)
2025-11-12 15:52:10.190 [pool-3-thread-1] INFO  com.rs.mv.mvvs.client.catalog.from.scan.CurrentPathScanner - [client:400205]scan file in current open file directory(C:/Users/Usuario/OneDrive/Ana Ruth Zam/Ruth Zambrano/Trabajo_en_clase/Calculadoratrabajo)
2025-11-12 15:52:55.678 [pool-3-thread-1] INFO  com.rs.mv.mvvs.client.catalog.from.scan.CurrentPathScanner - [client:400205]scan file in current open file directory(C:/Users/Usuario/OneDrive/Ana Ruth Zam/Ruth Zambrano/Trabajo_en_clase/Calculadoratrabajo)
2025-11-12 15:53:24.952 [pool-3-thread-1] INFO  com.rs.mv.mvvs.client.catalog.from.scan.CurrentPathScanner - [client:400205]scan file in current open file directory(C:/Users/Usuario/OneDrive/Ana Ruth Zam/Ruth Zambrano/Trabajo_en_clase/Calculadoratrabajo)
2025-11-12 15:54:13.809 [pool-3-thread-1] INFO  com.rs.mv.mvvs.client.catalog.from.scan.CurrentPathScanner - [client:400205]scan file in current open file directory(C:/Users/Usuario/OneDrive/Ana Ruth Zam/Ruth Zambrano/Trabajo_en_clase/Calculadoratrabajo)
2025-11-12 15:58:44.956 [pool-3-thread-1] INFO  com.rs.mv.mvvs.client.catalog.from.scan.CurrentPathScanner - [client:400205]scan file in current open file directory(C:/Users/Usuario/OneDrive/Ana Ruth Zam/Ruth Zambrano/Trabajo_en_clase/Calculadoratrabajo)
2025-11-12 16:33:23.243 [main] WARN  com.rs.mv.mvvs.Startup - [LSP:100104]ROCKET MV BASIC EXTENSION exited
