2025-11-06 13:36:19.074 [main] INFO  com.rs.mv.mvvs.Startup - [LSP:100101]ROCKET MV BASIC EXTENSION to start
2025-11-06 13:36:19.107 [main] INFO  com.rs.mv.mvvs.lsp.server.BasicLanguageServerLauncher - [LSP:100102]start pip server
2025-11-06 13:36:19.374 [main] INFO  com.rs.mv.mvvs.lsp.server.BasicLanguageServerLauncher - [LSP:100103]ROCKET MV BASIC EXTENSION start successful
2025-11-06 13:36:19.558 [pool-3-thread-1] INFO  com.rs.mv.mvvs.instance.workspace.WorkspaceManager - [workspace:200101]load all workspace folders start
2025-11-06 13:36:19.558 [pool-3-thread-1] INFO  com.rs.mv.mvvs.instance.workspace.WorkspaceManager - [workspace:20010201]root uri: file:///c%3A/Users/Usuario/OneDrive/Ana%20Ruth%20Zam/Ruth%20Zambrano
2025-11-06 13:36:19.558 [pool-3-thread-1] INFO  com.rs.mv.mvvs.instance.workspace.handler.FolderHandler - [workspace:200103]workspace contains workspace folder: file:///c%3A/Users/Usuario/OneDrive/Ana%20Ruth%20Zam/Ruth%20Zambrano
2025-11-06 13:36:19.606 [pool-3-thread-1] INFO  com.rs.mv.mvvs.instance.workspace.handler.FolderHandler - [workspace:200104]workspace folder will be cached: file:///c%3A/Users/Usuario/OneDrive/Ana%20Ruth%20Zam/Ruth%20Zambrano
2025-11-06 13:36:19.612 [pool-3-thread-1] INFO  com.rs.mv.mvvs.rmv.config.Config - [framework:30010101]config load start
2025-11-06 13:36:19.613 [pool-3-thread-1] INFO  com.rs.mv.mvvs.rmv.config.Config - [framework:30010102]project config path is : C:/Users/Usuario/OneDrive/Ana Ruth Zam/Ruth Zambrano/.rmv/config
2025-11-06 13:36:19.615 [pool-3-thread-1] INFO  com.rs.mv.mvvs.rmv.config.Config - [framework:30010103]resource config path is : /
2025-11-06 13:36:19.615 [pool-3-thread-1] INFO  com.rs.mv.mvvs.rmv.config.Config - [framework:30010104]user config path is : C:/Users/Usuario
2025-11-06 13:36:19.655 [pool-3-thread-1] INFO  com.rs.mv.mvvs.rmv.config.Config - [framework:30010105]config load end
2025-11-06 13:36:19.655 [pool-3-thread-1] INFO  com.rs.mv.mvvs.rmv.documentation.BasicDocumentation - [framework:30020101]documentation load start
2025-11-06 13:36:19.667 [pool-3-thread-1] INFO  com.rs.mv.mvvs.rmv.documentation.reader.SystemDocReader - [framework:30020102]system documentation path: /documentation/UNIVERSE/
2025-11-06 13:36:19.675 [pool-3-thread-1] INFO  com.rs.mv.mvvs.rmv.documentation.reader.ProjectDocReader - [framework:30020103]project documentation brief file: C:\Users\Usuario\OneDrive\Ana Ruth Zam\Ruth Zambrano\.rmv\documentation\UNIVERSE\custom.json
2025-11-06 13:36:19.681 [pool-3-thread-1] INFO  com.rs.mv.mvvs.rmv.documentation.reader.UserDocReader - [framework:30020104]user documentation brief file: C:\Users\Usuario\documentation\UNIVERSE\custom.json
2025-11-06 13:36:19.801 [pool-3-thread-1] INFO  com.rs.mv.mvvs.rmv.documentation.BasicDocumentation - [framework:30020105]documentation load end
2025-11-06 13:36:19.818 [pool-3-thread-1] INFO  com.rs.mv.mvvs.common.convertor.ConvertorManager - [framework:30030101]convertors for folder(C:/Users/Usuario/OneDrive/Ana Ruth Zam/Ruth Zambrano) load start
2025-11-06 13:36:19.834 [pool-3-thread-1] INFO  com.rs.mv.mvvs.common.convertor.ConvertorManager - [framework:30030102]comment convertor load finish
2025-11-06 13:36:20.224 [pool-3-thread-1] INFO  com.rs.mv.mvvs.common.convertor.ConvertorManager - [framework:30030103]keyword convertor load finish
2025-11-06 13:36:20.237 [pool-3-thread-1] INFO  com.rs.mv.mvvs.common.convertor.ConvertorManager - [framework:30030104]operator convertor load finish
2025-11-06 13:36:20.246 [pool-3-thread-1] INFO  com.rs.mv.mvvs.common.convertor.ConvertorManager - [framework:30030105]function name convertor load finish
2025-11-06 13:36:20.248 [pool-3-thread-1] INFO  com.rs.mv.mvvs.common.convertor.ConvertorManager - [framework:30030106]atVariable convertor load finish
2025-11-06 13:36:20.248 [pool-3-thread-1] INFO  com.rs.mv.mvvs.common.convertor.ConvertorManager - [framework:30030107]convertors for folder(C:/Users/Usuario/OneDrive/Ana Ruth Zam/Ruth Zambrano) load end
2025-11-06 13:36:20.253 [pool-3-thread-1] INFO  com.rs.mv.mvvs.rmv.config.CapabilityConfig - [framework:30010301]capabilities file(C:/Users/Usuario/OneDrive/Ana Ruth Zam/Ruth Zambrano/config/capability) doesn't exist or read error, default config will take effect
2025-11-06 13:36:20.253 [pool-3-thread-1] INFO  com.rs.mv.mvvs.instance.workspace.WorkspaceManager - [workspace:200105]load all workspace folders successful
2025-11-06 13:36:20.253 [pool-3-thread-1] INFO  com.rs.mv.mvvs.client.account.AccountManager - [client:40010101]load account manager start
2025-11-06 13:36:20.283 [pool-3-thread-1] INFO  com.rs.mv.mvvs.client.account.handler.CacheAccountHandler - [client:40010102]load cache account: 
2025-11-06 13:36:20.289 [pool-3-thread-1] INFO  com.rs.mv.mvvs.client.account.handler.ExternalAccountHandler - [client:40010103]load external account: 
2025-11-06 13:36:20.608 [pool-3-thread-1] INFO  com.rs.mv.mvvs.client.catalog.manager.U2CatalogManager - [client:400203]cache file auto update thread launch in Ruth Zambrano account
2025-11-06 13:36:20.629 [pool-3-thread-1] INFO  com.rs.mv.mvvs.client.catalog.from.config.DirsConfigReader - [client:400206]parse dir config information
2025-11-06 13:36:20.636 [pool-3-thread-1] INFO  com.rs.mv.mvvs.client.catalog.from.config.MappingConfigReader - [client:400207]parse mapping config information
2025-11-06 13:36:20.636 [pool-3-thread-1] INFO  com.rs.mv.mvvs.client.catalog.manager.U2CatalogManager - [client:400202]start a schedule task to get global/local catalog for Ruth Zambrano, its period 5s 
2025-11-06 13:36:20.636 [pool-3-thread-1] INFO  com.rs.mv.mvvs.client.catalog.manager.U2CatalogManager - [client:400203]cache file auto update thread launch in .git account
2025-11-06 13:36:20.636 [pool-3-thread-1] INFO  com.rs.mv.mvvs.client.catalog.from.config.DirsConfigReader - [client:400206]parse dir config information
2025-11-06 13:36:20.653 [pool-3-thread-1] INFO  com.rs.mv.mvvs.client.catalog.from.config.MappingConfigReader - [client:400207]parse mapping config information
2025-11-06 13:36:20.653 [pool-3-thread-1] INFO  com.rs.mv.mvvs.client.catalog.manager.U2CatalogManager - [client:400202]start a schedule task to get global/local catalog for .git, its period 5s 
2025-11-06 13:36:20.656 [pool-3-thread-1] INFO  com.rs.mv.mvvs.client.catalog.manager.U2CatalogManager - [client:400203]cache file auto update thread launch in logs account
2025-11-06 13:36:20.659 [pool-3-thread-1] INFO  com.rs.mv.mvvs.client.catalog.from.config.DirsConfigReader - [client:400206]parse dir config information
2025-11-06 13:36:20.660 [pool-3-thread-1] INFO  com.rs.mv.mvvs.client.catalog.from.config.MappingConfigReader - [client:400207]parse mapping config information
2025-11-06 13:36:20.660 [pool-3-thread-1] INFO  com.rs.mv.mvvs.client.catalog.manager.U2CatalogManager - [client:400202]start a schedule task to get global/local catalog for logs, its period 5s 
2025-11-06 13:36:20.660 [pool-3-thread-1] INFO  com.rs.mv.mvvs.client.catalog.manager.U2CatalogManager - [client:400203]cache file auto update thread launch in refs account
2025-11-06 13:36:20.666 [pool-3-thread-1] INFO  com.rs.mv.mvvs.client.catalog.from.config.DirsConfigReader - [client:400206]parse dir config information
2025-11-06 13:36:20.675 [pool-3-thread-1] INFO  com.rs.mv.mvvs.client.catalog.from.config.MappingConfigReader - [client:400207]parse mapping config information
2025-11-06 13:36:20.679 [pool-3-thread-1] INFO  com.rs.mv.mvvs.client.catalog.manager.U2CatalogManager - [client:400202]start a schedule task to get global/local catalog for refs, its period 5s 
2025-11-06 13:36:20.683 [pool-3-thread-1] INFO  com.rs.mv.mvvs.client.catalog.manager.U2CatalogManager - [client:400203]cache file auto update thread launch in remotes account
2025-11-06 13:36:20.683 [pool-3-thread-1] INFO  com.rs.mv.mvvs.client.catalog.from.config.DirsConfigReader - [client:400206]parse dir config information
2025-11-06 13:36:20.683 [pool-3-thread-1] INFO  com.rs.mv.mvvs.client.catalog.from.config.MappingConfigReader - [client:400207]parse mapping config information
2025-11-06 13:36:20.688 [pool-3-thread-1] INFO  com.rs.mv.mvvs.client.catalog.manager.U2CatalogManager - [client:400202]start a schedule task to get global/local catalog for remotes, its period 5s 
2025-11-06 13:36:20.688 [pool-3-thread-1] INFO  com.rs.mv.mvvs.client.catalog.manager.U2CatalogManager - [client:400203]cache file auto update thread launch in objects account
2025-11-06 13:36:20.692 [pool-3-thread-1] INFO  com.rs.mv.mvvs.client.catalog.from.config.DirsConfigReader - [client:400206]parse dir config information
2025-11-06 13:36:20.692 [pool-3-thread-1] INFO  com.rs.mv.mvvs.client.catalog.from.config.MappingConfigReader - [client:400207]parse mapping config information
2025-11-06 13:36:20.696 [pool-3-thread-1] INFO  com.rs.mv.mvvs.client.catalog.manager.U2CatalogManager - [client:400202]start a schedule task to get global/local catalog for objects, its period 5s 
2025-11-06 13:36:20.700 [pool-3-thread-1] INFO  com.rs.mv.mvvs.client.catalog.manager.U2CatalogManager - [client:400203]cache file auto update thread launch in refs account
2025-11-06 13:36:20.703 [pool-3-thread-1] INFO  com.rs.mv.mvvs.client.catalog.from.config.DirsConfigReader - [client:400206]parse dir config information
2025-11-06 13:36:20.703 [pool-3-thread-1] INFO  com.rs.mv.mvvs.client.catalog.from.config.MappingConfigReader - [client:400207]parse mapping config information
2025-11-06 13:36:20.707 [pool-3-thread-1] INFO  com.rs.mv.mvvs.client.catalog.manager.U2CatalogManager - [client:400202]start a schedule task to get global/local catalog for refs, its period 5s 
2025-11-06 13:36:20.707 [pool-3-thread-1] INFO  com.rs.mv.mvvs.client.catalog.manager.U2CatalogManager - [client:400203]cache file auto update thread launch in remotes account
2025-11-06 13:36:20.707 [pool-3-thread-1] INFO  com.rs.mv.mvvs.client.catalog.from.config.DirsConfigReader - [client:400206]parse dir config information
2025-11-06 13:36:20.712 [pool-3-thread-1] INFO  com.rs.mv.mvvs.client.catalog.from.config.MappingConfigReader - [client:400207]parse mapping config information
2025-11-06 13:36:20.712 [pool-3-thread-1] INFO  com.rs.mv.mvvs.client.catalog.manager.U2CatalogManager - [client:400202]start a schedule task to get global/local catalog for remotes, its period 5s 
2025-11-06 13:36:20.729 [pool-3-thread-1] INFO  com.rs.mv.mvvs.client.account.handler.ServerAccountHandler - [client:40010104]load server account: Account{name=Ruth Zambrano, path=C:/Users/Usuario/OneDrive/Ana Ruth Zam/Ruth Zambrano, type=PREDICT}
Account{name=remotes, path=C:/Users/Usuario/OneDrive/Ana Ruth Zam/Ruth Zambrano/.git/logs/refs/remotes, type=PREDICT}
Account{name=refs, path=C:/Users/Usuario/OneDrive/Ana Ruth Zam/Ruth Zambrano/.git/refs, type=PREDICT}
Account{name=.git, path=C:/Users/Usuario/OneDrive/Ana Ruth Zam/Ruth Zambrano/.git, type=PREDICT}
Account{name=remotes, path=C:/Users/Usuario/OneDrive/Ana Ruth Zam/Ruth Zambrano/.git/refs/remotes, type=PREDICT}
Account{name=logs, path=C:/Users/Usuario/OneDrive/Ana Ruth Zam/Ruth Zambrano/.git/logs, type=PREDICT}
Account{name=refs, path=C:/Users/Usuario/OneDrive/Ana Ruth Zam/Ruth Zambrano/.git/logs/refs, type=PREDICT}
Account{name=objects, path=C:/Users/Usuario/OneDrive/Ana Ruth Zam/Ruth Zambrano/.git/objects, type=PREDICT}
2025-11-06 13:36:20.729 [pool-3-thread-1] INFO  com.rs.mv.mvvs.client.account.AccountManager - [client:40010105]load account manager finish
2025-11-06 13:36:20.730 [pool-3-thread-1] INFO  com.rs.mv.mvvs.instance.userspace.UserspaceManager - [framework:30010402]config file(C:\Users\Usuario/.rmv/config) watcher launch successful
2025-11-06 13:36:20.840 [pool-3-thread-1] INFO  com.rs.mv.mvvs.client.catalog.from.scan.CurrentPathScanner - [client:400205]scan file in current open file directory(C:/Users/Usuario/OneDrive/Ana Ruth Zam/Ruth Zambrano/# estilos.css)
2025-11-06 13:58:01.968 [pool-3-thread-1] INFO  com.rs.mv.mvvs.client.catalog.from.scan.CurrentPathScanner - [client:400205]scan file in current open file directory(C:/Users/Usuario/OneDrive/Ana Ruth Zam/Ruth Zambrano/Trabajo_en_clase)
2025-11-06 13:59:39.675 [pool-3-thread-1] INFO  com.rs.mv.mvvs.client.catalog.from.scan.CurrentPathScanner - [client:400205]scan file in current open file directory(C:/Users/Usuario/OneDrive/Ana Ruth Zam/Ruth Zambrano/# estilos.css)
2025-11-06 14:02:58.207 [pool-3-thread-1] INFO  com.rs.mv.mvvs.client.catalog.from.scan.CurrentPathScanner - [client:400205]scan file in current open file directory(C:/Users/Usuario/OneDrive/Ana Ruth Zam/Ruth Zambrano/Trabajo_en_clase)
2025-11-06 14:05:40.269 [pool-3-thread-1] INFO  com.rs.mv.mvvs.client.catalog.from.scan.CurrentPathScanner - [client:400205]scan file in current open file directory(C:/Users/Usuario/OneDrive/Ana Ruth Zam/Ruth Zambrano/Trabajo_en_clase)
2025-11-06 14:06:04.968 [pool-3-thread-1] INFO  com.rs.mv.mvvs.client.catalog.from.scan.CurrentPathScanner - [client:400205]scan file in current open file directory(C:/Users/Usuario/OneDrive/Ana Ruth Zam/Ruth Zambrano/Trabajo_en_clase)
2025-11-06 14:06:08.739 [pool-3-thread-1] INFO  com.rs.mv.mvvs.client.catalog.from.scan.CurrentPathScanner - [client:400205]scan file in current open file directory(C:/Users/Usuario/OneDrive/Ana Ruth Zam/Ruth Zambrano/Trabajo_en_clase)
2025-11-06 14:06:12.751 [pool-3-thread-1] INFO  com.rs.mv.mvvs.client.catalog.from.scan.CurrentPathScanner - [client:400205]scan file in current open file directory(C:/Users/Usuario/OneDrive/Ana Ruth Zam/Ruth Zambrano/Trabajo_en_clase)
2025-11-06 14:06:16.307 [pool-3-thread-1] INFO  com.rs.mv.mvvs.client.catalog.from.scan.CurrentPathScanner - [client:400205]scan file in current open file directory(C:/Users/Usuario/OneDrive/Ana Ruth Zam/Ruth Zambrano/Trabajo_en_clase)
2025-11-06 14:06:19.341 [pool-3-thread-1] INFO  com.rs.mv.mvvs.client.catalog.from.scan.CurrentPathScanner - [client:400205]scan file in current open file directory(C:/Users/Usuario/OneDrive/Ana Ruth Zam/Ruth Zambrano/Trabajo_en_clase)
2025-11-06 14:06:30.390 [pool-3-thread-1] INFO  com.rs.mv.mvvs.client.catalog.from.scan.CurrentPathScanner - [client:400205]scan file in current open file directory(C:/Users/Usuario/OneDrive/Ana Ruth Zam/Ruth Zambrano/Trabajo_en_clase)
2025-11-06 14:06:31.754 [pool-3-thread-1] INFO  com.rs.mv.mvvs.client.catalog.from.scan.CurrentPathScanner - [client:400205]scan file in current open file directory(C:/Users/Usuario/OneDrive/Ana Ruth Zam/Ruth Zambrano/Trabajo_en_clase)
2025-11-06 14:06:32.484 [pool-3-thread-1] INFO  com.rs.mv.mvvs.client.catalog.from.scan.CurrentPathScanner - [client:400205]scan file in current open file directory(C:/Users/Usuario/OneDrive/Ana Ruth Zam/Ruth Zambrano/Trabajo_en_clase)
2025-11-06 14:06:48.951 [pool-3-thread-1] INFO  com.rs.mv.mvvs.client.catalog.from.scan.CurrentPathScanner - [client:400205]scan file in current open file directory(C:/Users/Usuario/OneDrive/Ana Ruth Zam/Ruth Zambrano/Trabajo_en_clase)
2025-11-06 14:06:49.192 [pool-3-thread-1] INFO  com.rs.mv.mvvs.client.catalog.from.scan.CurrentPathScanner - [client:400205]scan file in current open file directory(C:/Users/Usuario/OneDrive/Ana Ruth Zam/Ruth Zambrano/Trabajo_en_clase)
2025-11-06 14:06:59.401 [pool-3-thread-1] INFO  com.rs.mv.mvvs.client.catalog.from.scan.CurrentPathScanner - [client:400205]scan file in current open file directory(C:/Users/Usuario/OneDrive/Ana Ruth Zam/Ruth Zambrano/Trabajo_en_clase)
2025-11-06 14:07:08.823 [pool-3-thread-1] INFO  com.rs.mv.mvvs.client.catalog.from.scan.CurrentPathScanner - [client:400205]scan file in current open file directory(C:/Users/Usuario/OneDrive/Ana Ruth Zam/Ruth Zambrano/Trabajo_en_clase)
2025-11-06 14:07:15.517 [pool-3-thread-1] INFO  com.rs.mv.mvvs.client.catalog.from.scan.CurrentPathScanner - [client:400205]scan file in current open file directory(C:/Users/Usuario/OneDrive/Ana Ruth Zam/Ruth Zambrano/Trabajo_en_clase)
2025-11-06 14:10:10.765 [pool-3-thread-1] INFO  com.rs.mv.mvvs.client.catalog.from.scan.CurrentPathScanner - [client:400205]scan file in current open file directory(C:/Users/Usuario/OneDrive/Ana Ruth Zam/Ruth Zambrano/Trabajo_en_clase)
2025-11-06 14:10:34.248 [pool-3-thread-1] INFO  com.rs.mv.mvvs.client.catalog.from.scan.CurrentPathScanner - [client:400205]scan file in current open file directory(C:/Users/Usuario/OneDrive/Ana Ruth Zam/Ruth Zambrano/Trabajo_en_clase)
2025-11-06 14:10:43.513 [pool-3-thread-1] INFO  com.rs.mv.mvvs.client.catalog.from.scan.CurrentPathScanner - [client:400205]scan file in current open file directory(C:/Users/Usuario/OneDrive/Ana Ruth Zam/Ruth Zambrano/Trabajo_en_clase)
2025-11-06 14:10:45.610 [pool-3-thread-1] INFO  com.rs.mv.mvvs.client.catalog.from.scan.CurrentPathScanner - [client:400205]scan file in current open file directory(C:/Users/Usuario/OneDrive/Ana Ruth Zam/Ruth Zambrano/Trabajo_en_clase)
2025-11-06 14:10:48.081 [pool-3-thread-1] INFO  com.rs.mv.mvvs.client.catalog.from.scan.CurrentPathScanner - [client:400205]scan file in current open file directory(C:/Users/Usuario/OneDrive/Ana Ruth Zam/Ruth Zambrano/Trabajo_en_clase)
2025-11-06 14:11:05.425 [pool-3-thread-1] INFO  com.rs.mv.mvvs.client.catalog.from.scan.CurrentPathScanner - [client:400205]scan file in current open file directory(C:/Users/Usuario/OneDrive/Ana Ruth Zam/Ruth Zambrano/# estilos.css)
2025-11-06 14:11:10.168 [pool-3-thread-1] INFO  com.rs.mv.mvvs.client.catalog.from.scan.CurrentPathScanner - [client:400205]scan file in current open file directory(C:/Users/Usuario/OneDrive/Ana Ruth Zam/Ruth Zambrano/Trabajo_en_clase)
2025-11-06 14:15:14.186 [pool-3-thread-1] INFO  com.rs.mv.mvvs.client.catalog.from.scan.CurrentPathScanner - [client:400205]scan file in current open file directory(C:/Users/Usuario/OneDrive/Ana Ruth Zam/Ruth Zambrano/Trabajo_en_clase)
2025-11-06 14:16:23.642 [pool-3-thread-1] INFO  com.rs.mv.mvvs.client.catalog.from.scan.CurrentPathScanner - [client:400205]scan file in current open file directory(C:/Users/Usuario/OneDrive/Ana Ruth Zam/Ruth Zambrano/# estilos.css)
2025-11-06 14:16:25.131 [pool-3-thread-1] INFO  com.rs.mv.mvvs.client.catalog.from.scan.CurrentPathScanner - [client:400205]scan file in current open file directory(C:/Users/Usuario/OneDrive/Ana Ruth Zam/Ruth Zambrano/Trabajo_en_clase)
2025-11-06 14:17:14.723 [pool-3-thread-1] INFO  com.rs.mv.mvvs.client.catalog.from.scan.CurrentPathScanner - [client:400205]scan file in current open file directory(C:/Users/Usuario/OneDrive/Ana Ruth Zam/Ruth Zambrano/Trabajo_en_clase)
2025-11-06 14:18:43.346 [pool-3-thread-1] INFO  com.rs.mv.mvvs.client.catalog.from.scan.CurrentPathScanner - [client:400205]scan file in current open file directory(C:/Users/Usuario/OneDrive/Ana Ruth Zam/Ruth Zambrano/Trabajo_en_clase)
2025-11-06 14:23:29.610 [pool-3-thread-1] INFO  com.rs.mv.mvvs.client.catalog.from.scan.CurrentPathScanner - [client:400205]scan file in current open file directory(C:/Users/Usuario/OneDrive/Ana Ruth Zam/Ruth Zambrano/Trabajo_en_clase)
2025-11-06 14:24:34.983 [pool-3-thread-1] INFO  com.rs.mv.mvvs.client.catalog.from.scan.CurrentPathScanner - [client:400205]scan file in current open file directory(C:/Users/Usuario/OneDrive/Ana Ruth Zam/Ruth Zambrano/Trabajo_en_clase)
2025-11-06 14:24:37.989 [pool-3-thread-1] INFO  com.rs.mv.mvvs.client.catalog.from.scan.CurrentPathScanner - [client:400205]scan file in current open file directory(C:/Users/Usuario/OneDrive/Ana Ruth Zam/Ruth Zambrano/Trabajo_en_clase)
2025-11-06 14:29:17.269 [pool-3-thread-1] INFO  com.rs.mv.mvvs.client.catalog.from.scan.CurrentPathScanner - [client:400205]scan file in current open file directory(C:/Users/Usuario/OneDrive/Ana Ruth Zam/Ruth Zambrano/Trabajo_en_clase)
2025-11-06 14:29:18.867 [pool-3-thread-1] INFO  com.rs.mv.mvvs.client.catalog.from.scan.CurrentPathScanner - [client:400205]scan file in current open file directory(C:/Users/Usuario/OneDrive/Ana Ruth Zam/Ruth Zambrano/Trabajo_en_clase)
2025-11-06 14:33:21.643 [pool-3-thread-1] INFO  com.rs.mv.mvvs.client.catalog.from.scan.CurrentPathScanner - [client:400205]scan file in current open file directory(C:/Users/Usuario/OneDrive/Ana Ruth Zam/Ruth Zambrano/# estilos.css)
2025-11-06 14:33:32.965 [pool-3-thread-1] INFO  com.rs.mv.mvvs.client.catalog.from.scan.CurrentPathScanner - [client:400205]scan file in current open file directory(C:/Users/Usuario/OneDrive/Ana Ruth Zam/Ruth Zambrano/Trabajo_en_clase)
2025-11-06 14:33:48.155 [pool-3-thread-1] INFO  com.rs.mv.mvvs.client.catalog.from.scan.CurrentPathScanner - [client:400205]scan file in current open file directory(C:/Users/Usuario/OneDrive/Ana Ruth Zam/Ruth Zambrano/pagina web.html)
2025-11-06 14:33:49.423 [pool-3-thread-1] INFO  com.rs.mv.mvvs.client.catalog.from.scan.CurrentPathScanner - [client:400205]scan file in current open file directory(C:/Users/Usuario/OneDrive/Ana Ruth Zam/Ruth Zambrano/Trabajo_en_clase)
2025-11-06 14:33:51.191 [pool-3-thread-1] INFO  com.rs.mv.mvvs.client.catalog.from.scan.CurrentPathScanner - [client:400205]scan file in current open file directory(C:/Users/Usuario/OneDrive/Ana Ruth Zam/Ruth Zambrano/Trabajo_en_clase)
2025-11-06 14:33:51.970 [pool-3-thread-1] INFO  com.rs.mv.mvvs.client.catalog.from.scan.CurrentPathScanner - [client:400205]scan file in current open file directory(C:/Users/Usuario/OneDrive/Ana Ruth Zam/Ruth Zambrano/pagina web.html)
2025-11-06 14:33:53.947 [pool-3-thread-1] INFO  com.rs.mv.mvvs.client.catalog.from.scan.CurrentPathScanner - [client:400205]scan file in current open file directory(C:/Users/Usuario/OneDrive/Ana Ruth Zam/Ruth Zambrano/Trabajo_en_clase)
2025-11-06 14:33:55.112 [pool-3-thread-1] INFO  com.rs.mv.mvvs.client.catalog.from.scan.CurrentPathScanner - [client:400205]scan file in current open file directory(C:/Users/Usuario/OneDrive/Ana Ruth Zam/Ruth Zambrano/Trabajo_en_clase)
2025-11-06 14:33:56.044 [pool-3-thread-1] INFO  com.rs.mv.mvvs.client.catalog.from.scan.CurrentPathScanner - [client:400205]scan file in current open file directory(C:/Users/Usuario/OneDrive/Ana Ruth Zam/Ruth Zambrano/Trabajo_en_clase)
2025-11-06 14:34:24.304 [pool-3-thread-1] INFO  com.rs.mv.mvvs.client.catalog.from.scan.CurrentPathScanner - [client:400205]scan file in current open file directory(C:/Users/Usuario/OneDrive/Ana Ruth Zam/Ruth Zambrano/Trabajo_en_clase)
2025-11-06 14:34:26.674 [pool-3-thread-1] INFO  com.rs.mv.mvvs.client.catalog.from.scan.CurrentPathScanner - [client:400205]scan file in current open file directory(C:/Users/Usuario/OneDrive/Ana Ruth Zam/Ruth Zambrano)
2025-11-06 14:34:29.020 [pool-3-thread-1] INFO  com.rs.mv.mvvs.client.catalog.from.scan.CurrentPathScanner - [client:400205]scan file in current open file directory(C:/Users/Usuario/OneDrive/Ana Ruth Zam/Ruth Zambrano)
2025-11-06 14:34:30.651 [pool-3-thread-1] INFO  com.rs.mv.mvvs.client.catalog.from.scan.CurrentPathScanner - [client:400205]scan file in current open file directory(C:/Users/Usuario/OneDrive/Ana Ruth Zam/Ruth Zambrano)
2025-11-06 14:34:33.240 [pool-3-thread-1] INFO  com.rs.mv.mvvs.client.catalog.from.scan.CurrentPathScanner - [client:400205]scan file in current open file directory(C:/Users/Usuario/OneDrive/Ana Ruth Zam/Ruth Zambrano)
2025-11-06 14:34:34.978 [pool-3-thread-1] INFO  com.rs.mv.mvvs.client.catalog.from.scan.CurrentPathScanner - [client:400205]scan file in current open file directory(C:/Users/Usuario/OneDrive/Ana Ruth Zam/Ruth Zambrano)
2025-11-06 14:34:36.818 [pool-3-thread-1] INFO  com.rs.mv.mvvs.client.catalog.from.scan.CurrentPathScanner - [client:400205]scan file in current open file directory(C:/Users/Usuario/OneDrive/Ana Ruth Zam/Ruth Zambrano)
2025-11-06 14:34:37.930 [pool-3-thread-1] INFO  com.rs.mv.mvvs.client.catalog.from.scan.CurrentPathScanner - [client:400205]scan file in current open file directory(C:/Users/Usuario/OneDrive/Ana Ruth Zam/Ruth Zambrano/Trabajo_en_clase)
2025-11-06 14:36:11.659 [pool-3-thread-1] INFO  com.rs.mv.mvvs.client.catalog.from.scan.CurrentPathScanner - [client:400205]scan file in current open file directory(C:/Users/Usuario/OneDrive/Ana Ruth Zam/Ruth Zambrano/Trabajo_en_clase)
2025-11-06 14:36:14.042 [pool-3-thread-1] INFO  com.rs.mv.mvvs.client.catalog.from.scan.CurrentPathScanner - [client:400205]scan file in current open file directory(C:/Users/Usuario/OneDrive/Ana Ruth Zam/Ruth Zambrano/Trabajo_en_clase)
2025-11-06 14:36:17.226 [pool-3-thread-1] INFO  com.rs.mv.mvvs.client.catalog.from.scan.CurrentPathScanner - [client:400205]scan file in current open file directory(C:/Users/Usuario/OneDrive/Ana Ruth Zam/Ruth Zambrano/Trabajo_en_clase)
2025-11-06 14:37:53.697 [pool-3-thread-1] INFO  com.rs.mv.mvvs.client.catalog.from.scan.CurrentPathScanner - [client:400205]scan file in current open file directory(C:/Users/Usuario/OneDrive/Ana Ruth Zam/Ruth Zambrano/Trabajo_en_clase)
2025-11-06 14:41:14.143 [pool-3-thread-1] INFO  com.rs.mv.mvvs.client.catalog.from.scan.CurrentPathScanner - [client:400205]scan file in current open file directory(C:/Users/Usuario/OneDrive/Ana Ruth Zam/Ruth Zambrano/Trabajo_en_clase)
2025-11-06 14:41:16.486 [pool-3-thread-1] INFO  com.rs.mv.mvvs.client.catalog.from.scan.CurrentPathScanner - [client:400205]scan file in current open file directory(C:/Users/Usuario/OneDrive/Ana Ruth Zam/Ruth Zambrano/Trabajo_en_clase)
2025-11-06 14:47:38.117 [pool-3-thread-1] INFO  com.rs.mv.mvvs.client.catalog.from.scan.CurrentPathScanner - [client:400205]scan file in current open file directory(C:/Users/Usuario/OneDrive/Ana Ruth Zam/Ruth Zambrano/Trabajo_en_clase)
2025-11-06 14:47:39.503 [pool-3-thread-1] INFO  com.rs.mv.mvvs.client.catalog.from.scan.CurrentPathScanner - [client:400205]scan file in current open file directory(C:/Users/Usuario/OneDrive/Ana Ruth Zam/Ruth Zambrano/Trabajo_en_clase)
2025-11-06 15:05:13.690 [pool-3-thread-1] INFO  com.rs.mv.mvvs.client.catalog.from.scan.CurrentPathScanner - [client:400205]scan file in current open file directory(C:/Users/Usuario/OneDrive/Ana Ruth Zam/Ruth Zambrano/Trabajo_en_clase)
2025-11-06 15:05:48.585 [pool-3-thread-1] INFO  com.rs.mv.mvvs.client.catalog.from.scan.CurrentPathScanner - [client:400205]scan file in current open file directory(C:/Users/Usuario/OneDrive/Ana Ruth Zam/Ruth Zambrano/.git)
2025-11-06 15:06:05.074 [pool-3-thread-1] INFO  com.rs.mv.mvvs.client.catalog.from.scan.CurrentPathScanner - [client:400205]scan file in current open file directory(C:/Users/Usuario/OneDrive/Ana Ruth Zam/Ruth Zambrano/Trabajo_en_clase)
2025-11-06 15:06:19.799 [pool-3-thread-1] INFO  com.rs.mv.mvvs.client.catalog.from.scan.CurrentPathScanner - [client:400205]scan file in current open file directory(C:/Users/Usuario/OneDrive/Ana Ruth Zam/Ruth Zambrano/.git)
2025-11-06 15:06:35.569 [pool-3-thread-1] INFO  com.rs.mv.mvvs.client.catalog.from.scan.CurrentPathScanner - [client:400205]scan file in current open file directory(C:/Users/Usuario/OneDrive/Ana Ruth Zam/Ruth Zambrano/Trabajo_en_clase)
2025-11-06 15:08:29.204 [pool-3-thread-1] INFO  com.rs.mv.mvvs.client.catalog.from.scan.CurrentPathScanner - [client:400205]scan file in current open file directory(C:/Users/Usuario/OneDrive/Ana Ruth Zam/Ruth Zambrano/.git)
2025-11-06 15:08:40.164 [pool-3-thread-1] INFO  com.rs.mv.mvvs.client.catalog.from.scan.CurrentPathScanner - [client:400205]scan file in current open file directory(C:/Users/Usuario/OneDrive/Ana Ruth Zam/Ruth Zambrano/Trabajo_en_clase)
2025-11-06 15:09:08.105 [pool-3-thread-1] INFO  com.rs.mv.mvvs.client.catalog.from.scan.CurrentPathScanner - [client:400205]scan file in current open file directory(C:/Users/Usuario/OneDrive/Ana Ruth Zam/Ruth Zambrano/Trabajo_en_clase)
2025-11-06 15:09:09.518 [pool-3-thread-1] INFO  com.rs.mv.mvvs.client.catalog.from.scan.CurrentPathScanner - [client:400205]scan file in current open file directory(C:/Users/Usuario/OneDrive/Ana Ruth Zam/Ruth Zambrano/Trabajo_en_clase)
2025-11-06 15:09:16.473 [pool-3-thread-1] INFO  com.rs.mv.mvvs.client.catalog.from.scan.CurrentPathScanner - [client:400205]scan file in current open file directory(C:/Users/Usuario/OneDrive/Ana Ruth Zam/Ruth Zambrano/Trabajo_en_clase)
2025-11-06 15:09:25.656 [pool-3-thread-1] INFO  com.rs.mv.mvvs.client.catalog.from.scan.CurrentPathScanner - [client:400205]scan file in current open file directory(C:/Users/Usuario/OneDrive/Ana Ruth Zam/Ruth Zambrano/Trabajo_en_clase)
2025-11-06 15:10:25.731 [pool-3-thread-1] INFO  com.rs.mv.mvvs.client.catalog.from.scan.CurrentPathScanner - [client:400205]scan file in current open file directory(C:/Users/Usuario/OneDrive/Ana Ruth Zam/Ruth Zambrano/Trabajo_en_clase)
2025-11-06 15:10:36.002 [pool-3-thread-1] INFO  com.rs.mv.mvvs.client.catalog.from.scan.CurrentPathScanner - [client:400205]scan file in current open file directory(C:/Users/Usuario/OneDrive/Ana Ruth Zam/Ruth Zambrano/Trabajo_en_clase)
2025-11-06 15:10:37.535 [pool-3-thread-1] INFO  com.rs.mv.mvvs.client.catalog.from.scan.CurrentPathScanner - [client:400205]scan file in current open file directory(C:/Users/Usuario/OneDrive/Ana Ruth Zam/Ruth Zambrano/Trabajo_en_clase)
2025-11-06 15:10:39.534 [pool-3-thread-1] INFO  com.rs.mv.mvvs.client.catalog.from.scan.CurrentPathScanner - [client:400205]scan file in current open file directory(C:/Users/Usuario/OneDrive/Ana Ruth Zam/Ruth Zambrano/Trabajo_en_clase)
2025-11-06 15:10:40.414 [pool-3-thread-1] INFO  com.rs.mv.mvvs.client.catalog.from.scan.CurrentPathScanner - [client:400205]scan file in current open file directory(C:/Users/Usuario/OneDrive/Ana Ruth Zam/Ruth Zambrano/Trabajo_en_clase)
2025-11-06 15:10:45.763 [pool-3-thread-1] INFO  com.rs.mv.mvvs.client.catalog.from.scan.CurrentPathScanner - [client:400205]scan file in current open file directory(C:/Users/Usuario/OneDrive/Ana Ruth Zam/Ruth Zambrano/Trabajo_en_clase)
2025-11-06 15:10:46.759 [pool-3-thread-1] INFO  com.rs.mv.mvvs.client.catalog.from.scan.CurrentPathScanner - [client:400205]scan file in current open file directory(C:/Users/Usuario/OneDrive/Ana Ruth Zam/Ruth Zambrano/Trabajo_en_clase)
2025-11-06 15:10:47.562 [pool-3-thread-1] INFO  com.rs.mv.mvvs.client.catalog.from.scan.CurrentPathScanner - [client:400205]scan file in current open file directory(C:/Users/Usuario/OneDrive/Ana Ruth Zam/Ruth Zambrano/Trabajo_en_clase)
2025-11-06 15:17:37.343 [pool-3-thread-1] INFO  com.rs.mv.mvvs.client.catalog.from.scan.CurrentPathScanner - [client:400205]scan file in current open file directory(C:/Users/Usuario/OneDrive/Ana Ruth Zam/Ruth Zambrano/Trabajo_en_clase/Formulario_estilizado.html)
2025-11-06 15:18:09.590 [pool-3-thread-1] INFO  com.rs.mv.mvvs.client.catalog.from.scan.CurrentPathScanner - [client:400205]scan file in current open file directory(C:/Users/Usuario/OneDrive/Ana Ruth Zam/Ruth Zambrano/Trabajo_en_clase/Formulario_estilizado.html)
2025-11-06 15:20:05.407 [pool-3-thread-1] INFO  com.rs.mv.mvvs.client.catalog.from.scan.CurrentPathScanner - [client:400205]scan file in current open file directory(C:/Users/Usuario/OneDrive/Ana Ruth Zam/Ruth Zambrano/Trabajo_en_clase/Formulario_estilizado.html)
2025-11-06 15:20:58.121 [pool-3-thread-1] INFO  com.rs.mv.mvvs.client.catalog.from.scan.CurrentPathScanner - [client:400205]scan file in current open file directory(C:/Users/Usuario/OneDrive/Ana Ruth Zam/Ruth Zambrano/Trabajo_en_clase)
2025-11-06 15:21:00.792 [pool-3-thread-1] INFO  com.rs.mv.mvvs.client.catalog.from.scan.CurrentPathScanner - [client:400205]scan file in current open file directory(C:/Users/Usuario/OneDrive/Ana Ruth Zam/Ruth Zambrano/Trabajo_en_clase/Formulario_estilizado.html)
2025-11-06 15:21:07.297 [pool-3-thread-1] INFO  com.rs.mv.mvvs.client.catalog.from.scan.CurrentPathScanner - [client:400205]scan file in current open file directory(C:/Users/Usuario/OneDrive/Ana Ruth Zam/Ruth Zambrano/Trabajo_en_clase)
2025-11-06 15:21:08.709 [pool-3-thread-1] INFO  com.rs.mv.mvvs.client.catalog.from.scan.CurrentPathScanner - [client:400205]scan file in current open file directory(C:/Users/Usuario/OneDrive/Ana Ruth Zam/Ruth Zambrano/Trabajo_en_clase/Formulario_estilizado.html)
2025-11-06 15:21:29.244 [pool-3-thread-1] INFO  com.rs.mv.mvvs.client.catalog.from.scan.CurrentPathScanner - [client:400205]scan file in current open file directory(C:/Users/Usuario/OneDrive/Ana Ruth Zam/Ruth Zambrano/Trabajo_en_clase)
2025-11-06 15:21:30.227 [pool-3-thread-1] INFO  com.rs.mv.mvvs.client.catalog.from.scan.CurrentPathScanner - [client:400205]scan file in current open file directory(C:/Users/Usuario/OneDrive/Ana Ruth Zam/Ruth Zambrano/Trabajo_en_clase/Formulario_estilizado.html)
2025-11-06 15:22:27.244 [pool-3-thread-1] INFO  com.rs.mv.mvvs.client.catalog.from.scan.CurrentPathScanner - [client:400205]scan file in current open file directory(C:/Users/Usuario/OneDrive/Ana Ruth Zam/Ruth Zambrano/Trabajo_en_clase/Formulario_estilizado.html)
2025-11-06 15:25:06.383 [pool-3-thread-1] INFO  com.rs.mv.mvvs.client.catalog.from.scan.CurrentPathScanner - [client:400205]scan file in current open file directory(C:/Users/Usuario/OneDrive/Ana Ruth Zam/Ruth Zambrano/Trabajo_en_clase/Formulario_estilizado.html)
2025-11-06 15:27:58.529 [pool-3-thread-1] INFO  com.rs.mv.mvvs.client.catalog.from.scan.CurrentPathScanner - [client:400205]scan file in current open file directory(C:/Users/Usuario/OneDrive/Ana Ruth Zam/Ruth Zambrano/Trabajo_en_clase/Formulario_estilizado.html)
2025-11-06 15:32:05.271 [pool-3-thread-1] INFO  com.rs.mv.mvvs.client.catalog.from.scan.CurrentPathScanner - [client:400205]scan file in current open file directory(C:/Users/Usuario/OneDrive/Ana Ruth Zam/Ruth Zambrano/Trabajo_en_clase/Formulario_estilizado.html)
2025-11-06 15:37:30.934 [main] WARN  com.rs.mv.mvvs.Startup - [LSP:100104]ROCKET MV BASIC EXTENSION exited
2025-11-06 15:37:47.341 [main] INFO  com.rs.mv.mvvs.Startup - [LSP:100101]ROCKET MV BASIC EXTENSION to start
2025-11-06 15:37:47.371 [main] INFO  com.rs.mv.mvvs.lsp.server.BasicLanguageServerLauncher - [LSP:100102]start pip server
2025-11-06 15:37:47.466 [main] INFO  com.rs.mv.mvvs.lsp.server.BasicLanguageServerLauncher - [LSP:100103]ROCKET MV BASIC EXTENSION start successful
2025-11-06 15:37:47.551 [pool-3-thread-1] INFO  com.rs.mv.mvvs.instance.workspace.WorkspaceManager - [workspace:200101]load all workspace folders start
2025-11-06 15:37:47.551 [pool-3-thread-1] INFO  com.rs.mv.mvvs.instance.workspace.WorkspaceManager - [workspace:20010201]root uri: file:///c%3A/Users/Usuario/OneDrive/Ana%20Ruth%20Zam/Ruth%20Zambrano
2025-11-06 15:37:47.551 [pool-3-thread-1] INFO  com.rs.mv.mvvs.instance.workspace.handler.FolderHandler - [workspace:200103]workspace contains workspace folder: file:///c%3A/Users/Usuario/OneDrive/Ana%20Ruth%20Zam/Ruth%20Zambrano
2025-11-06 15:37:47.588 [pool-3-thread-1] INFO  com.rs.mv.mvvs.instance.workspace.handler.FolderHandler - [workspace:200104]workspace folder will be cached: file:///c%3A/Users/Usuario/OneDrive/Ana%20Ruth%20Zam/Ruth%20Zambrano
2025-11-06 15:37:47.602 [pool-3-thread-1] INFO  com.rs.mv.mvvs.rmv.config.Config - [framework:30010101]config load start
2025-11-06 15:37:47.604 [pool-3-thread-1] INFO  com.rs.mv.mvvs.rmv.config.Config - [framework:30010102]project config path is : C:/Users/Usuario/OneDrive/Ana Ruth Zam/Ruth Zambrano/.rmv/config
2025-11-06 15:37:47.605 [pool-3-thread-1] INFO  com.rs.mv.mvvs.rmv.config.Config - [framework:30010103]resource config path is : /
2025-11-06 15:37:47.607 [pool-3-thread-1] INFO  com.rs.mv.mvvs.rmv.config.Config - [framework:30010104]user config path is : C:/Users/Usuario
2025-11-06 15:37:47.634 [pool-3-thread-1] INFO  com.rs.mv.mvvs.rmv.config.Config - [framework:30010105]config load end
2025-11-06 15:37:47.644 [pool-3-thread-1] INFO  com.rs.mv.mvvs.rmv.documentation.BasicDocumentation - [framework:30020101]documentation load start
2025-11-06 15:37:47.650 [pool-3-thread-1] INFO  com.rs.mv.mvvs.rmv.documentation.reader.SystemDocReader - [framework:30020102]system documentation path: /documentation/UNIVERSE/
2025-11-06 15:37:47.653 [pool-3-thread-1] INFO  com.rs.mv.mvvs.rmv.documentation.reader.ProjectDocReader - [framework:30020103]project documentation brief file: C:\Users\Usuario\OneDrive\Ana Ruth Zam\Ruth Zambrano\.rmv\documentation\UNIVERSE\custom.json
2025-11-06 15:37:47.653 [pool-3-thread-1] INFO  com.rs.mv.mvvs.rmv.documentation.reader.UserDocReader - [framework:30020104]user documentation brief file: C:\Users\Usuario\documentation\UNIVERSE\custom.json
2025-11-06 15:37:47.779 [pool-3-thread-1] INFO  com.rs.mv.mvvs.rmv.documentation.BasicDocumentation - [framework:30020105]documentation load end
2025-11-06 15:37:47.794 [pool-3-thread-1] INFO  com.rs.mv.mvvs.common.convertor.ConvertorManager - [framework:30030101]convertors for folder(C:/Users/Usuario/OneDrive/Ana Ruth Zam/Ruth Zambrano) load start
2025-11-06 15:37:47.803 [pool-3-thread-1] INFO  com.rs.mv.mvvs.common.convertor.ConvertorManager - [framework:30030102]comment convertor load finish
2025-11-06 15:37:47.963 [pool-3-thread-1] INFO  com.rs.mv.mvvs.common.convertor.ConvertorManager - [framework:30030103]keyword convertor load finish
2025-11-06 15:37:47.963 [pool-3-thread-1] INFO  com.rs.mv.mvvs.common.convertor.ConvertorManager - [framework:30030104]operator convertor load finish
2025-11-06 15:37:47.963 [pool-3-thread-1] INFO  com.rs.mv.mvvs.common.convertor.ConvertorManager - [framework:30030105]function name convertor load finish
2025-11-06 15:37:47.979 [pool-3-thread-1] INFO  com.rs.mv.mvvs.common.convertor.ConvertorManager - [framework:30030106]atVariable convertor load finish
2025-11-06 15:37:47.979 [pool-3-thread-1] INFO  com.rs.mv.mvvs.common.convertor.ConvertorManager - [framework:30030107]convertors for folder(C:/Users/Usuario/OneDrive/Ana Ruth Zam/Ruth Zambrano) load end
2025-11-06 15:37:47.982 [pool-3-thread-1] INFO  com.rs.mv.mvvs.rmv.config.CapabilityConfig - [framework:30010301]capabilities file(C:/Users/Usuario/OneDrive/Ana Ruth Zam/Ruth Zambrano/config/capability) doesn't exist or read error, default config will take effect
2025-11-06 15:37:47.982 [pool-3-thread-1] INFO  com.rs.mv.mvvs.instance.workspace.WorkspaceManager - [workspace:200105]load all workspace folders successful
2025-11-06 15:37:47.982 [pool-3-thread-1] INFO  com.rs.mv.mvvs.client.account.AccountManager - [client:40010101]load account manager start
2025-11-06 15:37:48.008 [pool-3-thread-1] INFO  com.rs.mv.mvvs.client.account.handler.CacheAccountHandler - [client:40010102]load cache account: 
2025-11-06 15:37:48.027 [pool-3-thread-1] INFO  com.rs.mv.mvvs.client.account.handler.ExternalAccountHandler - [client:40010103]load external account: 
2025-11-06 15:37:48.139 [pool-3-thread-1] INFO  com.rs.mv.mvvs.client.catalog.manager.U2CatalogManager - [client:400203]cache file auto update thread launch in Ruth Zambrano account
2025-11-06 15:37:48.171 [pool-3-thread-1] INFO  com.rs.mv.mvvs.client.catalog.from.config.DirsConfigReader - [client:400206]parse dir config information
2025-11-06 15:37:48.171 [pool-3-thread-1] INFO  com.rs.mv.mvvs.client.catalog.from.config.MappingConfigReader - [client:400207]parse mapping config information
2025-11-06 15:37:48.171 [pool-3-thread-1] INFO  com.rs.mv.mvvs.client.catalog.manager.U2CatalogManager - [client:400202]start a schedule task to get global/local catalog for Ruth Zambrano, its period 5s 
2025-11-06 15:37:48.189 [pool-3-thread-1] INFO  com.rs.mv.mvvs.client.catalog.manager.U2CatalogManager - [client:400203]cache file auto update thread launch in .git account
2025-11-06 15:37:48.191 [pool-3-thread-1] INFO  com.rs.mv.mvvs.client.catalog.from.config.DirsConfigReader - [client:400206]parse dir config information
2025-11-06 15:37:48.193 [pool-3-thread-1] INFO  com.rs.mv.mvvs.client.catalog.from.config.MappingConfigReader - [client:400207]parse mapping config information
2025-11-06 15:37:48.195 [pool-3-thread-1] INFO  com.rs.mv.mvvs.client.catalog.manager.U2CatalogManager - [client:400202]start a schedule task to get global/local catalog for .git, its period 5s 
2025-11-06 15:37:48.196 [pool-3-thread-1] INFO  com.rs.mv.mvvs.client.catalog.manager.U2CatalogManager - [client:400203]cache file auto update thread launch in logs account
2025-11-06 15:37:48.200 [pool-3-thread-1] INFO  com.rs.mv.mvvs.client.catalog.from.config.DirsConfigReader - [client:400206]parse dir config information
2025-11-06 15:37:48.203 [pool-3-thread-1] INFO  com.rs.mv.mvvs.client.catalog.from.config.MappingConfigReader - [client:400207]parse mapping config information
2025-11-06 15:37:48.205 [pool-3-thread-1] INFO  com.rs.mv.mvvs.client.catalog.manager.U2CatalogManager - [client:400202]start a schedule task to get global/local catalog for logs, its period 5s 
2025-11-06 15:37:48.207 [pool-3-thread-1] INFO  com.rs.mv.mvvs.client.catalog.manager.U2CatalogManager - [client:400203]cache file auto update thread launch in refs account
2025-11-06 15:37:48.209 [pool-3-thread-1] INFO  com.rs.mv.mvvs.client.catalog.from.config.DirsConfigReader - [client:400206]parse dir config information
2025-11-06 15:37:48.210 [pool-3-thread-1] INFO  com.rs.mv.mvvs.client.catalog.from.config.MappingConfigReader - [client:400207]parse mapping config information
2025-11-06 15:37:48.213 [pool-3-thread-1] INFO  com.rs.mv.mvvs.client.catalog.manager.U2CatalogManager - [client:400202]start a schedule task to get global/local catalog for refs, its period 5s 
2025-11-06 15:37:48.213 [pool-3-thread-1] INFO  com.rs.mv.mvvs.client.catalog.manager.U2CatalogManager - [client:400203]cache file auto update thread launch in remotes account
2025-11-06 15:37:48.213 [pool-3-thread-1] INFO  com.rs.mv.mvvs.client.catalog.from.config.DirsConfigReader - [client:400206]parse dir config information
2025-11-06 15:37:48.213 [pool-3-thread-1] INFO  com.rs.mv.mvvs.client.catalog.from.config.MappingConfigReader - [client:400207]parse mapping config information
2025-11-06 15:37:48.221 [pool-3-thread-1] INFO  com.rs.mv.mvvs.client.catalog.manager.U2CatalogManager - [client:400202]start a schedule task to get global/local catalog for remotes, its period 5s 
2025-11-06 15:37:48.221 [pool-3-thread-1] INFO  com.rs.mv.mvvs.client.catalog.manager.U2CatalogManager - [client:400203]cache file auto update thread launch in objects account
2025-11-06 15:37:48.221 [pool-3-thread-1] INFO  com.rs.mv.mvvs.client.catalog.from.config.DirsConfigReader - [client:400206]parse dir config information
2025-11-06 15:37:48.221 [pool-3-thread-1] INFO  com.rs.mv.mvvs.client.catalog.from.config.MappingConfigReader - [client:400207]parse mapping config information
2025-11-06 15:37:48.221 [pool-3-thread-1] INFO  com.rs.mv.mvvs.client.catalog.manager.U2CatalogManager - [client:400202]start a schedule task to get global/local catalog for objects, its period 5s 
2025-11-06 15:37:48.221 [pool-3-thread-1] INFO  com.rs.mv.mvvs.client.catalog.manager.U2CatalogManager - [client:400203]cache file auto update thread launch in refs account
2025-11-06 15:37:48.221 [pool-3-thread-1] INFO  com.rs.mv.mvvs.client.catalog.from.config.DirsConfigReader - [client:400206]parse dir config information
2025-11-06 15:37:48.221 [pool-3-thread-1] INFO  com.rs.mv.mvvs.client.catalog.from.config.MappingConfigReader - [client:400207]parse mapping config information
2025-11-06 15:37:48.240 [pool-3-thread-1] INFO  com.rs.mv.mvvs.client.catalog.manager.U2CatalogManager - [client:400202]start a schedule task to get global/local catalog for refs, its period 5s 
2025-11-06 15:37:48.242 [pool-3-thread-1] INFO  com.rs.mv.mvvs.client.catalog.manager.U2CatalogManager - [client:400203]cache file auto update thread launch in remotes account
2025-11-06 15:37:48.247 [pool-3-thread-1] INFO  com.rs.mv.mvvs.client.catalog.from.config.DirsConfigReader - [client:400206]parse dir config information
2025-11-06 15:37:48.247 [pool-3-thread-1] INFO  com.rs.mv.mvvs.client.catalog.from.config.MappingConfigReader - [client:400207]parse mapping config information
2025-11-06 15:37:48.254 [pool-3-thread-1] INFO  com.rs.mv.mvvs.client.catalog.manager.U2CatalogManager - [client:400202]start a schedule task to get global/local catalog for remotes, its period 5s 
2025-11-06 15:37:48.256 [pool-3-thread-1] INFO  com.rs.mv.mvvs.client.catalog.manager.U2CatalogManager - [client:400203]cache file auto update thread launch in Trabajo_en_clase account
2025-11-06 15:37:48.256 [pool-3-thread-1] INFO  com.rs.mv.mvvs.client.catalog.from.config.DirsConfigReader - [client:400206]parse dir config information
2025-11-06 15:37:48.260 [pool-3-thread-1] INFO  com.rs.mv.mvvs.client.catalog.from.config.MappingConfigReader - [client:400207]parse mapping config information
2025-11-06 15:37:48.260 [pool-3-thread-1] INFO  com.rs.mv.mvvs.client.catalog.manager.U2CatalogManager - [client:400202]start a schedule task to get global/local catalog for Trabajo_en_clase, its period 5s 
2025-11-06 15:37:48.276 [pool-3-thread-1] INFO  com.rs.mv.mvvs.client.account.handler.ServerAccountHandler - [client:40010104]load server account: Account{name=Ruth Zambrano, path=C:/Users/Usuario/OneDrive/Ana Ruth Zam/Ruth Zambrano, type=PREDICT}
Account{name=Trabajo_en_clase, path=C:/Users/Usuario/OneDrive/Ana Ruth Zam/Ruth Zambrano/Trabajo_en_clase, type=PREDICT}
Account{name=remotes, path=C:/Users/Usuario/OneDrive/Ana Ruth Zam/Ruth Zambrano/.git/logs/refs/remotes, type=PREDICT}
Account{name=refs, path=C:/Users/Usuario/OneDrive/Ana Ruth Zam/Ruth Zambrano/.git/refs, type=PREDICT}
Account{name=.git, path=C:/Users/Usuario/OneDrive/Ana Ruth Zam/Ruth Zambrano/.git, type=PREDICT}
Account{name=remotes, path=C:/Users/Usuario/OneDrive/Ana Ruth Zam/Ruth Zambrano/.git/refs/remotes, type=PREDICT}
Account{name=logs, path=C:/Users/Usuario/OneDrive/Ana Ruth Zam/Ruth Zambrano/.git/logs, type=PREDICT}
Account{name=refs, path=C:/Users/Usuario/OneDrive/Ana Ruth Zam/Ruth Zambrano/.git/logs/refs, type=PREDICT}
Account{name=objects, path=C:/Users/Usuario/OneDrive/Ana Ruth Zam/Ruth Zambrano/.git/objects, type=PREDICT}
2025-11-06 15:37:48.276 [pool-3-thread-1] INFO  com.rs.mv.mvvs.client.account.AccountManager - [client:40010105]load account manager finish
2025-11-06 15:37:48.281 [pool-3-thread-1] INFO  com.rs.mv.mvvs.instance.userspace.UserspaceManager - [framework:30010402]config file(C:\Users\Usuario/.rmv/config) watcher launch successful
2025-11-06 15:38:05.394 [pool-3-thread-1] INFO  com.rs.mv.mvvs.client.catalog.from.scan.CurrentPathScanner - [client:400205]scan file in current open file directory(C:/Users/Usuario/OneDrive/Ana Ruth Zam/Ruth Zambrano/Trabajo_en_clase/Formulario_estilizado.html)
2025-11-06 15:38:36.880 [pool-3-thread-1] INFO  com.rs.mv.mvvs.client.catalog.from.scan.CurrentPathScanner - [client:400205]scan file in current open file directory(C:/Users/Usuario/OneDrive/Ana Ruth Zam/Ruth Zambrano/.git)
2025-11-06 15:38:51.289 [pool-3-thread-1] INFO  com.rs.mv.mvvs.client.catalog.from.scan.CurrentPathScanner - [client:400205]scan file in current open file directory(C:/Users/Usuario/OneDrive/Ana Ruth Zam/Ruth Zambrano/Trabajo_en_clase/Formulario_estilizado.html)
